2016-07-21 22:19:52,231 - INFO - Beginning execution of phydms in directory /home/jbloom/SUMO_and_UBE2I_ExpCM

2016-07-21 22:19:52,231 - INFO - Progress is being logged to ./phydms_results//SUMO1_identity-ge-0.85_ExpCM_SUMO1_no-cons_penalize-scores-gt1_prefs.log

2016-07-21 22:19:52,231 - INFO - Version information:
	Time and date: Thu Jul 21 22:19:52 2016
	Platform: Linux-3.19.0-56-generic-x86_64-with-Ubuntu-14.04-trusty
	Python version: 2.7.6 (default, Jun 22 2015, 17:58:13)  [GCC 4.8.2]
	phydms version: 1.2.dev4
	Bio version: 1.67
	cython version: 0.24.1
	dms_tools version: 1.1.16
	scipy version: 0.17.1
	matplotlib version: 1.5.1

2016-07-21 22:19:52,231 - INFO - Parsed the following command-line arguments:
	randprefs = False
	tree = ./phydms_results//SUMO1_identity-ge-0.85_YNGKP_M0_tree.newick
	ncpus = 1
	avgprefs = False
	seed = 1
	ncats = 6
	outprefix = ./phydms_results//SUMO1_identity-ge-0.85_ExpCM_SUMO1_no-cons_penalize-scores-gt1_prefs
	alignment = ./alignments/SUMO1_alignment_protidentity_ge_0.85.fasta
	stringencybysite = False
	recursion = S
	no_optimize = False
	fitF3X4 = False
	gammarates = False
	debugsite = None
	useLog = False
	diffprefsprior = invquad
	diffprefsbysite = False
	diffprefconc = [150, 0.5]
	infertopology = False
	omegabysite_fixsyn = False
	addrateparameter = False
	omegabysite = False
	fixbrlen = False
	dateseqs = None
	model = ('ExpCM', './prefs//SUMO1_no-cons_penalize-scores-gt1_prefs.txt')
	minbrlen = 1e-06

2016-07-21 22:19:52,231 - INFO - Seeding random number generator with 1

2016-07-21 22:19:52,231 - INFO - Reading alignment from ./alignments/SUMO1_alignment_protidentity_ge_0.85.fasta
2016-07-21 22:19:52,269 - INFO - Read 23 aligned codon sequences from ./alignments/SUMO1_alignment_protidentity_ge_0.85.fasta. Each sequence consists of 101 codons.

2016-07-21 22:19:52,269 - INFO - There will be a single constant substitution rates.

2016-07-21 22:19:52,269 - INFO - The codon substitution model will be experimentally informed by the site-specific amino-acid preferences in ./prefs//SUMO1_no-cons_penalize-scores-gt1_prefs.txt
2016-07-21 22:19:52,271 - INFO - Successfully read site-specific amino-acid preferences for all 101 sites.

2016-07-21 22:19:52,271 - INFO - Reading tree from ./phydms_results//SUMO1_identity-ge-0.85_YNGKP_M0_tree.newick
2016-07-21 22:19:52,273 - INFO - This tree has 23 tips nodes, matching the sequences in alignment.
2016-07-21 22:19:52,274 - INFO - Adjusting all branch lengths to >= 1e-06.

2016-07-21 22:19:52,274 - INFO - Creating Bio++ object to optimize likelihood...
2016-07-21 22:20:00,334 - INFO - Created Bio++ object to optimize likelihood for the 101 codon sites of the 23 sequences.

2016-07-21 22:20:00,335 - INFO - The initial log likelihood is -2072.14; now optimizing by maximum likelihood...
2016-07-22 10:09:29,097 - INFO - Completed optimizing by maximum likelihood.
2016-07-22 10:09:35,185 - INFO - Here is the optimized log likelihood (also being written to ./phydms_results//SUMO1_identity-ge-0.85_ExpCM_SUMO1_no-cons_penalize-scores-gt1_prefs_loglikelihood.txt): -1816.55.
2016-07-22 10:09:35,188 - INFO - Here are the optimized model parameters (also being written to ./phydms_results//SUMO1_identity-ge-0.85_ExpCM_SUMO1_no-cons_penalize-scores-gt1_prefs_modelparams.txt):
	123_Full.theta = 0.449179
	123_Full.theta1 = 0.595550
	123_Full.theta2 = 0.537326
	123_K80.kappa = 1.865740
	omega = 0.153032
	stringencyparameter = 3.143946
2016-07-22 10:09:35,192 - INFO - Here is the optimized tree (also being written to ./phydms_results//SUMO1_identity-ge-0.85_ExpCM_SUMO1_no-cons_penalize-scores-gt1_prefs_tree.newick):
((((ENSTTRP00000000603_Ttru/1-426:0.0606559,(((ENSP00000376077_Hsap/1-303:1e-06,(ENSMMUP00000006935_Mmul/1-303:1e-06,ENSLAFP00000017131_Lafr/1-303:0.170277):0.0819967):0.0189172,ENSCPOP00000010916_Cpor/1-291:0.157117):1e-06,(((ENSPSIP00000012821_Psin/1-303:0.17865,(ENSGALP00000013729_Ggal/1-303:0.0296241,ENSTGUP00000010464_Tgut/1-291:0.0335393):0.0496314):0.134542,ENSMODP00000020374_Mdom/1-303:0.173587):0.055833,(ENSACAP00000005060_Acar/1-303:0.394387,(ENSXETP00000047766_Xtro/1-306:0.619084,(ENSLOCP00000012534_Locu/1-303:0.35302,ENSXMAP00000006321_Xmac/1-303:0.611795):0.5556):0.240628):0.0511589):0.0701149):0.0427435):0.0222593,(((ENSOCUP00000020130_Ocun/1-303:0.0373025,(ENSOCUP00000017947_Ocun/1-303:0.00741194,ENSOGAP00000021888_Ogar/1-303:0.183976):0.182838):0.00783199,ENSSSCP00000004901_Sscr/1-303:0.0944699):0.0370473,ENSMLUP00000019276_Mluc/1-303:0.0346848):1e-06):0.00992554,((ENSFCAP00000016832_Fcat/1-303:0.0334773,ENSMPUP00000000331_Mpfu/1-384:0.103774):0.0292896,ENSOARP00000018840_Oari/1-303:0.0716451):0.0361052):0.0185742,ENSEEUP00000011981_Eeur/1-303:0.0954411,ENSSARP00000007412_Sara/1-291:0.126405);


2016-07-22 10:09:35,248 - INFO - Using 1 CPUs for the remaining computations.

2016-07-22 10:09:35,248 - INFO - Successful completion of phydms
