2016-07-21 22:19:55,792 - INFO - Beginning execution of phydms in directory /home/jbloom/SUMO_and_UBE2I_ExpCM

2016-07-21 22:19:55,792 - INFO - Progress is being logged to ./phydms_results//SUMO1_identity-ge-0.85_ExpCM_SUMO1_no-cons_untransformed_prefs.log

2016-07-21 22:19:55,792 - INFO - Version information:
	Time and date: Thu Jul 21 22:19:55 2016
	Platform: Linux-3.19.0-56-generic-x86_64-with-Ubuntu-14.04-trusty
	Python version: 2.7.6 (default, Jun 22 2015, 17:58:13)  [GCC 4.8.2]
	phydms version: 1.2.dev4
	Bio version: 1.67
	cython version: 0.24.1
	dms_tools version: 1.1.16
	scipy version: 0.17.1
	matplotlib version: 1.5.1

2016-07-21 22:19:55,792 - INFO - Parsed the following command-line arguments:
	randprefs = False
	tree = ./phydms_results//SUMO1_identity-ge-0.85_YNGKP_M0_tree.newick
	ncpus = 1
	avgprefs = False
	seed = 1
	ncats = 6
	outprefix = ./phydms_results//SUMO1_identity-ge-0.85_ExpCM_SUMO1_no-cons_untransformed_prefs
	alignment = ./alignments/SUMO1_alignment_protidentity_ge_0.85.fasta
	stringencybysite = False
	recursion = S
	no_optimize = False
	fitF3X4 = False
	gammarates = False
	debugsite = None
	useLog = False
	diffprefsprior = invquad
	diffprefsbysite = False
	diffprefconc = [150, 0.5]
	infertopology = False
	omegabysite_fixsyn = False
	addrateparameter = False
	omegabysite = False
	fixbrlen = False
	dateseqs = None
	model = ('ExpCM', './prefs//SUMO1_no-cons_untransformed_prefs.txt')
	minbrlen = 1e-06

2016-07-21 22:19:55,792 - INFO - Seeding random number generator with 1

2016-07-21 22:19:55,792 - INFO - Reading alignment from ./alignments/SUMO1_alignment_protidentity_ge_0.85.fasta
2016-07-21 22:19:55,823 - INFO - Read 23 aligned codon sequences from ./alignments/SUMO1_alignment_protidentity_ge_0.85.fasta. Each sequence consists of 101 codons.

2016-07-21 22:19:55,823 - INFO - There will be a single constant substitution rates.

2016-07-21 22:19:55,824 - INFO - The codon substitution model will be experimentally informed by the site-specific amino-acid preferences in ./prefs//SUMO1_no-cons_untransformed_prefs.txt
2016-07-21 22:19:55,825 - INFO - Successfully read site-specific amino-acid preferences for all 101 sites.

2016-07-21 22:19:55,825 - INFO - Reading tree from ./phydms_results//SUMO1_identity-ge-0.85_YNGKP_M0_tree.newick
2016-07-21 22:19:55,827 - INFO - This tree has 23 tips nodes, matching the sequences in alignment.
2016-07-21 22:19:55,828 - INFO - Adjusting all branch lengths to >= 1e-06.

2016-07-21 22:19:55,829 - INFO - Creating Bio++ object to optimize likelihood...
2016-07-21 22:20:03,603 - INFO - Created Bio++ object to optimize likelihood for the 101 codon sites of the 23 sequences.

2016-07-21 22:20:03,604 - INFO - The initial log likelihood is -2086.8; now optimizing by maximum likelihood...
2016-07-22 02:19:06,643 - INFO - Completed optimizing by maximum likelihood.
2016-07-22 02:19:12,721 - INFO - Here is the optimized log likelihood (also being written to ./phydms_results//SUMO1_identity-ge-0.85_ExpCM_SUMO1_no-cons_untransformed_prefs_loglikelihood.txt): -1842.56.
2016-07-22 02:19:12,724 - INFO - Here are the optimized model parameters (also being written to ./phydms_results//SUMO1_identity-ge-0.85_ExpCM_SUMO1_no-cons_untransformed_prefs_modelparams.txt):
	123_Full.theta = 0.453026
	123_Full.theta1 = 0.594720
	123_Full.theta2 = 0.542441
	123_K80.kappa = 1.876349
	omega = 0.123767
	stringencyparameter = 1.981034
2016-07-22 02:19:12,728 - INFO - Here is the optimized tree (also being written to ./phydms_results//SUMO1_identity-ge-0.85_ExpCM_SUMO1_no-cons_untransformed_prefs_tree.newick):
((((ENSTTRP00000000603_Ttru/1-426:0.0588584,(((ENSP00000376077_Hsap/1-303:1e-06,(ENSMMUP00000006935_Mmul/1-303:1e-06,ENSLAFP00000017131_Lafr/1-303:0.166015):0.0797679):0.0187947,ENSCPOP00000010916_Cpor/1-291:0.151652):1e-06,(((ENSPSIP00000012821_Psin/1-303:0.174221,(ENSGALP00000013729_Ggal/1-303:0.0291831,ENSTGUP00000010464_Tgut/1-291:0.0322673):0.0478287):0.130771,ENSMODP00000020374_Mdom/1-303:0.167198):0.0538414,(ENSACAP00000005060_Acar/1-303:0.382241,(ENSXETP00000047766_Xtro/1-306:0.594977,(ENSLOCP00000012534_Locu/1-303:0.345108,ENSXMAP00000006321_Xmac/1-303:0.594218):0.529373):0.225952):0.0497541):0.0674646):0.041086):0.0215311,(((ENSOCUP00000020130_Ocun/1-303:0.0369376,(ENSOCUP00000017947_Ocun/1-303:0.00819408,ENSOGAP00000021888_Ogar/1-303:0.18194):0.176369):0.00738456,ENSSSCP00000004901_Sscr/1-303:0.0918366):0.035842,ENSMLUP00000019276_Mluc/1-303:0.0336805):1e-06):0.00961018,((ENSFCAP00000016832_Fcat/1-303:0.0324328,ENSMPUP00000000331_Mpfu/1-384:0.101082):0.028926,ENSOARP00000018840_Oari/1-303:0.0698813):0.0349489):0.0192681,ENSEEUP00000011981_Eeur/1-303:0.09139,ENSSARP00000007412_Sara/1-291:0.121278);


2016-07-22 02:19:12,779 - INFO - Using 1 CPUs for the remaining computations.

2016-07-22 02:19:12,779 - INFO - Successful completion of phydms
