2016-07-21 22:19:59,247 - INFO - Beginning execution of phydms in directory /home/jbloom/SUMO_and_UBE2I_ExpCM

2016-07-21 22:19:59,247 - INFO - Progress is being logged to ./phydms_results//SUMO1_identity-ge-0.85_randomized_ExpCM_SUMO1_with-cons_untransformed_prefs.log

2016-07-21 22:19:59,247 - INFO - Version information:
	Time and date: Thu Jul 21 22:19:59 2016
	Platform: Linux-3.19.0-56-generic-x86_64-with-Ubuntu-14.04-trusty
	Python version: 2.7.6 (default, Jun 22 2015, 17:58:13)  [GCC 4.8.2]
	phydms version: 1.2.dev4
	Bio version: 1.67
	cython version: 0.24.1
	dms_tools version: 1.1.16
	scipy version: 0.17.1
	matplotlib version: 1.5.1

2016-07-21 22:19:59,247 - INFO - Parsed the following command-line arguments:
	randprefs = True
	tree = ./phydms_results//SUMO1_identity-ge-0.85_YNGKP_M0_tree.newick
	ncpus = 1
	avgprefs = False
	seed = 1
	ncats = 6
	outprefix = ./phydms_results//SUMO1_identity-ge-0.85_randomized_ExpCM_SUMO1_with-cons_untransformed_prefs
	alignment = ./alignments/SUMO1_alignment_protidentity_ge_0.85.fasta
	stringencybysite = False
	recursion = S
	no_optimize = False
	fitF3X4 = False
	gammarates = False
	debugsite = None
	useLog = False
	diffprefsprior = invquad
	diffprefsbysite = False
	diffprefconc = [150, 0.5]
	infertopology = False
	omegabysite_fixsyn = False
	addrateparameter = False
	omegabysite = False
	fixbrlen = False
	dateseqs = None
	model = ('ExpCM', './prefs//SUMO1_with-cons_untransformed_prefs.txt')
	minbrlen = 1e-06

2016-07-21 22:19:59,248 - INFO - Seeding random number generator with 1

2016-07-21 22:19:59,248 - INFO - Reading alignment from ./alignments/SUMO1_alignment_protidentity_ge_0.85.fasta
2016-07-21 22:19:59,317 - INFO - Read 23 aligned codon sequences from ./alignments/SUMO1_alignment_protidentity_ge_0.85.fasta. Each sequence consists of 101 codons.

2016-07-21 22:19:59,318 - INFO - There will be a single constant substitution rates.

2016-07-21 22:19:59,318 - INFO - The codon substitution model will be experimentally informed by the site-specific amino-acid preferences in ./prefs//SUMO1_with-cons_untransformed_prefs.txt
2016-07-21 22:19:59,320 - INFO - Successfully read site-specific amino-acid preferences for all 101 sites.

2016-07-21 22:19:59,320 - INFO - Now randomizing these amino-acid preferences among sites.

2016-07-21 22:19:59,320 - INFO - Reading tree from ./phydms_results//SUMO1_identity-ge-0.85_YNGKP_M0_tree.newick
2016-07-21 22:19:59,323 - INFO - This tree has 23 tips nodes, matching the sequences in alignment.
2016-07-21 22:19:59,325 - INFO - Adjusting all branch lengths to >= 1e-06.

2016-07-21 22:19:59,326 - INFO - Creating Bio++ object to optimize likelihood...
2016-07-21 22:20:08,004 - INFO - Created Bio++ object to optimize likelihood for the 101 codon sites of the 23 sequences.

2016-07-21 22:20:08,006 - INFO - The initial log likelihood is -2433.03; now optimizing by maximum likelihood...
2016-07-22 00:36:26,328 - INFO - Completed optimizing by maximum likelihood.
2016-07-22 00:36:32,842 - INFO - Here is the optimized log likelihood (also being written to ./phydms_results//SUMO1_identity-ge-0.85_randomized_ExpCM_SUMO1_with-cons_untransformed_prefs_loglikelihood.txt): -2000.7.
2016-07-22 00:36:32,844 - INFO - Here are the optimized model parameters (also being written to ./phydms_results//SUMO1_identity-ge-0.85_randomized_ExpCM_SUMO1_with-cons_untransformed_prefs_modelparams.txt):
	123_Full.theta = 0.458558
	123_Full.theta1 = 0.577594
	123_Full.theta2 = 0.551348
	123_K80.kappa = 2.019626
	omega = 0.067415
	stringencyparameter = 1.000043
2016-07-22 00:36:32,847 - INFO - Here is the optimized tree (also being written to ./phydms_results//SUMO1_identity-ge-0.85_randomized_ExpCM_SUMO1_with-cons_untransformed_prefs_tree.newick):
((((ENSTTRP00000000603_Ttru/1-426:0.0535017,(((ENSP00000376077_Hsap/1-303:1e-06,(ENSMMUP00000006935_Mmul/1-303:1e-06,ENSLAFP00000017131_Lafr/1-303:0.152898):0.0729456):0.0181799,ENSCPOP00000010916_Cpor/1-291:0.138088):1e-06,(((ENSPSIP00000012821_Psin/1-303:0.159501,(ENSGALP00000013729_Ggal/1-303:0.0271656,ENSTGUP00000010464_Tgut/1-291:0.0289916):0.0420938):0.119058,ENSMODP00000020374_Mdom/1-303:0.151535):0.0477687,(ENSACAP00000005060_Acar/1-303:0.340999,(ENSXETP00000047766_Xtro/1-306:0.524138,(ENSLOCP00000012534_Locu/1-303:0.32601,ENSXMAP00000006321_Xmac/1-303:0.543478):0.457007):0.202321):0.0500197):0.0631576):0.0362634):0.0193132,(((ENSOCUP00000020130_Ocun/1-303:0.0340366,(ENSOCUP00000017947_Ocun/1-303:0.0102135,ENSOGAP00000021888_Ogar/1-303:0.167555):0.157748):0.00665291,ENSSSCP00000004901_Sscr/1-303:0.0834227):0.0323283,ENSMLUP00000019276_Mluc/1-303:0.0305616):1e-06):0.00898376,((ENSFCAP00000016832_Fcat/1-303:0.0280298,ENSMPUP00000000331_Mpfu/1-384:0.101831):0.0268193,ENSOARP00000018840_Oari/1-303:0.0718976):0.0227657):0.0148031,ENSEEUP00000011981_Eeur/1-303:0.0849713,ENSSARP00000007412_Sara/1-291:0.110981);


2016-07-22 00:36:32,881 - INFO - Using 1 CPUs for the remaining computations.

2016-07-22 00:36:32,882 - INFO - Successful completion of phydms
