2016-07-21 22:23:53,494 - INFO - Beginning execution of phydms in directory /home/jbloom/SUMO_and_UBE2I_ExpCM

2016-07-21 22:23:53,494 - INFO - Progress is being logged to ./phydms_results//SUMO1_identity-ge-0.75_ExpCM_SUMO1_with-cons_untransformed_prefs.log

2016-07-21 22:23:53,494 - INFO - Version information:
	Time and date: Thu Jul 21 22:23:53 2016
	Platform: Linux-3.13.0-68-generic-x86_64-with-Ubuntu-14.04-trusty
	Python version: 2.7.6 (default, Jun 22 2015, 17:58:13)  [GCC 4.8.2]
	phydms version: 1.2.dev4
	Bio version: 1.67
	cython version: 0.24.1
	dms_tools version: 1.1.16
	scipy version: 0.17.1
	matplotlib version: 1.5.1

2016-07-21 22:23:53,494 - INFO - Parsed the following command-line arguments:
	randprefs = False
	tree = ./phydms_results//SUMO1_identity-ge-0.75_YNGKP_M0_tree.newick
	ncpus = 1
	avgprefs = False
	seed = 1
	ncats = 6
	outprefix = ./phydms_results//SUMO1_identity-ge-0.75_ExpCM_SUMO1_with-cons_untransformed_prefs
	alignment = ./alignments/SUMO1_alignment_protidentity_ge_0.75.fasta
	stringencybysite = False
	recursion = S
	no_optimize = False
	fitF3X4 = False
	gammarates = False
	debugsite = None
	useLog = False
	diffprefsprior = invquad
	diffprefsbysite = False
	diffprefconc = [150, 0.5]
	infertopology = False
	omegabysite_fixsyn = False
	addrateparameter = False
	omegabysite = False
	fixbrlen = False
	dateseqs = None
	model = ('ExpCM', './prefs//SUMO1_with-cons_untransformed_prefs.txt')
	minbrlen = 1e-06

2016-07-21 22:23:53,494 - INFO - Seeding random number generator with 1

2016-07-21 22:23:53,494 - INFO - Reading alignment from ./alignments/SUMO1_alignment_protidentity_ge_0.75.fasta
2016-07-21 22:23:53,543 - INFO - Read 30 aligned codon sequences from ./alignments/SUMO1_alignment_protidentity_ge_0.75.fasta. Each sequence consists of 101 codons.

2016-07-21 22:23:53,543 - INFO - There will be a single constant substitution rates.

2016-07-21 22:23:53,543 - INFO - The codon substitution model will be experimentally informed by the site-specific amino-acid preferences in ./prefs//SUMO1_with-cons_untransformed_prefs.txt
2016-07-21 22:23:53,545 - INFO - Successfully read site-specific amino-acid preferences for all 101 sites.

2016-07-21 22:23:53,545 - INFO - Reading tree from ./phydms_results//SUMO1_identity-ge-0.75_YNGKP_M0_tree.newick
2016-07-21 22:23:53,547 - INFO - This tree has 30 tips nodes, matching the sequences in alignment.
2016-07-21 22:23:53,548 - INFO - Adjusting all branch lengths to >= 1e-06.

2016-07-21 22:23:53,549 - INFO - Creating Bio++ object to optimize likelihood...
2016-07-21 22:24:03,805 - INFO - Created Bio++ object to optimize likelihood for the 101 codon sites of the 30 sequences.

2016-07-21 22:24:03,807 - INFO - The initial log likelihood is -2917.06; now optimizing by maximum likelihood...
2016-07-22 05:52:27,515 - INFO - Completed optimizing by maximum likelihood.
2016-07-22 05:52:35,721 - INFO - Here is the optimized log likelihood (also being written to ./phydms_results//SUMO1_identity-ge-0.75_ExpCM_SUMO1_with-cons_untransformed_prefs_loglikelihood.txt): -2550.4.
2016-07-22 05:52:35,724 - INFO - Here are the optimized model parameters (also being written to ./phydms_results//SUMO1_identity-ge-0.75_ExpCM_SUMO1_with-cons_untransformed_prefs_modelparams.txt):
	123_Full.theta = 0.454626
	123_Full.theta1 = 0.554530
	123_Full.theta2 = 0.529530
	123_K80.kappa = 1.978854
	omega = 0.124733
	stringencyparameter = 2.003232
2016-07-22 05:52:35,727 - INFO - Here is the optimized tree (also being written to ./phydms_results//SUMO1_identity-ge-0.75_ExpCM_SUMO1_with-cons_untransformed_prefs_tree.newick):
((((ENSTTRP00000000603_Ttru/1-426:0.0658941,((((ENSMMUP00000006935_Mmul/1-303:0.0805828,ENSP00000376077_Hsap/1-303:1e-06):0.0188914,ENSCPOP00000010916_Cpor/1-291:0.153177):0.00614529,(((ENSPSIP00000012821_Psin/1-303:0.176217,(ENSGALP00000013729_Ggal/1-303:0.0290499,ENSTGUP00000010464_Tgut/1-291:0.0328989):0.0484678):0.135165,ENSMODP00000020374_Mdom/1-303:0.165677):0.050668,(ENSACAP00000005060_Acar/1-303:0.386799,(ENSXETP00000047766_Xtro/1-306:0.581779,(ENSLACP00000016022_Lcha/1-300:1.16078,(ENSLOCP00000012534_Locu/1-303:0.277809,((ENSAMXP00000005144_Amex/1-303:0.352704,ENSDARP00000064994_Drer/1-300:0.14943):0.372068,((ENSORLP00000000767_Olat/1-303:0.292154,ENSXMAP00000006321_Xmac/1-303:0.143739):0.0380876,(ENSTRUP00000000324_Trub/1-303:0.118105,ENSTNIP00000020292_Tnig/1-303:0.00702595):0.235313):0.302448):0.201028):0.266029):0.339687):0.231123):0.0533896):0.0666602):0.0325015,ENSLAFP00000017131_Lafr/1-303:0.189455):0.00897588):0.0153294,((((ENSOCUP00000017947_Ocun/1-303:0.0449626,ENSOGAP00000021888_Ogar/1-303:0.143617):0.0161792,ENSPVAP00000002181_Pvam/1-360:0.0580661):0.17026,ENSMLUP00000019276_Mluc/1-303:0.0338277):1e-06,(ENSOCUP00000020130_Ocun/1-303:0.0463013,ENSSSCP00000004901_Sscr/1-303:0.0939949):0.0335143):1e-06):0.00944722,((ENSFCAP00000016832_Fcat/1-303:0.033018,ENSMPUP00000000331_Mpfu/1-384:0.101616):0.0289813,ENSOARP00000018840_Oari/1-303:0.0705022):0.03554):0.0190994,ENSEEUP00000011981_Eeur/1-303:0.0930465,ENSSARP00000007412_Sara/1-291:0.122699);


2016-07-22 05:52:35,795 - INFO - Using 1 CPUs for the remaining computations.

2016-07-22 05:52:35,795 - INFO - Successful completion of phydms
