2016-07-21 22:23:47,405 - INFO - Beginning execution of phydms in directory /home/jbloom/SUMO_and_UBE2I_ExpCM

2016-07-21 22:23:47,405 - INFO - Progress is being logged to ./phydms_results//SUMO1_identity-ge-0.75_randomized_ExpCM_SUMO1_no-cons_max-scores-at-1_prefs.log

2016-07-21 22:23:47,405 - INFO - Version information:
	Time and date: Thu Jul 21 22:23:47 2016
	Platform: Linux-3.13.0-68-generic-x86_64-with-Ubuntu-14.04-trusty
	Python version: 2.7.6 (default, Jun 22 2015, 17:58:13)  [GCC 4.8.2]
	phydms version: 1.2.dev4
	Bio version: 1.67
	cython version: 0.24.1
	dms_tools version: 1.1.16
	scipy version: 0.17.1
	matplotlib version: 1.5.1

2016-07-21 22:23:47,406 - INFO - Parsed the following command-line arguments:
	randprefs = True
	tree = ./phydms_results//SUMO1_identity-ge-0.75_YNGKP_M0_tree.newick
	ncpus = 1
	avgprefs = False
	seed = 1
	ncats = 6
	outprefix = ./phydms_results//SUMO1_identity-ge-0.75_randomized_ExpCM_SUMO1_no-cons_max-scores-at-1_prefs
	alignment = ./alignments/SUMO1_alignment_protidentity_ge_0.75.fasta
	stringencybysite = False
	recursion = S
	no_optimize = False
	fitF3X4 = False
	gammarates = False
	debugsite = None
	useLog = False
	diffprefsprior = invquad
	diffprefsbysite = False
	diffprefconc = [150, 0.5]
	infertopology = False
	omegabysite_fixsyn = False
	addrateparameter = False
	omegabysite = False
	fixbrlen = False
	dateseqs = None
	model = ('ExpCM', './prefs//SUMO1_no-cons_max-scores-at-1_prefs.txt')
	minbrlen = 1e-06

2016-07-21 22:23:47,406 - INFO - Seeding random number generator with 1

2016-07-21 22:23:47,406 - INFO - Reading alignment from ./alignments/SUMO1_alignment_protidentity_ge_0.75.fasta
2016-07-21 22:23:47,454 - INFO - Read 30 aligned codon sequences from ./alignments/SUMO1_alignment_protidentity_ge_0.75.fasta. Each sequence consists of 101 codons.

2016-07-21 22:23:47,454 - INFO - There will be a single constant substitution rates.

2016-07-21 22:23:47,454 - INFO - The codon substitution model will be experimentally informed by the site-specific amino-acid preferences in ./prefs//SUMO1_no-cons_max-scores-at-1_prefs.txt
2016-07-21 22:23:47,456 - INFO - Successfully read site-specific amino-acid preferences for all 101 sites.

2016-07-21 22:23:47,456 - INFO - Now randomizing these amino-acid preferences among sites.

2016-07-21 22:23:47,456 - INFO - Reading tree from ./phydms_results//SUMO1_identity-ge-0.75_YNGKP_M0_tree.newick
2016-07-21 22:23:47,458 - INFO - This tree has 30 tips nodes, matching the sequences in alignment.
2016-07-21 22:23:47,459 - INFO - Adjusting all branch lengths to >= 1e-06.

2016-07-21 22:23:47,460 - INFO - Creating Bio++ object to optimize likelihood...
2016-07-21 22:24:00,385 - INFO - Created Bio++ object to optimize likelihood for the 101 codon sites of the 30 sequences.

2016-07-21 22:24:00,386 - INFO - The initial log likelihood is -3404.21; now optimizing by maximum likelihood...
2016-07-22 02:18:22,704 - INFO - Completed optimizing by maximum likelihood.
2016-07-22 02:18:31,513 - INFO - Here is the optimized log likelihood (also being written to ./phydms_results//SUMO1_identity-ge-0.75_randomized_ExpCM_SUMO1_no-cons_max-scores-at-1_prefs_loglikelihood.txt): -2646.56.
2016-07-22 02:18:31,516 - INFO - Here are the optimized model parameters (also being written to ./phydms_results//SUMO1_identity-ge-0.75_randomized_ExpCM_SUMO1_no-cons_max-scores-at-1_prefs_modelparams.txt):
	123_Full.theta = 0.454663
	123_Full.theta1 = 0.537060
	123_Full.theta2 = 0.539045
	123_K80.kappa = 2.080992
	omega = 0.086002
	stringencyparameter = 0.139602
2016-07-22 02:18:31,519 - INFO - Here is the optimized tree (also being written to ./phydms_results//SUMO1_identity-ge-0.75_randomized_ExpCM_SUMO1_no-cons_max-scores-at-1_prefs_tree.newick):
((((ENSTTRP00000000603_Ttru/1-426:0.0631743,((((ENSMMUP00000006935_Mmul/1-303:0.0785589,ENSP00000376077_Hsap/1-303:1.03551e-06):0.0211038,ENSCPOP00000010916_Cpor/1-291:0.148108):0.00457499,(((ENSPSIP00000012821_Psin/1-303:0.172136,(ENSGALP00000013729_Ggal/1-303:0.0289955,ENSTGUP00000010464_Tgut/1-291:0.0315035):0.0456994):0.13372,ENSMODP00000020374_Mdom/1-303:0.159425):0.0510929,(ENSACAP00000005060_Acar/1-303:0.37483,(ENSXETP00000047766_Xtro/1-306:0.557701,(ENSLACP00000016022_Lcha/1-300:1.06185,(ENSLOCP00000012534_Locu/1-303:0.263676,((ENSAMXP00000005144_Amex/1-303:0.34635,ENSDARP00000064994_Drer/1-300:0.14342):0.352755,((ENSORLP00000000767_Olat/1-303:0.285777,ENSXMAP00000006321_Xmac/1-303:0.139363):0.0597922,(ENSTRUP00000000324_Trub/1-303:0.120251,ENSTNIP00000020292_Tnig/1-303:0.00404105):0.218708):0.28436):0.208157):0.317134):0.294265):0.214396):0.0517501):0.0652419):0.0321426,ENSLAFP00000017131_Lafr/1-303:0.184975):0.008347):0.0158709,((((ENSOCUP00000017947_Ocun/1-303:0.0440727,ENSOGAP00000021888_Ogar/1-303:0.143094):0.0307229,ENSPVAP00000002181_Pvam/1-360:0.0568247):0.155526,ENSMLUP00000019276_Mluc/1-303:0.0327305):1.03129e-06,(ENSOCUP00000020130_Ocun/1-303:0.0458764,ENSSSCP00000004901_Sscr/1-303:0.0911854):0.0320857):1.03226e-06):0.00910337,((ENSFCAP00000016832_Fcat/1-303:0.0311349,ENSMPUP00000000331_Mpfu/1-384:0.100146):0.0291587,ENSOARP00000018840_Oari/1-303:0.069716):0.0336695):0.0189024,ENSEEUP00000011981_Eeur/1-303:0.0903324,ENSSARP00000007412_Sara/1-291:0.11837);


2016-07-22 02:18:31,589 - INFO - Using 1 CPUs for the remaining computations.

2016-07-22 02:18:31,590 - INFO - Successful completion of phydms
