2016-07-21 22:18:11,811 - INFO - Beginning execution of phydms in directory /home/jbloom/SUMO_and_UBE2I_ExpCM

2016-07-21 22:18:11,811 - INFO - Progress is being logged to ./phydms_results//SUMO1_identity-ge-0.75_YNGKP_M0.log

2016-07-21 22:18:11,812 - INFO - Version information:
	Time and date: Thu Jul 21 22:18:11 2016
	Platform: Linux-3.13.0-68-generic-x86_64-with-Ubuntu-14.04-trusty
	Python version: 2.7.6 (default, Jun 22 2015, 17:58:13)  [GCC 4.8.2]
	phydms version: 1.2.dev4
	Bio version: 1.67
	cython version: 0.24.1
	dms_tools version: 1.1.16
	scipy version: 0.17.1
	matplotlib version: 1.5.1

2016-07-21 22:18:11,812 - INFO - Parsed the following command-line arguments:
	randprefs = False
	tree = nj
	ncpus = 16
	avgprefs = False
	seed = 1
	ncats = 6
	outprefix = ./phydms_results//SUMO1_identity-ge-0.75_YNGKP_M0
	alignment = ./alignments/SUMO1_alignment_protidentity_ge_0.75.fasta
	stringencybysite = False
	recursion = S
	no_optimize = False
	fitF3X4 = False
	gammarates = False
	debugsite = None
	useLog = False
	diffprefsprior = invquad
	diffprefsbysite = False
	diffprefconc = [150, 0.5]
	infertopology = True
	omegabysite_fixsyn = False
	addrateparameter = False
	omegabysite = False
	fixbrlen = False
	dateseqs = None
	model = YNGKP_M0
	minbrlen = 1e-06

2016-07-21 22:18:11,812 - INFO - Seeding random number generator with 1

2016-07-21 22:18:11,812 - INFO - Reading alignment from ./alignments/SUMO1_alignment_protidentity_ge_0.75.fasta
2016-07-21 22:18:11,869 - INFO - Read 30 aligned codon sequences from ./alignments/SUMO1_alignment_protidentity_ge_0.75.fasta. Each sequence consists of 101 codons.

2016-07-21 22:18:11,869 - INFO - There will be a single constant substitution rates.

2016-07-21 22:18:11,869 - INFO - The codon substitution model with be the M0 version of YNGKP (Yang, Nielsen, Goldman, and Pederson. Genetics. 155:431-449).
2016-07-21 22:18:11,869 - INFO - The codon equilibrium frequencies will be set by F3X4, estimating the nine nucleotide frequencies empirically from the alignment frequencies.

2016-07-21 22:18:11,869 - INFO - Creating an initial tree from nucleotide sequences by neighbor joining using a crude identity scoring matrix...
2016-07-21 22:18:12,047 - INFO - Finished creating a crude neighbor-joining initial tree.
2016-07-21 22:18:12,047 - INFO - This tree has 30 tips nodes, matching the sequences in alignment.
2016-07-21 22:18:12,049 - INFO - Adjusting all branch lengths to >= 1e-06.

2016-07-21 22:18:12,050 - INFO - Creating Bio++ object to optimize likelihood...
2016-07-21 22:18:12,470 - INFO - Created Bio++ object to optimize likelihood for the 101 codon sites of the 30 sequences.

2016-07-21 22:18:12,470 - INFO - The initial log likelihood is -3533.15; now optimizing by maximum likelihood...
2016-07-21 22:23:42,599 - INFO - Completed optimizing by maximum likelihood.
2016-07-21 22:23:42,600 - INFO - Here is the optimized log likelihood (also being written to ./phydms_results//SUMO1_identity-ge-0.75_YNGKP_M0_loglikelihood.txt): -2726.88.
2016-07-21 22:23:42,604 - INFO - Here are the optimized model parameters (also being written to ./phydms_results//SUMO1_identity-ge-0.75_YNGKP_M0_modelparams.txt):
	kappa = 1.471292
	omega = 0.067591
2016-07-21 22:23:42,608 - INFO - Here is the optimized tree (also being written to ./phydms_results//SUMO1_identity-ge-0.75_YNGKP_M0_tree.newick):
((((ENSTTRP00000000603_Ttru/1-426:0.0639872,((((ENSMMUP00000006935_Mmul/1-303:0.0758039,ENSP00000376077_Hsap/1-303:1e-06):0.0100356,ENSCPOP00000010916_Cpor/1-291:0.147512):0.0169588,(((ENSPSIP00000012821_Psin/1-303:0.171932,(ENSGALP00000013729_Ggal/1-303:0.0274179,ENSTGUP00000010464_Tgut/1-291:0.0299324):0.0450955):0.134109,ENSMODP00000020374_Mdom/1-303:0.168711):0.0431471,(ENSACAP00000005060_Acar/1-303:0.376318,(ENSXETP00000047766_Xtro/1-306:0.56451,(ENSLACP00000016022_Lcha/1-300:1.37934,(ENSLOCP00000012534_Locu/1-303:0.340497,((ENSAMXP00000005144_Amex/1-303:0.358896,ENSDARP00000064994_Drer/1-300:0.152097):0.413847,((ENSORLP00000000767_Olat/1-303:0.293979,ENSXMAP00000006321_Xmac/1-303:0.132687):0.0339928,(ENSTRUP00000000324_Trub/1-303:0.106319,ENSTNIP00000020292_Tnig/1-303:0.014077):0.236711):0.269771):0.172327):0.285075):0.361054):0.252429):0.0790595):0.0512699):0.02851,ENSLAFP00000017131_Lafr/1-303:0.177149):0.00913031):0.0113412,((((ENSOCUP00000017947_Ocun/1-303:0.0419161,ENSOGAP00000021888_Ogar/1-303:0.140444):0.0124841,ENSPVAP00000002181_Pvam/1-360:0.0553563):0.165608,ENSMLUP00000019276_Mluc/1-303:0.0311008):1e-06,(ENSOCUP00000020130_Ocun/1-303:0.0447734,ENSSSCP00000004901_Sscr/1-303:0.0894766):0.0299227):1e-06):0.00879062,((ENSFCAP00000016832_Fcat/1-303:0.0299389,ENSMPUP00000000331_Mpfu/1-384:0.0948633):0.0279811,ENSOARP00000018840_Oari/1-303:0.0649874):0.0336214):0.021044,ENSEEUP00000011981_Eeur/1-303:0.0845166,ENSSARP00000007412_Sara/1-291:0.111392);


2016-07-21 22:23:42,615 - INFO - Using 16 CPUs for the remaining computations.

2016-07-21 22:23:42,616 - INFO - Successful completion of phydms
