2016-07-21 22:19:50,239 - INFO - Beginning execution of phydms in directory /home/jbloom/SUMO_and_UBE2I_ExpCM

2016-07-21 22:19:50,239 - INFO - Progress is being logged to ./phydms_results//SUMO1_identity-ge-0.85_randomized_ExpCM_SUMO1_with-cons_penalize-scores-gt1_prefs.log

2016-07-21 22:19:50,239 - INFO - Version information:
	Time and date: Thu Jul 21 22:19:50 2016
	Platform: Linux-3.19.0-56-generic-x86_64-with-Ubuntu-14.04-trusty
	Python version: 2.7.6 (default, Jun 22 2015, 17:58:13)  [GCC 4.8.2]
	phydms version: 1.2.dev4
	Bio version: 1.67
	cython version: 0.24.1
	dms_tools version: 1.1.16
	scipy version: 0.17.1
	matplotlib version: 1.5.1

2016-07-21 22:19:50,239 - INFO - Parsed the following command-line arguments:
	randprefs = True
	tree = ./phydms_results//SUMO1_identity-ge-0.85_YNGKP_M0_tree.newick
	ncpus = 1
	avgprefs = False
	seed = 1
	ncats = 6
	outprefix = ./phydms_results//SUMO1_identity-ge-0.85_randomized_ExpCM_SUMO1_with-cons_penalize-scores-gt1_prefs
	alignment = ./alignments/SUMO1_alignment_protidentity_ge_0.85.fasta
	stringencybysite = False
	recursion = S
	no_optimize = False
	fitF3X4 = False
	gammarates = False
	debugsite = None
	useLog = False
	diffprefsprior = invquad
	diffprefsbysite = False
	diffprefconc = [150, 0.5]
	infertopology = False
	omegabysite_fixsyn = False
	addrateparameter = False
	omegabysite = False
	fixbrlen = False
	dateseqs = None
	model = ('ExpCM', './prefs//SUMO1_with-cons_penalize-scores-gt1_prefs.txt')
	minbrlen = 1e-06

2016-07-21 22:19:50,239 - INFO - Seeding random number generator with 1

2016-07-21 22:19:50,239 - INFO - Reading alignment from ./alignments/SUMO1_alignment_protidentity_ge_0.85.fasta
2016-07-21 22:19:50,276 - INFO - Read 23 aligned codon sequences from ./alignments/SUMO1_alignment_protidentity_ge_0.85.fasta. Each sequence consists of 101 codons.

2016-07-21 22:19:50,276 - INFO - There will be a single constant substitution rates.

2016-07-21 22:19:50,276 - INFO - The codon substitution model will be experimentally informed by the site-specific amino-acid preferences in ./prefs//SUMO1_with-cons_penalize-scores-gt1_prefs.txt
2016-07-21 22:19:50,278 - INFO - Successfully read site-specific amino-acid preferences for all 101 sites.

2016-07-21 22:19:50,278 - INFO - Now randomizing these amino-acid preferences among sites.

2016-07-21 22:19:50,278 - INFO - Reading tree from ./phydms_results//SUMO1_identity-ge-0.85_YNGKP_M0_tree.newick
2016-07-21 22:19:50,280 - INFO - This tree has 23 tips nodes, matching the sequences in alignment.
2016-07-21 22:19:50,281 - INFO - Adjusting all branch lengths to >= 1e-06.

2016-07-21 22:19:50,282 - INFO - Creating Bio++ object to optimize likelihood...
2016-07-21 22:19:58,165 - INFO - Created Bio++ object to optimize likelihood for the 101 codon sites of the 23 sequences.

2016-07-21 22:19:58,166 - INFO - The initial log likelihood is -2420.93; now optimizing by maximum likelihood...
2016-07-22 00:23:46,500 - INFO - Completed optimizing by maximum likelihood.
2016-07-22 00:23:53,382 - INFO - Here is the optimized log likelihood (also being written to ./phydms_results//SUMO1_identity-ge-0.85_randomized_ExpCM_SUMO1_with-cons_penalize-scores-gt1_prefs_loglikelihood.txt): -1927.16.
2016-07-22 00:23:53,391 - INFO - Here are the optimized model parameters (also being written to ./phydms_results//SUMO1_identity-ge-0.85_randomized_ExpCM_SUMO1_with-cons_penalize-scores-gt1_prefs_modelparams.txt):
	123_Full.theta = 0.461052
	123_Full.theta1 = 0.575149
	123_Full.theta2 = 0.550443
	123_K80.kappa = 2.007522
	omega = 0.102719
	stringencyparameter = 0.101592
2016-07-22 00:23:53,425 - INFO - Here is the optimized tree (also being written to ./phydms_results//SUMO1_identity-ge-0.85_randomized_ExpCM_SUMO1_with-cons_penalize-scores-gt1_prefs_tree.newick):
((((ENSTTRP00000000603_Ttru/1-426:0.0546488,(((ENSP00000376077_Hsap/1-303:0.00204921,(ENSMMUP00000006935_Mmul/1-303:0.00160952,ENSLAFP00000017131_Lafr/1-303:0.154009):0.0741635):0.0191492,ENSCPOP00000010916_Cpor/1-291:0.139483):0.000640275,(((ENSPSIP00000012821_Psin/1-303:0.160409,(ENSGALP00000013729_Ggal/1-303:0.0271825,ENSTGUP00000010464_Tgut/1-291:0.0289925):0.0412675):0.119787,ENSMODP00000020374_Mdom/1-303:0.152213):0.0490775,(ENSACAP00000005060_Acar/1-303:0.34455,(ENSXETP00000047766_Xtro/1-306:0.526486,(ENSLOCP00000012534_Locu/1-303:0.327918,ENSXMAP00000006321_Xmac/1-303:0.544868):0.459034):0.202601):0.0473098):0.0615276):0.0369979):0.0201561,(((ENSOCUP00000020130_Ocun/1-303:0.0353417,(ENSOCUP00000017947_Ocun/1-303:0.0113767,ENSOGAP00000021888_Ogar/1-303:0.168928):0.159258):0.00731217,ENSSSCP00000004901_Sscr/1-303:0.084693):0.0334654,ENSMLUP00000019276_Mluc/1-303:0.0315921):0.00162482):0.00976762,((ENSFCAP00000016832_Fcat/1-303:0.0288913,ENSMPUP00000000331_Mpfu/1-384:0.102936):0.0276686,ENSOARP00000018840_Oari/1-303:0.0731737):0.0235201):0.0149731,ENSEEUP00000011981_Eeur/1-303:0.0861739,ENSSARP00000007412_Sara/1-291:0.112277);


2016-07-22 00:23:53,472 - INFO - Using 1 CPUs for the remaining computations.

2016-07-22 00:23:53,473 - INFO - Successful completion of phydms
