2016-07-21 22:17:57,499 - INFO - Beginning execution of phydms_comprehensive in directory /home/jbloom/SUMO_and_UBE2I_ExpCM

2016-07-21 22:17:57,499 - INFO - Progress is being logged to ./phydms_results//SUMO1_identity-ge-0.85.log

2016-07-21 22:17:57,499 - INFO - Version information:
	Time and date: Thu Jul 21 22:17:57 2016
	Platform: Linux-3.19.0-56-generic-x86_64-with-Ubuntu-14.04-trusty
	Python version: 2.7.6 (default, Jun 22 2015, 17:58:13)  [GCC 4.8.2]
	phydms version: 1.2.dev4
	Bio version: 1.67
	cython version: 0.24.1
	dms_tools version: 1.1.16
	scipy version: 0.17.1
	matplotlib version: 1.5.1

2016-07-21 22:17:57,499 - INFO - Parsed the following command-line arguments:
	randprefs = True
	omegabysite_fixsyn = False
	diffprefconc = None
	treetopology = None
	prefsfiles = ['./prefs//SUMO1_no-cons_penalize-scores-gt1_prefs.txt', './prefs//SUMO1_with-cons_untransformed_prefs.txt', './prefs//SUMO1_no-cons_untransformed_prefs.txt', './prefs//SUMO1_with-cons_penalize-scores-gt1_prefs.txt', './prefs//SUMO1_with-cons_max-scores-at-1_prefs.txt', './prefs//SUMO1_no-cons_max-scores-at-1_prefs.txt']
	nostringencybysite = True
	ncpus = -1
	useLog = False
	yngkp = ['M3']
	nodiffprefsbysite = True
	noavgprefs = True
	noomegabysite = True
	fitF3X4 = False
	avgrandcontrol = None
	dateseqs = None
	outprefix = ./phydms_results//SUMO1_identity-ge-0.85_
	gammarates = False
	use_existing = False
	alignment = ./alignments/SUMO1_alignment_protidentity_ge_0.85.fasta
	ncats = 6

2016-07-21 22:17:57,500 - INFO - Checking that the alignment ./alignments/SUMO1_alignment_protidentity_ge_0.85.fasta is valid...
2016-07-21 22:17:57,580 - INFO - Valid alignment specifying 23 sequences of length 303.

2016-07-21 22:17:57,580 - INFO - Will use all 16 available CPUs.

2016-07-21 22:17:57,592 - INFO - Inferring topology using the YNGKP_M0 model starting from a simple neighbor joining tree. The command is: phydms ./alignments/SUMO1_alignment_protidentity_ge_0.85.fasta nj YNGKP_M0 ./phydms_results//SUMO1_identity-ge-0.85_YNGKP_M0 --infertopology --ncats 6 --ncpus 16
2016-07-21 22:19:45,996 - INFO - Found expected output file ./phydms_results//SUMO1_identity-ge-0.85_YNGKP_M0.log
2016-07-21 22:19:45,997 - INFO - Found expected output file ./phydms_results//SUMO1_identity-ge-0.85_YNGKP_M0_tree.newick
2016-07-21 22:19:45,997 - INFO - Found expected output file ./phydms_results//SUMO1_identity-ge-0.85_YNGKP_M0_loglikelihood.txt
2016-07-21 22:19:45,997 - INFO - Found expected output file ./phydms_results//SUMO1_identity-ge-0.85_YNGKP_M0_modelparams.txt
2016-07-21 22:19:45,997 - INFO - Analysis successful for YNGKP_M0

2016-07-21 22:19:45,997 - INFO - Starting analysis to optimize tree in ./phydms_results//SUMO1_identity-ge-0.85_YNGKP_M0_tree.newick using model randomized_ExpCM_SUMO1_no-cons_penalize-scores-gt1_prefs. The command is: phydms ./alignments/SUMO1_alignment_protidentity_ge_0.85.fasta ./phydms_results//SUMO1_identity-ge-0.85_YNGKP_M0_tree.newick ExpCM_./prefs//SUMO1_no-cons_penalize-scores-gt1_prefs.txt ./phydms_results//SUMO1_identity-ge-0.85_randomized_ExpCM_SUMO1_no-cons_penalize-scores-gt1_prefs --ncats 6 --randprefs --ncpus 1

2016-07-21 22:19:45,998 - INFO - Starting analysis to optimize tree in ./phydms_results//SUMO1_identity-ge-0.85_YNGKP_M0_tree.newick using model randomized_ExpCM_SUMO1_with-cons_penalize-scores-gt1_prefs. The command is: phydms ./alignments/SUMO1_alignment_protidentity_ge_0.85.fasta ./phydms_results//SUMO1_identity-ge-0.85_YNGKP_M0_tree.newick ExpCM_./prefs//SUMO1_with-cons_penalize-scores-gt1_prefs.txt ./phydms_results//SUMO1_identity-ge-0.85_randomized_ExpCM_SUMO1_with-cons_penalize-scores-gt1_prefs --ncats 6 --randprefs --ncpus 1

2016-07-21 22:19:45,998 - INFO - Starting analysis to optimize tree in ./phydms_results//SUMO1_identity-ge-0.85_YNGKP_M0_tree.newick using model randomized_ExpCM_SUMO1_no-cons_max-scores-at-1_prefs. The command is: phydms ./alignments/SUMO1_alignment_protidentity_ge_0.85.fasta ./phydms_results//SUMO1_identity-ge-0.85_YNGKP_M0_tree.newick ExpCM_./prefs//SUMO1_no-cons_max-scores-at-1_prefs.txt ./phydms_results//SUMO1_identity-ge-0.85_randomized_ExpCM_SUMO1_no-cons_max-scores-at-1_prefs --ncats 6 --randprefs --ncpus 1

2016-07-21 22:19:45,998 - INFO - Starting analysis to optimize tree in ./phydms_results//SUMO1_identity-ge-0.85_YNGKP_M0_tree.newick using model ExpCM_SUMO1_no-cons_penalize-scores-gt1_prefs. The command is: phydms ./alignments/SUMO1_alignment_protidentity_ge_0.85.fasta ./phydms_results//SUMO1_identity-ge-0.85_YNGKP_M0_tree.newick ExpCM_./prefs//SUMO1_no-cons_penalize-scores-gt1_prefs.txt ./phydms_results//SUMO1_identity-ge-0.85_ExpCM_SUMO1_no-cons_penalize-scores-gt1_prefs --ncats 6 --ncpus 1

2016-07-21 22:19:45,998 - INFO - Starting analysis to optimize tree in ./phydms_results//SUMO1_identity-ge-0.85_YNGKP_M0_tree.newick using model ExpCM_SUMO1_no-cons_max-scores-at-1_prefs. The command is: phydms ./alignments/SUMO1_alignment_protidentity_ge_0.85.fasta ./phydms_results//SUMO1_identity-ge-0.85_YNGKP_M0_tree.newick ExpCM_./prefs//SUMO1_no-cons_max-scores-at-1_prefs.txt ./phydms_results//SUMO1_identity-ge-0.85_ExpCM_SUMO1_no-cons_max-scores-at-1_prefs --ncats 6 --ncpus 1

2016-07-21 22:19:45,998 - INFO - Starting analysis to optimize tree in ./phydms_results//SUMO1_identity-ge-0.85_YNGKP_M0_tree.newick using model randomized_ExpCM_SUMO1_with-cons_max-scores-at-1_prefs. The command is: phydms ./alignments/SUMO1_alignment_protidentity_ge_0.85.fasta ./phydms_results//SUMO1_identity-ge-0.85_YNGKP_M0_tree.newick ExpCM_./prefs//SUMO1_with-cons_max-scores-at-1_prefs.txt ./phydms_results//SUMO1_identity-ge-0.85_randomized_ExpCM_SUMO1_with-cons_max-scores-at-1_prefs --ncats 6 --randprefs --ncpus 1

2016-07-21 22:19:45,998 - INFO - Starting analysis to optimize tree in ./phydms_results//SUMO1_identity-ge-0.85_YNGKP_M0_tree.newick using model randomized_ExpCM_SUMO1_no-cons_untransformed_prefs. The command is: phydms ./alignments/SUMO1_alignment_protidentity_ge_0.85.fasta ./phydms_results//SUMO1_identity-ge-0.85_YNGKP_M0_tree.newick ExpCM_./prefs//SUMO1_no-cons_untransformed_prefs.txt ./phydms_results//SUMO1_identity-ge-0.85_randomized_ExpCM_SUMO1_no-cons_untransformed_prefs --ncats 6 --randprefs --ncpus 1

2016-07-21 22:19:45,998 - INFO - Starting analysis to optimize tree in ./phydms_results//SUMO1_identity-ge-0.85_YNGKP_M0_tree.newick using model ExpCM_SUMO1_no-cons_untransformed_prefs. The command is: phydms ./alignments/SUMO1_alignment_protidentity_ge_0.85.fasta ./phydms_results//SUMO1_identity-ge-0.85_YNGKP_M0_tree.newick ExpCM_./prefs//SUMO1_no-cons_untransformed_prefs.txt ./phydms_results//SUMO1_identity-ge-0.85_ExpCM_SUMO1_no-cons_untransformed_prefs --ncats 6 --ncpus 1

2016-07-21 22:19:45,999 - INFO - Starting analysis to optimize tree in ./phydms_results//SUMO1_identity-ge-0.85_YNGKP_M0_tree.newick using model ExpCM_SUMO1_with-cons_untransformed_prefs. The command is: phydms ./alignments/SUMO1_alignment_protidentity_ge_0.85.fasta ./phydms_results//SUMO1_identity-ge-0.85_YNGKP_M0_tree.newick ExpCM_./prefs//SUMO1_with-cons_untransformed_prefs.txt ./phydms_results//SUMO1_identity-ge-0.85_ExpCM_SUMO1_with-cons_untransformed_prefs --ncats 6 --ncpus 1

2016-07-21 22:19:45,999 - INFO - Starting analysis to optimize tree in ./phydms_results//SUMO1_identity-ge-0.85_YNGKP_M0_tree.newick using model YNGKP_M3. The command is: phydms ./alignments/SUMO1_alignment_protidentity_ge_0.85.fasta ./phydms_results//SUMO1_identity-ge-0.85_YNGKP_M0_tree.newick YNGKP_M3 ./phydms_results//SUMO1_identity-ge-0.85_YNGKP_M3 --ncats 6 --ncpus 1

2016-07-21 22:19:45,999 - INFO - Starting analysis to optimize tree in ./phydms_results//SUMO1_identity-ge-0.85_YNGKP_M0_tree.newick using model randomized_ExpCM_SUMO1_with-cons_untransformed_prefs. The command is: phydms ./alignments/SUMO1_alignment_protidentity_ge_0.85.fasta ./phydms_results//SUMO1_identity-ge-0.85_YNGKP_M0_tree.newick ExpCM_./prefs//SUMO1_with-cons_untransformed_prefs.txt ./phydms_results//SUMO1_identity-ge-0.85_randomized_ExpCM_SUMO1_with-cons_untransformed_prefs --ncats 6 --randprefs --ncpus 1

2016-07-21 22:19:45,999 - INFO - Starting analysis to optimize tree in ./phydms_results//SUMO1_identity-ge-0.85_YNGKP_M0_tree.newick using model ExpCM_SUMO1_with-cons_penalize-scores-gt1_prefs. The command is: phydms ./alignments/SUMO1_alignment_protidentity_ge_0.85.fasta ./phydms_results//SUMO1_identity-ge-0.85_YNGKP_M0_tree.newick ExpCM_./prefs//SUMO1_with-cons_penalize-scores-gt1_prefs.txt ./phydms_results//SUMO1_identity-ge-0.85_ExpCM_SUMO1_with-cons_penalize-scores-gt1_prefs --ncats 6 --ncpus 1

2016-07-21 22:19:45,999 - INFO - Starting analysis to optimize tree in ./phydms_results//SUMO1_identity-ge-0.85_YNGKP_M0_tree.newick using model ExpCM_SUMO1_with-cons_max-scores-at-1_prefs. The command is: phydms ./alignments/SUMO1_alignment_protidentity_ge_0.85.fasta ./phydms_results//SUMO1_identity-ge-0.85_YNGKP_M0_tree.newick ExpCM_./prefs//SUMO1_with-cons_max-scores-at-1_prefs.txt ./phydms_results//SUMO1_identity-ge-0.85_ExpCM_SUMO1_with-cons_max-scores-at-1_prefs --ncats 6 --ncpus 1

2016-07-21 22:45:09,706 - INFO - Analysis completed for YNGKP_M3
2016-07-21 22:45:09,707 - INFO - Found expected output file ./phydms_results//SUMO1_identity-ge-0.85_YNGKP_M3.log
2016-07-21 22:45:09,707 - INFO - Found expected output file ./phydms_results//SUMO1_identity-ge-0.85_YNGKP_M3_tree.newick
2016-07-21 22:45:09,707 - INFO - Found expected output file ./phydms_results//SUMO1_identity-ge-0.85_YNGKP_M3_loglikelihood.txt
2016-07-21 22:45:09,707 - INFO - Found expected output file ./phydms_results//SUMO1_identity-ge-0.85_YNGKP_M3_modelparams.txt
2016-07-21 22:45:09,708 - INFO - Analysis successful for YNGKP_M3

2016-07-21 23:53:49,295 - INFO - Analysis completed for ExpCM_SUMO1_with-cons_max-scores-at-1_prefs
2016-07-21 23:53:49,297 - INFO - Found expected output file ./phydms_results//SUMO1_identity-ge-0.85_ExpCM_SUMO1_with-cons_max-scores-at-1_prefs.log
2016-07-21 23:53:49,297 - INFO - Found expected output file ./phydms_results//SUMO1_identity-ge-0.85_ExpCM_SUMO1_with-cons_max-scores-at-1_prefs_tree.newick
2016-07-21 23:53:49,297 - INFO - Found expected output file ./phydms_results//SUMO1_identity-ge-0.85_ExpCM_SUMO1_with-cons_max-scores-at-1_prefs_loglikelihood.txt
2016-07-21 23:53:49,297 - INFO - Found expected output file ./phydms_results//SUMO1_identity-ge-0.85_ExpCM_SUMO1_with-cons_max-scores-at-1_prefs_modelparams.txt
2016-07-21 23:53:49,297 - INFO - Analysis successful for ExpCM_SUMO1_with-cons_max-scores-at-1_prefs

2016-07-22 00:16:56,833 - INFO - Analysis completed for ExpCM_SUMO1_with-cons_untransformed_prefs
2016-07-22 00:16:56,834 - INFO - Found expected output file ./phydms_results//SUMO1_identity-ge-0.85_ExpCM_SUMO1_with-cons_untransformed_prefs.log
2016-07-22 00:16:56,834 - INFO - Found expected output file ./phydms_results//SUMO1_identity-ge-0.85_ExpCM_SUMO1_with-cons_untransformed_prefs_tree.newick
2016-07-22 00:16:56,835 - INFO - Found expected output file ./phydms_results//SUMO1_identity-ge-0.85_ExpCM_SUMO1_with-cons_untransformed_prefs_loglikelihood.txt
2016-07-22 00:16:56,835 - INFO - Found expected output file ./phydms_results//SUMO1_identity-ge-0.85_ExpCM_SUMO1_with-cons_untransformed_prefs_modelparams.txt
2016-07-22 00:16:56,835 - INFO - Analysis successful for ExpCM_SUMO1_with-cons_untransformed_prefs

2016-07-22 00:20:54,101 - INFO - Analysis completed for ExpCM_SUMO1_no-cons_max-scores-at-1_prefs
2016-07-22 00:20:54,105 - INFO - Found expected output file ./phydms_results//SUMO1_identity-ge-0.85_ExpCM_SUMO1_no-cons_max-scores-at-1_prefs.log
2016-07-22 00:20:54,105 - INFO - Found expected output file ./phydms_results//SUMO1_identity-ge-0.85_ExpCM_SUMO1_no-cons_max-scores-at-1_prefs_tree.newick
2016-07-22 00:20:54,105 - INFO - Found expected output file ./phydms_results//SUMO1_identity-ge-0.85_ExpCM_SUMO1_no-cons_max-scores-at-1_prefs_loglikelihood.txt
2016-07-22 00:20:54,105 - INFO - Found expected output file ./phydms_results//SUMO1_identity-ge-0.85_ExpCM_SUMO1_no-cons_max-scores-at-1_prefs_modelparams.txt
2016-07-22 00:20:54,105 - INFO - Analysis successful for ExpCM_SUMO1_no-cons_max-scores-at-1_prefs

2016-07-22 00:23:54,305 - INFO - Analysis completed for randomized_ExpCM_SUMO1_with-cons_penalize-scores-gt1_prefs
2016-07-22 00:23:54,310 - INFO - Found expected output file ./phydms_results//SUMO1_identity-ge-0.85_randomized_ExpCM_SUMO1_with-cons_penalize-scores-gt1_prefs.log
2016-07-22 00:23:54,310 - INFO - Found expected output file ./phydms_results//SUMO1_identity-ge-0.85_randomized_ExpCM_SUMO1_with-cons_penalize-scores-gt1_prefs_tree.newick
2016-07-22 00:23:54,310 - INFO - Found expected output file ./phydms_results//SUMO1_identity-ge-0.85_randomized_ExpCM_SUMO1_with-cons_penalize-scores-gt1_prefs_loglikelihood.txt
2016-07-22 00:23:54,311 - INFO - Found expected output file ./phydms_results//SUMO1_identity-ge-0.85_randomized_ExpCM_SUMO1_with-cons_penalize-scores-gt1_prefs_modelparams.txt
2016-07-22 00:23:54,311 - INFO - Analysis successful for randomized_ExpCM_SUMO1_with-cons_penalize-scores-gt1_prefs

2016-07-22 00:26:09,462 - INFO - Analysis completed for randomized_ExpCM_SUMO1_no-cons_penalize-scores-gt1_prefs
2016-07-22 00:26:09,463 - INFO - Found expected output file ./phydms_results//SUMO1_identity-ge-0.85_randomized_ExpCM_SUMO1_no-cons_penalize-scores-gt1_prefs.log
2016-07-22 00:26:09,463 - INFO - Found expected output file ./phydms_results//SUMO1_identity-ge-0.85_randomized_ExpCM_SUMO1_no-cons_penalize-scores-gt1_prefs_tree.newick
2016-07-22 00:26:09,463 - INFO - Found expected output file ./phydms_results//SUMO1_identity-ge-0.85_randomized_ExpCM_SUMO1_no-cons_penalize-scores-gt1_prefs_loglikelihood.txt
2016-07-22 00:26:09,463 - INFO - Found expected output file ./phydms_results//SUMO1_identity-ge-0.85_randomized_ExpCM_SUMO1_no-cons_penalize-scores-gt1_prefs_modelparams.txt
2016-07-22 00:26:09,463 - INFO - Analysis successful for randomized_ExpCM_SUMO1_no-cons_penalize-scores-gt1_prefs

2016-07-22 00:27:41,565 - INFO - Analysis completed for randomized_ExpCM_SUMO1_no-cons_untransformed_prefs
2016-07-22 00:27:41,566 - INFO - Found expected output file ./phydms_results//SUMO1_identity-ge-0.85_randomized_ExpCM_SUMO1_no-cons_untransformed_prefs.log
2016-07-22 00:27:41,566 - INFO - Found expected output file ./phydms_results//SUMO1_identity-ge-0.85_randomized_ExpCM_SUMO1_no-cons_untransformed_prefs_tree.newick
2016-07-22 00:27:41,566 - INFO - Found expected output file ./phydms_results//SUMO1_identity-ge-0.85_randomized_ExpCM_SUMO1_no-cons_untransformed_prefs_loglikelihood.txt
2016-07-22 00:27:41,566 - INFO - Found expected output file ./phydms_results//SUMO1_identity-ge-0.85_randomized_ExpCM_SUMO1_no-cons_untransformed_prefs_modelparams.txt
2016-07-22 00:27:41,566 - INFO - Analysis successful for randomized_ExpCM_SUMO1_no-cons_untransformed_prefs

2016-07-22 00:36:33,156 - INFO - Analysis completed for randomized_ExpCM_SUMO1_with-cons_untransformed_prefs
2016-07-22 00:36:33,157 - INFO - Found expected output file ./phydms_results//SUMO1_identity-ge-0.85_randomized_ExpCM_SUMO1_with-cons_untransformed_prefs.log
2016-07-22 00:36:33,157 - INFO - Found expected output file ./phydms_results//SUMO1_identity-ge-0.85_randomized_ExpCM_SUMO1_with-cons_untransformed_prefs_tree.newick
2016-07-22 00:36:33,157 - INFO - Found expected output file ./phydms_results//SUMO1_identity-ge-0.85_randomized_ExpCM_SUMO1_with-cons_untransformed_prefs_loglikelihood.txt
2016-07-22 00:36:33,157 - INFO - Found expected output file ./phydms_results//SUMO1_identity-ge-0.85_randomized_ExpCM_SUMO1_with-cons_untransformed_prefs_modelparams.txt
2016-07-22 00:36:33,157 - INFO - Analysis successful for randomized_ExpCM_SUMO1_with-cons_untransformed_prefs

2016-07-22 00:51:35,147 - INFO - Analysis completed for randomized_ExpCM_SUMO1_no-cons_max-scores-at-1_prefs
2016-07-22 00:51:35,153 - INFO - Found expected output file ./phydms_results//SUMO1_identity-ge-0.85_randomized_ExpCM_SUMO1_no-cons_max-scores-at-1_prefs.log
2016-07-22 00:51:35,153 - INFO - Found expected output file ./phydms_results//SUMO1_identity-ge-0.85_randomized_ExpCM_SUMO1_no-cons_max-scores-at-1_prefs_tree.newick
2016-07-22 00:51:35,153 - INFO - Found expected output file ./phydms_results//SUMO1_identity-ge-0.85_randomized_ExpCM_SUMO1_no-cons_max-scores-at-1_prefs_loglikelihood.txt
2016-07-22 00:51:35,154 - INFO - Found expected output file ./phydms_results//SUMO1_identity-ge-0.85_randomized_ExpCM_SUMO1_no-cons_max-scores-at-1_prefs_modelparams.txt
2016-07-22 00:51:35,154 - INFO - Analysis successful for randomized_ExpCM_SUMO1_no-cons_max-scores-at-1_prefs

2016-07-22 01:42:06,480 - INFO - Analysis completed for randomized_ExpCM_SUMO1_with-cons_max-scores-at-1_prefs
2016-07-22 01:42:06,481 - INFO - Found expected output file ./phydms_results//SUMO1_identity-ge-0.85_randomized_ExpCM_SUMO1_with-cons_max-scores-at-1_prefs.log
2016-07-22 01:42:06,481 - INFO - Found expected output file ./phydms_results//SUMO1_identity-ge-0.85_randomized_ExpCM_SUMO1_with-cons_max-scores-at-1_prefs_tree.newick
2016-07-22 01:42:06,481 - INFO - Found expected output file ./phydms_results//SUMO1_identity-ge-0.85_randomized_ExpCM_SUMO1_with-cons_max-scores-at-1_prefs_loglikelihood.txt
2016-07-22 01:42:06,482 - INFO - Found expected output file ./phydms_results//SUMO1_identity-ge-0.85_randomized_ExpCM_SUMO1_with-cons_max-scores-at-1_prefs_modelparams.txt
2016-07-22 01:42:06,482 - INFO - Analysis successful for randomized_ExpCM_SUMO1_with-cons_max-scores-at-1_prefs

2016-07-22 02:19:12,881 - INFO - Analysis completed for ExpCM_SUMO1_no-cons_untransformed_prefs
2016-07-22 02:19:12,882 - INFO - Found expected output file ./phydms_results//SUMO1_identity-ge-0.85_ExpCM_SUMO1_no-cons_untransformed_prefs.log
2016-07-22 02:19:12,882 - INFO - Found expected output file ./phydms_results//SUMO1_identity-ge-0.85_ExpCM_SUMO1_no-cons_untransformed_prefs_tree.newick
2016-07-22 02:19:12,882 - INFO - Found expected output file ./phydms_results//SUMO1_identity-ge-0.85_ExpCM_SUMO1_no-cons_untransformed_prefs_loglikelihood.txt
2016-07-22 02:19:12,882 - INFO - Found expected output file ./phydms_results//SUMO1_identity-ge-0.85_ExpCM_SUMO1_no-cons_untransformed_prefs_modelparams.txt
2016-07-22 02:19:12,883 - INFO - Analysis successful for ExpCM_SUMO1_no-cons_untransformed_prefs

2016-07-22 02:32:36,739 - INFO - Analysis completed for ExpCM_SUMO1_with-cons_penalize-scores-gt1_prefs
2016-07-22 02:32:36,740 - INFO - Found expected output file ./phydms_results//SUMO1_identity-ge-0.85_ExpCM_SUMO1_with-cons_penalize-scores-gt1_prefs.log
2016-07-22 02:32:36,740 - INFO - Found expected output file ./phydms_results//SUMO1_identity-ge-0.85_ExpCM_SUMO1_with-cons_penalize-scores-gt1_prefs_tree.newick
2016-07-22 02:32:36,740 - INFO - Found expected output file ./phydms_results//SUMO1_identity-ge-0.85_ExpCM_SUMO1_with-cons_penalize-scores-gt1_prefs_loglikelihood.txt
2016-07-22 02:32:36,740 - INFO - Found expected output file ./phydms_results//SUMO1_identity-ge-0.85_ExpCM_SUMO1_with-cons_penalize-scores-gt1_prefs_modelparams.txt
2016-07-22 02:32:36,741 - INFO - Analysis successful for ExpCM_SUMO1_with-cons_penalize-scores-gt1_prefs

2016-07-22 10:09:35,321 - INFO - Analysis completed for ExpCM_SUMO1_no-cons_penalize-scores-gt1_prefs
2016-07-22 10:09:35,322 - INFO - Found expected output file ./phydms_results//SUMO1_identity-ge-0.85_ExpCM_SUMO1_no-cons_penalize-scores-gt1_prefs.log
2016-07-22 10:09:35,323 - INFO - Found expected output file ./phydms_results//SUMO1_identity-ge-0.85_ExpCM_SUMO1_no-cons_penalize-scores-gt1_prefs_tree.newick
2016-07-22 10:09:35,323 - INFO - Found expected output file ./phydms_results//SUMO1_identity-ge-0.85_ExpCM_SUMO1_no-cons_penalize-scores-gt1_prefs_loglikelihood.txt
2016-07-22 10:09:35,323 - INFO - Found expected output file ./phydms_results//SUMO1_identity-ge-0.85_ExpCM_SUMO1_no-cons_penalize-scores-gt1_prefs_modelparams.txt
2016-07-22 10:09:35,323 - INFO - Analysis successful for ExpCM_SUMO1_no-cons_penalize-scores-gt1_prefs

2016-07-22 10:09:36,334 - INFO - Tabulating model comparisons and writing to ./phydms_results//SUMO1_identity-ge-0.85_modelcomparison.txt
2016-07-22 10:09:36,353 - INFO - Here are the results of the model comparison:
	========================================================== ===== ============== ===========================================================================================
	model                                                      AIC   log likelihood number parameters (optimized + empirical): optimized values                                
	========================================================== ===== ============== ===========================================================================================
	ExpCM_SUMO1_no-cons_penalize-scores-gt1_prefs              0.0   -1816.5        6 (6 + 0): beta = 3.14, omega = 0.15, kappa = 1.87, phiA = 0.33, phiC = 0.21, phiG = 0.24  
	ExpCM_SUMO1_with-cons_penalize-scores-gt1_prefs            0.8   -1817.0        6 (6 + 0): beta = 3.12, omega = 0.15, kappa = 1.87, phiA = 0.33, phiC = 0.21, phiG = 0.24  
	ExpCM_SUMO1_no-cons_max-scores-at-1_prefs                  23.9  -1828.5        6 (6 + 0): beta = 2.60, omega = 0.13, kappa = 1.85, phiA = 0.32, phiC = 0.21, phiG = 0.25  
	ExpCM_SUMO1_no-cons_untransformed_prefs                    52.0  -1842.6        6 (6 + 0): beta = 1.98, omega = 0.12, kappa = 1.88, phiA = 0.33, phiC = 0.21, phiG = 0.25  
	ExpCM_SUMO1_with-cons_untransformed_prefs                  52.2  -1842.7        6 (6 + 0): beta = 1.96, omega = 0.12, kappa = 1.88, phiA = 0.33, phiC = 0.21, phiG = 0.25  
	ExpCM_SUMO1_with-cons_max-scores-at-1_prefs                67.2  -1850.1        6 (6 + 0): beta = 1.00, omega = 0.11, kappa = 1.94, phiA = 0.32, phiC = 0.21, phiG = 0.25  
	YNGKP_M3                                                   186.1 -1900.6        15 (6 + 9): omega0 = 0.01, omega1 = 1.12, omega2 = 1.25, p0 = 0.74, p1 = 0.07, kappa = 1.60
	randomized_ExpCM_SUMO1_no-cons_max-scores-at-1_prefs       220.5 -1926.8        6 (6 + 0): beta = 0.10, omega = 0.09, kappa = 2.01, phiA = 0.31, phiC = 0.20, phiG = 0.25  
	randomized_ExpCM_SUMO1_no-cons_penalize-scores-gt1_prefs   220.9 -1927.0        6 (6 + 0): beta = 0.10, omega = 0.09, kappa = 2.00, phiA = 0.31, phiC = 0.20, phiG = 0.25  
	randomized_ExpCM_SUMO1_with-cons_penalize-scores-gt1_prefs 221.2 -1927.2        6 (6 + 0): beta = 0.10, omega = 0.10, kappa = 2.01, phiA = 0.31, phiC = 0.21, phiG = 0.25  
	randomized_ExpCM_SUMO1_with-cons_max-scores-at-1_prefs     227.0 -1930.1        6 (6 + 0): beta = 0.18, omega = 0.08, kappa = 2.00, phiA = 0.31, phiC = 0.21, phiG = 0.25  
	randomized_ExpCM_SUMO1_no-cons_untransformed_prefs         229.1 -1931.1        6 (6 + 0): beta = 0.22, omega = 0.08, kappa = 2.01, phiA = 0.31, phiC = 0.20, phiG = 0.25  
	YNGKP_M0                                                   340.4 -1981.8        11 (2 + 9): omega = 0.07, kappa = 1.42                                                     
	randomized_ExpCM_SUMO1_with-cons_untransformed_prefs       368.3 -2000.7        6 (6 + 0): beta = 1.00, omega = 0.07, kappa = 2.02, phiA = 0.31, phiC = 0.21, phiG = 0.25  
	========================================================== ===== ============== ===========================================================================================
	
2016-07-22 10:09:36,353 - INFO - Successful completion of phydms_comprehensive
