2016-07-21 22:23:52,485 - INFO - Beginning execution of phydms in directory /home/jbloom/SUMO_and_UBE2I_ExpCM

2016-07-21 22:23:52,485 - INFO - Progress is being logged to ./phydms_results//SUMO1_identity-ge-0.75_ExpCM_SUMO1_no-cons_untransformed_prefs.log

2016-07-21 22:23:52,485 - INFO - Version information:
	Time and date: Thu Jul 21 22:23:52 2016
	Platform: Linux-3.13.0-68-generic-x86_64-with-Ubuntu-14.04-trusty
	Python version: 2.7.6 (default, Jun 22 2015, 17:58:13)  [GCC 4.8.2]
	phydms version: 1.2.dev4
	Bio version: 1.67
	cython version: 0.24.1
	dms_tools version: 1.1.16
	scipy version: 0.17.1
	matplotlib version: 1.5.1

2016-07-21 22:23:52,485 - INFO - Parsed the following command-line arguments:
	randprefs = False
	tree = ./phydms_results//SUMO1_identity-ge-0.75_YNGKP_M0_tree.newick
	ncpus = 1
	avgprefs = False
	seed = 1
	ncats = 6
	outprefix = ./phydms_results//SUMO1_identity-ge-0.75_ExpCM_SUMO1_no-cons_untransformed_prefs
	alignment = ./alignments/SUMO1_alignment_protidentity_ge_0.75.fasta
	stringencybysite = False
	recursion = S
	no_optimize = False
	fitF3X4 = False
	gammarates = False
	debugsite = None
	useLog = False
	diffprefsprior = invquad
	diffprefsbysite = False
	diffprefconc = [150, 0.5]
	infertopology = False
	omegabysite_fixsyn = False
	addrateparameter = False
	omegabysite = False
	fixbrlen = False
	dateseqs = None
	model = ('ExpCM', './prefs//SUMO1_no-cons_untransformed_prefs.txt')
	minbrlen = 1e-06

2016-07-21 22:23:52,485 - INFO - Seeding random number generator with 1

2016-07-21 22:23:52,485 - INFO - Reading alignment from ./alignments/SUMO1_alignment_protidentity_ge_0.75.fasta
2016-07-21 22:23:52,535 - INFO - Read 30 aligned codon sequences from ./alignments/SUMO1_alignment_protidentity_ge_0.75.fasta. Each sequence consists of 101 codons.

2016-07-21 22:23:52,535 - INFO - There will be a single constant substitution rates.

2016-07-21 22:23:52,536 - INFO - The codon substitution model will be experimentally informed by the site-specific amino-acid preferences in ./prefs//SUMO1_no-cons_untransformed_prefs.txt
2016-07-21 22:23:52,537 - INFO - Successfully read site-specific amino-acid preferences for all 101 sites.

2016-07-21 22:23:52,537 - INFO - Reading tree from ./phydms_results//SUMO1_identity-ge-0.75_YNGKP_M0_tree.newick
2016-07-21 22:23:52,539 - INFO - This tree has 30 tips nodes, matching the sequences in alignment.
2016-07-21 22:23:52,540 - INFO - Adjusting all branch lengths to >= 1e-06.

2016-07-21 22:23:52,541 - INFO - Creating Bio++ object to optimize likelihood...
2016-07-21 22:24:02,712 - INFO - Created Bio++ object to optimize likelihood for the 101 codon sites of the 30 sequences.

2016-07-21 22:24:02,713 - INFO - The initial log likelihood is -2917.09; now optimizing by maximum likelihood...
2016-07-22 06:19:28,732 - INFO - Completed optimizing by maximum likelihood.
2016-07-22 06:19:36,820 - INFO - Here is the optimized log likelihood (also being written to ./phydms_results//SUMO1_identity-ge-0.75_ExpCM_SUMO1_no-cons_untransformed_prefs_loglikelihood.txt): -2550.29.
2016-07-22 06:19:36,832 - INFO - Here are the optimized model parameters (also being written to ./phydms_results//SUMO1_identity-ge-0.75_ExpCM_SUMO1_no-cons_untransformed_prefs_modelparams.txt):
	123_Full.theta = 0.454552
	123_Full.theta1 = 0.554261
	123_Full.theta2 = 0.529629
	123_K80.kappa = 1.979786
	omega = 0.124512
	stringencyparameter = 1.986435
2016-07-22 06:19:36,836 - INFO - Here is the optimized tree (also being written to ./phydms_results//SUMO1_identity-ge-0.75_ExpCM_SUMO1_no-cons_untransformed_prefs_tree.newick):
((((ENSTTRP00000000603_Ttru/1-426:0.0659465,((((ENSMMUP00000006935_Mmul/1-303:0.0806422,ENSP00000376077_Hsap/1-303:1e-06):0.0189576,ENSCPOP00000010916_Cpor/1-291:0.153285):0.00624136,(((ENSPSIP00000012821_Psin/1-303:0.176382,(ENSGALP00000013729_Ggal/1-303:0.0290872,ENSTGUP00000010464_Tgut/1-291:0.0329187):0.0484877):0.135355,ENSMODP00000020374_Mdom/1-303:0.165777):0.0506911,(ENSACAP00000005060_Acar/1-303:0.387574,(ENSXETP00000047766_Xtro/1-306:0.582702,(ENSLACP00000016022_Lcha/1-300:1.16225,(ENSLOCP00000012534_Locu/1-303:0.278119,((ENSAMXP00000005144_Amex/1-303:0.352803,ENSDARP00000064994_Drer/1-300:0.149585):0.37248,((ENSORLP00000000767_Olat/1-303:0.292376,ENSXMAP00000006321_Xmac/1-303:0.143865):0.0384944,(ENSTRUP00000000324_Trub/1-303:0.118319,ENSTNIP00000020292_Tnig/1-303:0.00698248):0.235518):0.302707):0.201344):0.267337):0.340634):0.231654):0.0532411):0.0667366):0.0325328,ENSLAFP00000017131_Lafr/1-303:0.189574):0.00901833):0.0153589,((((ENSOCUP00000017947_Ocun/1-303:0.0449977,ENSOGAP00000021888_Ogar/1-303:0.143767):0.0162773,ENSPVAP00000002181_Pvam/1-360:0.0581191):0.170462,ENSMLUP00000019276_Mluc/1-303:0.0338499):1e-06,(ENSOCUP00000020130_Ocun/1-303:0.0463475,ENSSSCP00000004901_Sscr/1-303:0.0940557):0.0335279):1e-06):0.00945086,((ENSFCAP00000016832_Fcat/1-303:0.0329273,ENSMPUP00000000331_Mpfu/1-384:0.101758):0.0290644,ENSOARP00000018840_Oari/1-303:0.070563):0.0355682):0.0188879,ENSEEUP00000011981_Eeur/1-303:0.0932724,ENSSARP00000007412_Sara/1-291:0.12289);


2016-07-22 06:19:36,915 - INFO - Using 1 CPUs for the remaining computations.

2016-07-22 06:19:36,915 - INFO - Successful completion of phydms
