2016-07-21 22:20:01,121 - INFO - Beginning execution of phydms in directory /home/jbloom/SUMO_and_UBE2I_ExpCM

2016-07-21 22:20:01,121 - INFO - Progress is being logged to ./phydms_results//SUMO1_identity-ge-0.85_ExpCM_SUMO1_with-cons_max-scores-at-1_prefs.log

2016-07-21 22:20:01,121 - INFO - Version information:
	Time and date: Thu Jul 21 22:20:01 2016
	Platform: Linux-3.19.0-56-generic-x86_64-with-Ubuntu-14.04-trusty
	Python version: 2.7.6 (default, Jun 22 2015, 17:58:13)  [GCC 4.8.2]
	phydms version: 1.2.dev4
	Bio version: 1.67
	cython version: 0.24.1
	dms_tools version: 1.1.16
	scipy version: 0.17.1
	matplotlib version: 1.5.1

2016-07-21 22:20:01,121 - INFO - Parsed the following command-line arguments:
	randprefs = False
	tree = ./phydms_results//SUMO1_identity-ge-0.85_YNGKP_M0_tree.newick
	ncpus = 1
	avgprefs = False
	seed = 1
	ncats = 6
	outprefix = ./phydms_results//SUMO1_identity-ge-0.85_ExpCM_SUMO1_with-cons_max-scores-at-1_prefs
	alignment = ./alignments/SUMO1_alignment_protidentity_ge_0.85.fasta
	stringencybysite = False
	recursion = S
	no_optimize = False
	fitF3X4 = False
	gammarates = False
	debugsite = None
	useLog = False
	diffprefsprior = invquad
	diffprefsbysite = False
	diffprefconc = [150, 0.5]
	infertopology = False
	omegabysite_fixsyn = False
	addrateparameter = False
	omegabysite = False
	fixbrlen = False
	dateseqs = None
	model = ('ExpCM', './prefs//SUMO1_with-cons_max-scores-at-1_prefs.txt')
	minbrlen = 1e-06

2016-07-21 22:20:01,121 - INFO - Seeding random number generator with 1

2016-07-21 22:20:01,121 - INFO - Reading alignment from ./alignments/SUMO1_alignment_protidentity_ge_0.85.fasta
2016-07-21 22:20:01,154 - INFO - Read 23 aligned codon sequences from ./alignments/SUMO1_alignment_protidentity_ge_0.85.fasta. Each sequence consists of 101 codons.

2016-07-21 22:20:01,154 - INFO - There will be a single constant substitution rates.

2016-07-21 22:20:01,154 - INFO - The codon substitution model will be experimentally informed by the site-specific amino-acid preferences in ./prefs//SUMO1_with-cons_max-scores-at-1_prefs.txt
2016-07-21 22:20:01,156 - INFO - Successfully read site-specific amino-acid preferences for all 101 sites.

2016-07-21 22:20:01,156 - INFO - Reading tree from ./phydms_results//SUMO1_identity-ge-0.85_YNGKP_M0_tree.newick
2016-07-21 22:20:01,157 - INFO - This tree has 23 tips nodes, matching the sequences in alignment.
2016-07-21 22:20:01,158 - INFO - Adjusting all branch lengths to >= 1e-06.

2016-07-21 22:20:01,159 - INFO - Creating Bio++ object to optimize likelihood...
2016-07-21 22:20:10,982 - INFO - Created Bio++ object to optimize likelihood for the 101 codon sites of the 23 sequences.

2016-07-21 22:20:10,983 - INFO - The initial log likelihood is -2077.94; now optimizing by maximum likelihood...
2016-07-21 23:53:41,662 - INFO - Completed optimizing by maximum likelihood.
2016-07-21 23:53:49,015 - INFO - Here is the optimized log likelihood (also being written to ./phydms_results//SUMO1_identity-ge-0.85_ExpCM_SUMO1_with-cons_max-scores-at-1_prefs_loglikelihood.txt): -1850.14.
2016-07-21 23:53:49,018 - INFO - Here are the optimized model parameters (also being written to ./phydms_results//SUMO1_identity-ge-0.85_ExpCM_SUMO1_with-cons_max-scores-at-1_prefs_modelparams.txt):
	123_Full.theta = 0.453814
	123_Full.theta1 = 0.585669
	123_Full.theta2 = 0.545512
	123_K80.kappa = 1.938383
	omega = 0.113862
	stringencyparameter = 1.004769
2016-07-21 23:53:49,020 - INFO - Here is the optimized tree (also being written to ./phydms_results//SUMO1_identity-ge-0.85_ExpCM_SUMO1_with-cons_max-scores-at-1_prefs_tree.newick):
((((ENSTTRP00000000603_Ttru/1-426:0.0595323,(((ENSP00000376077_Hsap/1-303:3.52417e-05,(ENSMMUP00000006935_Mmul/1-303:2.85211e-05,ENSLAFP00000017131_Lafr/1-303:0.168182):0.0807559):0.0195354,ENSCPOP00000010916_Cpor/1-291:0.153005):1.12799e-05,(((ENSPSIP00000012821_Psin/1-303:0.176614,(ENSGALP00000013729_Ggal/1-303:0.02981,ENSTGUP00000010464_Tgut/1-291:0.0324597):0.047465):0.133398,ENSMODP00000020374_Mdom/1-303:0.168155):0.0539599,(ENSACAP00000005060_Acar/1-303:0.385184,(ENSXETP00000047766_Xtro/1-306:0.590859,(ENSLOCP00000012534_Locu/1-303:0.346753,ENSXMAP00000006321_Xmac/1-303:0.598535):0.527512):0.227501):0.0501409):0.0681843):0.0410996):0.0216898,(((ENSOCUP00000020130_Ocun/1-303:0.037823,(ENSOCUP00000017947_Ocun/1-303:0.00862175,ENSOGAP00000021888_Ogar/1-303:0.185862):0.178158):0.00727356,ENSSSCP00000004901_Sscr/1-303:0.0927991):0.0362006,ENSMLUP00000019276_Mluc/1-303:0.0340426):2.69009e-05):0.00959246,((ENSFCAP00000016832_Fcat/1-303:0.0328731,ENSMPUP00000000331_Mpfu/1-384:0.102394):0.0294445,ENSOARP00000018840_Oari/1-303:0.0708898):0.0353363):0.0209378,ENSEEUP00000011981_Eeur/1-303:0.0912692,ENSSARP00000007412_Sara/1-291:0.12155);


2016-07-21 23:53:49,066 - INFO - Using 1 CPUs for the remaining computations.

2016-07-21 23:53:49,066 - INFO - Successful completion of phydms
