2016-07-21 22:19:59,776 - INFO - Beginning execution of phydms in directory /home/jbloom/SUMO_and_UBE2I_ExpCM

2016-07-21 22:19:59,776 - INFO - Progress is being logged to ./phydms_results//SUMO1_identity-ge-0.85_ExpCM_SUMO1_with-cons_penalize-scores-gt1_prefs.log

2016-07-21 22:19:59,776 - INFO - Version information:
	Time and date: Thu Jul 21 22:19:59 2016
	Platform: Linux-3.19.0-56-generic-x86_64-with-Ubuntu-14.04-trusty
	Python version: 2.7.6 (default, Jun 22 2015, 17:58:13)  [GCC 4.8.2]
	phydms version: 1.2.dev4
	Bio version: 1.67
	cython version: 0.24.1
	dms_tools version: 1.1.16
	scipy version: 0.17.1
	matplotlib version: 1.5.1

2016-07-21 22:19:59,776 - INFO - Parsed the following command-line arguments:
	randprefs = False
	tree = ./phydms_results//SUMO1_identity-ge-0.85_YNGKP_M0_tree.newick
	ncpus = 1
	avgprefs = False
	seed = 1
	ncats = 6
	outprefix = ./phydms_results//SUMO1_identity-ge-0.85_ExpCM_SUMO1_with-cons_penalize-scores-gt1_prefs
	alignment = ./alignments/SUMO1_alignment_protidentity_ge_0.85.fasta
	stringencybysite = False
	recursion = S
	no_optimize = False
	fitF3X4 = False
	gammarates = False
	debugsite = None
	useLog = False
	diffprefsprior = invquad
	diffprefsbysite = False
	diffprefconc = [150, 0.5]
	infertopology = False
	omegabysite_fixsyn = False
	addrateparameter = False
	omegabysite = False
	fixbrlen = False
	dateseqs = None
	model = ('ExpCM', './prefs//SUMO1_with-cons_penalize-scores-gt1_prefs.txt')
	minbrlen = 1e-06

2016-07-21 22:19:59,776 - INFO - Seeding random number generator with 1

2016-07-21 22:19:59,777 - INFO - Reading alignment from ./alignments/SUMO1_alignment_protidentity_ge_0.85.fasta
2016-07-21 22:19:59,808 - INFO - Read 23 aligned codon sequences from ./alignments/SUMO1_alignment_protidentity_ge_0.85.fasta. Each sequence consists of 101 codons.

2016-07-21 22:19:59,808 - INFO - There will be a single constant substitution rates.

2016-07-21 22:19:59,808 - INFO - The codon substitution model will be experimentally informed by the site-specific amino-acid preferences in ./prefs//SUMO1_with-cons_penalize-scores-gt1_prefs.txt
2016-07-21 22:19:59,809 - INFO - Successfully read site-specific amino-acid preferences for all 101 sites.

2016-07-21 22:19:59,809 - INFO - Reading tree from ./phydms_results//SUMO1_identity-ge-0.85_YNGKP_M0_tree.newick
2016-07-21 22:19:59,811 - INFO - This tree has 23 tips nodes, matching the sequences in alignment.
2016-07-21 22:19:59,812 - INFO - Adjusting all branch lengths to >= 1e-06.

2016-07-21 22:19:59,812 - INFO - Creating Bio++ object to optimize likelihood...
2016-07-21 22:20:07,686 - INFO - Created Bio++ object to optimize likelihood for the 101 codon sites of the 23 sequences.

2016-07-21 22:20:07,689 - INFO - The initial log likelihood is -2072.21; now optimizing by maximum likelihood...
2016-07-22 02:32:29,738 - INFO - Completed optimizing by maximum likelihood.
2016-07-22 02:32:35,801 - INFO - Here is the optimized log likelihood (also being written to ./phydms_results//SUMO1_identity-ge-0.85_ExpCM_SUMO1_with-cons_penalize-scores-gt1_prefs_loglikelihood.txt): -1816.97.
2016-07-22 02:32:35,804 - INFO - Here are the optimized model parameters (also being written to ./phydms_results//SUMO1_identity-ge-0.85_ExpCM_SUMO1_with-cons_penalize-scores-gt1_prefs_modelparams.txt):
	123_Full.theta = 0.449311
	123_Full.theta1 = 0.595776
	123_Full.theta2 = 0.537498
	123_K80.kappa = 1.865524
	omega = 0.152344
	stringencyparameter = 3.117466
2016-07-22 02:32:35,806 - INFO - Here is the optimized tree (also being written to ./phydms_results//SUMO1_identity-ge-0.85_ExpCM_SUMO1_with-cons_penalize-scores-gt1_prefs_tree.newick):
((((ENSTTRP00000000603_Ttru/1-426:0.0606133,(((ENSP00000376077_Hsap/1-303:1e-06,(ENSMMUP00000006935_Mmul/1-303:1e-06,ENSLAFP00000017131_Lafr/1-303:0.170205):0.0819478):0.0189147,ENSCPOP00000010916_Cpor/1-291:0.156992):1e-06,(((ENSPSIP00000012821_Psin/1-303:0.178535,(ENSGALP00000013729_Ggal/1-303:0.0296086,ENSTGUP00000010464_Tgut/1-291:0.0335081):0.049589):0.134409,ENSMODP00000020374_Mdom/1-303:0.173443):0.055806,(ENSACAP00000005060_Acar/1-303:0.393779,(ENSXETP00000047766_Xtro/1-306:0.618384,(ENSLOCP00000012534_Locu/1-303:0.353291,ENSXMAP00000006321_Xmac/1-303:0.611861):0.5549):0.240495):0.0513594):0.0700715):0.0426965):0.0222456,(((ENSOCUP00000020130_Ocun/1-303:0.0373047,(ENSOCUP00000017947_Ocun/1-303:0.00748703,ENSOGAP00000021888_Ogar/1-303:0.183916):0.182651):0.00781214,ENSSSCP00000004901_Sscr/1-303:0.0944221):0.0370227,ENSMLUP00000019276_Mluc/1-303:0.0346632):1e-06):0.00991974,((ENSFCAP00000016832_Fcat/1-303:0.0336268,ENSMPUP00000000331_Mpfu/1-384:0.103624):0.0291942,ENSOARP00000018840_Oari/1-303:0.0715991):0.0360749):0.019072,ENSEEUP00000011981_Eeur/1-303:0.0950123,ENSSARP00000007412_Sara/1-291:0.126042);


2016-07-22 02:32:35,839 - INFO - Using 1 CPUs for the remaining computations.

2016-07-22 02:32:35,840 - INFO - Successful completion of phydms
