2016-07-21 22:23:57,411 - INFO - Beginning execution of phydms in directory /home/jbloom/SUMO_and_UBE2I_ExpCM

2016-07-21 22:23:57,412 - INFO - Progress is being logged to ./phydms_results//SUMO1_identity-ge-0.75_ExpCM_SUMO1_with-cons_max-scores-at-1_prefs.log

2016-07-21 22:23:57,412 - INFO - Version information:
	Time and date: Thu Jul 21 22:23:57 2016
	Platform: Linux-3.13.0-68-generic-x86_64-with-Ubuntu-14.04-trusty
	Python version: 2.7.6 (default, Jun 22 2015, 17:58:13)  [GCC 4.8.2]
	phydms version: 1.2.dev4
	Bio version: 1.67
	cython version: 0.24.1
	dms_tools version: 1.1.16
	scipy version: 0.17.1
	matplotlib version: 1.5.1

2016-07-21 22:23:57,412 - INFO - Parsed the following command-line arguments:
	randprefs = False
	tree = ./phydms_results//SUMO1_identity-ge-0.75_YNGKP_M0_tree.newick
	ncpus = 1
	avgprefs = False
	seed = 1
	ncats = 6
	outprefix = ./phydms_results//SUMO1_identity-ge-0.75_ExpCM_SUMO1_with-cons_max-scores-at-1_prefs
	alignment = ./alignments/SUMO1_alignment_protidentity_ge_0.75.fasta
	stringencybysite = False
	recursion = S
	no_optimize = False
	fitF3X4 = False
	gammarates = False
	debugsite = None
	useLog = False
	diffprefsprior = invquad
	diffprefsbysite = False
	diffprefconc = [150, 0.5]
	infertopology = False
	omegabysite_fixsyn = False
	addrateparameter = False
	omegabysite = False
	fixbrlen = False
	dateseqs = None
	model = ('ExpCM', './prefs//SUMO1_with-cons_max-scores-at-1_prefs.txt')
	minbrlen = 1e-06

2016-07-21 22:23:57,412 - INFO - Seeding random number generator with 1

2016-07-21 22:23:57,412 - INFO - Reading alignment from ./alignments/SUMO1_alignment_protidentity_ge_0.75.fasta
2016-07-21 22:23:57,462 - INFO - Read 30 aligned codon sequences from ./alignments/SUMO1_alignment_protidentity_ge_0.75.fasta. Each sequence consists of 101 codons.

2016-07-21 22:23:57,462 - INFO - There will be a single constant substitution rates.

2016-07-21 22:23:57,462 - INFO - The codon substitution model will be experimentally informed by the site-specific amino-acid preferences in ./prefs//SUMO1_with-cons_max-scores-at-1_prefs.txt
2016-07-21 22:23:57,464 - INFO - Successfully read site-specific amino-acid preferences for all 101 sites.

2016-07-21 22:23:57,464 - INFO - Reading tree from ./phydms_results//SUMO1_identity-ge-0.75_YNGKP_M0_tree.newick
2016-07-21 22:23:57,465 - INFO - This tree has 30 tips nodes, matching the sequences in alignment.
2016-07-21 22:23:57,466 - INFO - Adjusting all branch lengths to >= 1e-06.

2016-07-21 22:23:57,467 - INFO - Creating Bio++ object to optimize likelihood...
2016-07-21 22:24:10,082 - INFO - Created Bio++ object to optimize likelihood for the 101 codon sites of the 30 sequences.

2016-07-21 22:24:10,083 - INFO - The initial log likelihood is -2904.78; now optimizing by maximum likelihood...
2016-07-22 02:17:53,287 - INFO - Completed optimizing by maximum likelihood.
2016-07-22 02:18:02,061 - INFO - Here is the optimized log likelihood (also being written to ./phydms_results//SUMO1_identity-ge-0.75_ExpCM_SUMO1_with-cons_max-scores-at-1_prefs_loglikelihood.txt): -2534.01.
2016-07-22 02:18:02,064 - INFO - Here are the optimized model parameters (also being written to ./phydms_results//SUMO1_identity-ge-0.75_ExpCM_SUMO1_with-cons_max-scores-at-1_prefs_modelparams.txt):
	123_Full.theta = 0.451729
	123_Full.theta1 = 0.555692
	123_Full.theta2 = 0.529963
	123_K80.kappa = 1.986061
	omega = 0.138605
	stringencyparameter = 2.558742
2016-07-22 02:18:02,068 - INFO - Here is the optimized tree (also being written to ./phydms_results//SUMO1_identity-ge-0.75_ExpCM_SUMO1_with-cons_max-scores-at-1_prefs_tree.newick):
((((ENSTTRP00000000603_Ttru/1-426:0.066825,((((ENSMMUP00000006935_Mmul/1-303:0.0816048,ENSP00000376077_Hsap/1-303:1.15886e-06):0.0189993,ENSCPOP00000010916_Cpor/1-291:0.155543):0.00616217,(((ENSPSIP00000012821_Psin/1-303:0.178157,(ENSGALP00000013729_Ggal/1-303:0.0291866,ENSTGUP00000010464_Tgut/1-291:0.0335223):0.0492538):0.136972,ENSMODP00000020374_Mdom/1-303:0.168478):0.0514021,(ENSACAP00000005060_Acar/1-303:0.390846,(ENSXETP00000047766_Xtro/1-306:0.584703,(ENSLACP00000016022_Lcha/1-300:1.17241,(ENSLOCP00000012534_Locu/1-303:0.282259,((ENSAMXP00000005144_Amex/1-303:0.35725,ENSDARP00000064994_Drer/1-300:0.148657):0.376405,((ENSORLP00000000767_Olat/1-303:0.2945,ENSXMAP00000006321_Xmac/1-303:0.14503):0.0391013,(ENSTRUP00000000324_Trub/1-303:0.119169,ENSTNIP00000020292_Tnig/1-303:0.00695883):0.236539):0.302838):0.204958):0.273686):0.345629):0.245141):0.055105):0.0681649):0.0331201,ENSLAFP00000017131_Lafr/1-303:0.192066):0.00917441):0.0155419,((((ENSOCUP00000017947_Ocun/1-303:0.0454512,ENSOGAP00000021888_Ogar/1-303:0.143927):0.0144758,ENSPVAP00000002181_Pvam/1-360:0.0590092):0.174702,ENSMLUP00000019276_Mluc/1-303:0.0342846):1.12955e-06,(ENSOCUP00000020130_Ocun/1-303:0.0465417,ENSSSCP00000004901_Sscr/1-303:0.0952617):0.034212):1.14336e-06):0.00957318,((ENSFCAP00000016832_Fcat/1-303:0.033555,ENSMPUP00000000331_Mpfu/1-384:0.102819):0.029126,ENSOARP00000018840_Oari/1-303:0.0713206):0.0360916):0.0190229,ENSEEUP00000011981_Eeur/1-303:0.0946325,ENSSARP00000007412_Sara/1-291:0.124808);


2016-07-22 02:18:02,136 - INFO - Using 1 CPUs for the remaining computations.

2016-07-22 02:18:02,136 - INFO - Successful completion of phydms
