2016-07-21 22:23:55,498 - INFO - Beginning execution of phydms in directory /home/jbloom/SUMO_and_UBE2I_ExpCM

2016-07-21 22:23:55,498 - INFO - Progress is being logged to ./phydms_results//SUMO1_identity-ge-0.75_randomized_ExpCM_SUMO1_with-cons_untransformed_prefs.log

2016-07-21 22:23:55,498 - INFO - Version information:
	Time and date: Thu Jul 21 22:23:55 2016
	Platform: Linux-3.13.0-68-generic-x86_64-with-Ubuntu-14.04-trusty
	Python version: 2.7.6 (default, Jun 22 2015, 17:58:13)  [GCC 4.8.2]
	phydms version: 1.2.dev4
	Bio version: 1.67
	cython version: 0.24.1
	dms_tools version: 1.1.16
	scipy version: 0.17.1
	matplotlib version: 1.5.1

2016-07-21 22:23:55,498 - INFO - Parsed the following command-line arguments:
	randprefs = True
	tree = ./phydms_results//SUMO1_identity-ge-0.75_YNGKP_M0_tree.newick
	ncpus = 1
	avgprefs = False
	seed = 1
	ncats = 6
	outprefix = ./phydms_results//SUMO1_identity-ge-0.75_randomized_ExpCM_SUMO1_with-cons_untransformed_prefs
	alignment = ./alignments/SUMO1_alignment_protidentity_ge_0.75.fasta
	stringencybysite = False
	recursion = S
	no_optimize = False
	fitF3X4 = False
	gammarates = False
	debugsite = None
	useLog = False
	diffprefsprior = invquad
	diffprefsbysite = False
	diffprefconc = [150, 0.5]
	infertopology = False
	omegabysite_fixsyn = False
	addrateparameter = False
	omegabysite = False
	fixbrlen = False
	dateseqs = None
	model = ('ExpCM', './prefs//SUMO1_with-cons_untransformed_prefs.txt')
	minbrlen = 1e-06

2016-07-21 22:23:55,498 - INFO - Seeding random number generator with 1

2016-07-21 22:23:55,498 - INFO - Reading alignment from ./alignments/SUMO1_alignment_protidentity_ge_0.75.fasta
2016-07-21 22:23:55,548 - INFO - Read 30 aligned codon sequences from ./alignments/SUMO1_alignment_protidentity_ge_0.75.fasta. Each sequence consists of 101 codons.

2016-07-21 22:23:55,548 - INFO - There will be a single constant substitution rates.

2016-07-21 22:23:55,548 - INFO - The codon substitution model will be experimentally informed by the site-specific amino-acid preferences in ./prefs//SUMO1_with-cons_untransformed_prefs.txt
2016-07-21 22:23:55,549 - INFO - Successfully read site-specific amino-acid preferences for all 101 sites.

2016-07-21 22:23:55,549 - INFO - Now randomizing these amino-acid preferences among sites.

2016-07-21 22:23:55,549 - INFO - Reading tree from ./phydms_results//SUMO1_identity-ge-0.75_YNGKP_M0_tree.newick
2016-07-21 22:23:55,551 - INFO - This tree has 30 tips nodes, matching the sequences in alignment.
2016-07-21 22:23:55,552 - INFO - Adjusting all branch lengths to >= 1e-06.

2016-07-21 22:23:55,553 - INFO - Creating Bio++ object to optimize likelihood...
2016-07-21 22:24:05,814 - INFO - Created Bio++ object to optimize likelihood for the 101 codon sites of the 30 sequences.

2016-07-21 22:24:05,815 - INFO - The initial log likelihood is -3413.2; now optimizing by maximum likelihood...
2016-07-22 00:47:54,171 - INFO - Completed optimizing by maximum likelihood.
2016-07-22 00:48:03,486 - INFO - Here is the optimized log likelihood (also being written to ./phydms_results//SUMO1_identity-ge-0.75_randomized_ExpCM_SUMO1_with-cons_untransformed_prefs_loglikelihood.txt): -2647.21.
2016-07-22 00:48:03,489 - INFO - Here are the optimized model parameters (also being written to ./phydms_results//SUMO1_identity-ge-0.75_randomized_ExpCM_SUMO1_with-cons_untransformed_prefs_modelparams.txt):
	123_Full.theta = 0.456717
	123_Full.theta1 = 0.537839
	123_Full.theta2 = 0.538479
	123_K80.kappa = 2.042908
	omega = 0.091724
	stringencyparameter = 0.103432
2016-07-22 00:48:03,491 - INFO - Here is the optimized tree (also being written to ./phydms_results//SUMO1_identity-ge-0.75_randomized_ExpCM_SUMO1_with-cons_untransformed_prefs_tree.newick):
((((ENSTTRP00000000603_Ttru/1-426:0.0606336,((((ENSMMUP00000006935_Mmul/1-303:0.0754394,ENSP00000376077_Hsap/1-303:1e-06):0.0211841,ENSCPOP00000010916_Cpor/1-291:0.14122):0.00337762,(((ENSPSIP00000012821_Psin/1-303:0.163107,(ENSGALP00000013729_Ggal/1-303:0.0289631,ENSTGUP00000010464_Tgut/1-291:0.0306058):0.0448545):0.119224,ENSMODP00000020374_Mdom/1-303:0.156933):0.0482654,(ENSACAP00000005060_Acar/1-303:0.340709,(ENSXETP00000047766_Xtro/1-306:0.501772,(ENSLACP00000016022_Lcha/1-300:0.967747,(ENSLOCP00000012534_Locu/1-303:0.255188,((ENSAMXP00000005144_Amex/1-303:0.331151,ENSDARP00000064994_Drer/1-300:0.130366):0.311692,((ENSORLP00000000767_Olat/1-303:0.276205,ENSXMAP00000006321_Xmac/1-303:0.13007):0.0684562,(ENSTRUP00000000324_Trub/1-303:0.116778,ENSTNIP00000020292_Tnig/1-303:0.0042958):0.199437):0.267496):0.210059):0.310078):0.24759):0.217462):0.0541426):0.0672945):0.0308814,ENSLAFP00000017131_Lafr/1-303:0.175802):0.00954979):0.0166567,((((ENSOCUP00000017947_Ocun/1-303:0.04344,ENSOGAP00000021888_Ogar/1-303:0.136647):0.0298203,ENSPVAP00000002181_Pvam/1-360:0.0552114):0.148771,ENSMLUP00000019276_Mluc/1-303:0.0322932):1e-06,(ENSOCUP00000020130_Ocun/1-303:0.0443851,ENSSSCP00000004901_Sscr/1-303:0.0871604):0.0314709):1e-06):0.0110966,((ENSFCAP00000016832_Fcat/1-303:0.0301662,ENSMPUP00000000331_Mpfu/1-384:0.102792):0.0285473,ENSOARP00000018840_Oari/1-303:0.0722345):0.0313297):0.0178184,ENSEEUP00000011981_Eeur/1-303:0.087955,ENSSARP00000007412_Sara/1-291:0.114052);


2016-07-22 00:48:03,537 - INFO - Using 1 CPUs for the remaining computations.

2016-07-22 00:48:03,537 - INFO - Successful completion of phydms
