2016-07-21 22:23:51,525 - INFO - Beginning execution of phydms in directory /home/jbloom/SUMO_and_UBE2I_ExpCM

2016-07-21 22:23:51,525 - INFO - Progress is being logged to ./phydms_results//SUMO1_identity-ge-0.75_randomized_ExpCM_SUMO1_no-cons_untransformed_prefs.log

2016-07-21 22:23:51,525 - INFO - Version information:
	Time and date: Thu Jul 21 22:23:51 2016
	Platform: Linux-3.13.0-68-generic-x86_64-with-Ubuntu-14.04-trusty
	Python version: 2.7.6 (default, Jun 22 2015, 17:58:13)  [GCC 4.8.2]
	phydms version: 1.2.dev4
	Bio version: 1.67
	cython version: 0.24.1
	dms_tools version: 1.1.16
	scipy version: 0.17.1
	matplotlib version: 1.5.1

2016-07-21 22:23:51,525 - INFO - Parsed the following command-line arguments:
	randprefs = True
	tree = ./phydms_results//SUMO1_identity-ge-0.75_YNGKP_M0_tree.newick
	ncpus = 1
	avgprefs = False
	seed = 1
	ncats = 6
	outprefix = ./phydms_results//SUMO1_identity-ge-0.75_randomized_ExpCM_SUMO1_no-cons_untransformed_prefs
	alignment = ./alignments/SUMO1_alignment_protidentity_ge_0.75.fasta
	stringencybysite = False
	recursion = S
	no_optimize = False
	fitF3X4 = False
	gammarates = False
	debugsite = None
	useLog = False
	diffprefsprior = invquad
	diffprefsbysite = False
	diffprefconc = [150, 0.5]
	infertopology = False
	omegabysite_fixsyn = False
	addrateparameter = False
	omegabysite = False
	fixbrlen = False
	dateseqs = None
	model = ('ExpCM', './prefs//SUMO1_no-cons_untransformed_prefs.txt')
	minbrlen = 1e-06

2016-07-21 22:23:51,525 - INFO - Seeding random number generator with 1

2016-07-21 22:23:51,525 - INFO - Reading alignment from ./alignments/SUMO1_alignment_protidentity_ge_0.75.fasta
2016-07-21 22:23:51,577 - INFO - Read 30 aligned codon sequences from ./alignments/SUMO1_alignment_protidentity_ge_0.75.fasta. Each sequence consists of 101 codons.

2016-07-21 22:23:51,577 - INFO - There will be a single constant substitution rates.

2016-07-21 22:23:51,577 - INFO - The codon substitution model will be experimentally informed by the site-specific amino-acid preferences in ./prefs//SUMO1_no-cons_untransformed_prefs.txt
2016-07-21 22:23:51,579 - INFO - Successfully read site-specific amino-acid preferences for all 101 sites.

2016-07-21 22:23:51,579 - INFO - Now randomizing these amino-acid preferences among sites.

2016-07-21 22:23:51,580 - INFO - Reading tree from ./phydms_results//SUMO1_identity-ge-0.75_YNGKP_M0_tree.newick
2016-07-21 22:23:51,581 - INFO - This tree has 30 tips nodes, matching the sequences in alignment.
2016-07-21 22:23:51,582 - INFO - Adjusting all branch lengths to >= 1e-06.

2016-07-21 22:23:51,583 - INFO - Creating Bio++ object to optimize likelihood...
2016-07-21 22:24:01,736 - INFO - Created Bio++ object to optimize likelihood for the 101 codon sites of the 30 sequences.

2016-07-21 22:24:01,738 - INFO - The initial log likelihood is -3417.6; now optimizing by maximum likelihood...
2016-07-22 05:38:38,829 - INFO - Completed optimizing by maximum likelihood.
2016-07-22 05:38:47,415 - INFO - Here is the optimized log likelihood (also being written to ./phydms_results//SUMO1_identity-ge-0.75_randomized_ExpCM_SUMO1_no-cons_untransformed_prefs_loglikelihood.txt): -2647.86.
2016-07-22 05:38:47,419 - INFO - Here are the optimized model parameters (also being written to ./phydms_results//SUMO1_identity-ge-0.75_randomized_ExpCM_SUMO1_no-cons_untransformed_prefs_modelparams.txt):
	123_Full.theta = 0.455242
	123_Full.theta1 = 0.534793
	123_Full.theta2 = 0.538482
	123_K80.kappa = 2.079542
	omega = 0.085972
	stringencyparameter = 0.100000
2016-07-22 05:38:47,422 - INFO - Here is the optimized tree (also being written to ./phydms_results//SUMO1_identity-ge-0.75_randomized_ExpCM_SUMO1_no-cons_untransformed_prefs_tree.newick):
((((ENSTTRP00000000603_Ttru/1-426:0.0645038,((((ENSMMUP00000006935_Mmul/1-303:0.0786414,ENSP00000376077_Hsap/1-303:1e-06):0.0198806,ENSCPOP00000010916_Cpor/1-291:0.147958):0.00634495,(((ENSPSIP00000012821_Psin/1-303:0.172433,(ENSGALP00000013729_Ggal/1-303:0.0290099,ENSTGUP00000010464_Tgut/1-291:0.031547):0.0455689):0.13434,ENSMODP00000020374_Mdom/1-303:0.158911):0.0479384,(ENSACAP00000005060_Acar/1-303:0.375824,(ENSXETP00000047766_Xtro/1-306:0.555227,(ENSLACP00000016022_Lcha/1-300:1.05787,(ENSLOCP00000012534_Locu/1-303:0.262188,((ENSAMXP00000005144_Amex/1-303:0.343449,ENSDARP00000064994_Drer/1-300:0.144765):0.350116,((ENSORLP00000000767_Olat/1-303:0.283877,ENSXMAP00000006321_Xmac/1-303:0.138735):0.0551625,(ENSTRUP00000000324_Trub/1-303:0.118643,ENSTNIP00000020292_Tnig/1-303:0.00417334):0.216895):0.283603):0.202506):0.299489):0.29229):0.211231):0.0518506):0.0652303):0.030825,ENSLAFP00000017131_Lafr/1-303:0.183923):0.0081113):0.0145713,((((ENSOCUP00000017947_Ocun/1-303:0.0445306,ENSOGAP00000021888_Ogar/1-303:0.142625):0.0136201,ENSPVAP00000002181_Pvam/1-360:0.0575226):0.16769,ENSMLUP00000019276_Mluc/1-303:0.0329171):1e-06,(ENSOCUP00000020130_Ocun/1-303:0.0459193,ENSSSCP00000004901_Sscr/1-303:0.0912391):0.0321043):1e-06):0.00897327,((ENSFCAP00000016832_Fcat/1-303:0.0316024,ENSMPUP00000000331_Mpfu/1-384:0.0999117):0.0291451,ENSOARP00000018840_Oari/1-303:0.0694927):0.0340748):0.0182931,ENSEEUP00000011981_Eeur/1-303:0.0909057,ENSSARP00000007412_Sara/1-291:0.118681);


2016-07-22 05:38:47,490 - INFO - Using 1 CPUs for the remaining computations.

2016-07-22 05:38:47,490 - INFO - Successful completion of phydms
