2016-07-21 22:23:56,487 - INFO - Beginning execution of phydms in directory /home/jbloom/SUMO_and_UBE2I_ExpCM

2016-07-21 22:23:56,488 - INFO - Progress is being logged to ./phydms_results//SUMO1_identity-ge-0.75_ExpCM_SUMO1_with-cons_penalize-scores-gt1_prefs.log

2016-07-21 22:23:56,488 - INFO - Version information:
	Time and date: Thu Jul 21 22:23:56 2016
	Platform: Linux-3.13.0-68-generic-x86_64-with-Ubuntu-14.04-trusty
	Python version: 2.7.6 (default, Jun 22 2015, 17:58:13)  [GCC 4.8.2]
	phydms version: 1.2.dev4
	Bio version: 1.67
	cython version: 0.24.1
	dms_tools version: 1.1.16
	scipy version: 0.17.1
	matplotlib version: 1.5.1

2016-07-21 22:23:56,488 - INFO - Parsed the following command-line arguments:
	randprefs = False
	tree = ./phydms_results//SUMO1_identity-ge-0.75_YNGKP_M0_tree.newick
	ncpus = 1
	avgprefs = False
	seed = 1
	ncats = 6
	outprefix = ./phydms_results//SUMO1_identity-ge-0.75_ExpCM_SUMO1_with-cons_penalize-scores-gt1_prefs
	alignment = ./alignments/SUMO1_alignment_protidentity_ge_0.75.fasta
	stringencybysite = False
	recursion = S
	no_optimize = False
	fitF3X4 = False
	gammarates = False
	debugsite = None
	useLog = False
	diffprefsprior = invquad
	diffprefsbysite = False
	diffprefconc = [150, 0.5]
	infertopology = False
	omegabysite_fixsyn = False
	addrateparameter = False
	omegabysite = False
	fixbrlen = False
	dateseqs = None
	model = ('ExpCM', './prefs//SUMO1_with-cons_penalize-scores-gt1_prefs.txt')
	minbrlen = 1e-06

2016-07-21 22:23:56,488 - INFO - Seeding random number generator with 1

2016-07-21 22:23:56,488 - INFO - Reading alignment from ./alignments/SUMO1_alignment_protidentity_ge_0.75.fasta
2016-07-21 22:23:56,539 - INFO - Read 30 aligned codon sequences from ./alignments/SUMO1_alignment_protidentity_ge_0.75.fasta. Each sequence consists of 101 codons.

2016-07-21 22:23:56,539 - INFO - There will be a single constant substitution rates.

2016-07-21 22:23:56,539 - INFO - The codon substitution model will be experimentally informed by the site-specific amino-acid preferences in ./prefs//SUMO1_with-cons_penalize-scores-gt1_prefs.txt
2016-07-21 22:23:56,540 - INFO - Successfully read site-specific amino-acid preferences for all 101 sites.

2016-07-21 22:23:56,540 - INFO - Reading tree from ./phydms_results//SUMO1_identity-ge-0.75_YNGKP_M0_tree.newick
2016-07-21 22:23:56,542 - INFO - This tree has 30 tips nodes, matching the sequences in alignment.
2016-07-21 22:23:56,543 - INFO - Adjusting all branch lengths to >= 1e-06.

2016-07-21 22:23:56,544 - INFO - Creating Bio++ object to optimize likelihood...
2016-07-21 22:24:06,921 - INFO - Created Bio++ object to optimize likelihood for the 101 codon sites of the 30 sequences.

2016-07-21 22:24:06,922 - INFO - The initial log likelihood is -2897.13; now optimizing by maximum likelihood...
2016-07-22 04:05:04,114 - INFO - Completed optimizing by maximum likelihood.
2016-07-22 04:05:12,421 - INFO - Here is the optimized log likelihood (also being written to ./phydms_results//SUMO1_identity-ge-0.75_ExpCM_SUMO1_with-cons_penalize-scores-gt1_prefs_loglikelihood.txt): -2520.4.
2016-07-22 04:05:12,425 - INFO - Here are the optimized model parameters (also being written to ./phydms_results//SUMO1_identity-ge-0.75_ExpCM_SUMO1_with-cons_penalize-scores-gt1_prefs_modelparams.txt):
	123_Full.theta = 0.449662
	123_Full.theta1 = 0.554059
	123_Full.theta2 = 0.523416
	123_K80.kappa = 1.990201
	omega = 0.154069
	stringencyparameter = 3.180605
2016-07-22 04:05:12,428 - INFO - Here is the optimized tree (also being written to ./phydms_results//SUMO1_identity-ge-0.75_ExpCM_SUMO1_with-cons_penalize-scores-gt1_prefs_tree.newick):
((((ENSTTRP00000000603_Ttru/1-426:0.0681371,((((ENSMMUP00000006935_Mmul/1-303:0.0829063,ENSP00000376077_Hsap/1-303:1e-06):0.0186486,ENSCPOP00000010916_Cpor/1-291:0.159089):0.00674142,(((ENSPSIP00000012821_Psin/1-303:0.180814,(ENSGALP00000013729_Ggal/1-303:0.0294844,ENSTGUP00000010464_Tgut/1-291:0.0342207):0.0504074):0.138052,ENSMODP00000020374_Mdom/1-303:0.173322):0.0519892,(ENSACAP00000005060_Acar/1-303:0.397359,(ENSXETP00000047766_Xtro/1-306:0.594052,(ENSLACP00000016022_Lcha/1-300:1.21949,(ENSLOCP00000012534_Locu/1-303:0.289771,((ENSAMXP00000005144_Amex/1-303:0.36791,ENSDARP00000064994_Drer/1-300:0.144162):0.384574,((ENSORLP00000000767_Olat/1-303:0.298809,ENSXMAP00000006321_Xmac/1-303:0.146738):0.036092,(ENSTRUP00000000324_Trub/1-303:0.121221,ENSTNIP00000020292_Tnig/1-303:0.00663403):0.243773):0.303899):0.209515):0.266873):0.372397):0.259722):0.0573064):0.0703684):0.0340123,ENSLAFP00000017131_Lafr/1-303:0.195483):0.00930884):0.0156699,((((ENSOCUP00000017947_Ocun/1-303:0.0459428,ENSOGAP00000021888_Ogar/1-303:0.144586):0.0164771,ENSPVAP00000002181_Pvam/1-360:0.0599795):0.175886,ENSMLUP00000019276_Mluc/1-303:0.0348631):1e-06,(ENSOCUP00000020130_Ocun/1-303:0.0468126,ENSSSCP00000004901_Sscr/1-303:0.0968806):0.035107):1e-06):0.00971574,((ENSFCAP00000016832_Fcat/1-303:0.0341737,ENSMPUP00000000331_Mpfu/1-384:0.104365):0.0293548,ENSOARP00000018840_Oari/1-303:0.0723409):0.0367649):0.018865,ENSEEUP00000011981_Eeur/1-303:0.0969401,ENSSARP00000007412_Sara/1-291:0.127756);


2016-07-22 04:05:12,496 - INFO - Using 1 CPUs for the remaining computations.

2016-07-22 04:05:12,496 - INFO - Successful completion of phydms
