2016-07-21 22:23:46,230 - INFO - Beginning execution of phydms in directory /home/jbloom/SUMO_and_UBE2I_ExpCM

2016-07-21 22:23:46,230 - INFO - Progress is being logged to ./phydms_results//SUMO1_identity-ge-0.75_randomized_ExpCM_SUMO1_no-cons_penalize-scores-gt1_prefs.log

2016-07-21 22:23:46,230 - INFO - Version information:
	Time and date: Thu Jul 21 22:23:46 2016
	Platform: Linux-3.13.0-68-generic-x86_64-with-Ubuntu-14.04-trusty
	Python version: 2.7.6 (default, Jun 22 2015, 17:58:13)  [GCC 4.8.2]
	phydms version: 1.2.dev4
	Bio version: 1.67
	cython version: 0.24.1
	dms_tools version: 1.1.16
	scipy version: 0.17.1
	matplotlib version: 1.5.1

2016-07-21 22:23:46,230 - INFO - Parsed the following command-line arguments:
	randprefs = True
	tree = ./phydms_results//SUMO1_identity-ge-0.75_YNGKP_M0_tree.newick
	ncpus = 1
	avgprefs = False
	seed = 1
	ncats = 6
	outprefix = ./phydms_results//SUMO1_identity-ge-0.75_randomized_ExpCM_SUMO1_no-cons_penalize-scores-gt1_prefs
	alignment = ./alignments/SUMO1_alignment_protidentity_ge_0.75.fasta
	stringencybysite = False
	recursion = S
	no_optimize = False
	fitF3X4 = False
	gammarates = False
	debugsite = None
	useLog = False
	diffprefsprior = invquad
	diffprefsbysite = False
	diffprefconc = [150, 0.5]
	infertopology = False
	omegabysite_fixsyn = False
	addrateparameter = False
	omegabysite = False
	fixbrlen = False
	dateseqs = None
	model = ('ExpCM', './prefs//SUMO1_no-cons_penalize-scores-gt1_prefs.txt')
	minbrlen = 1e-06

2016-07-21 22:23:46,230 - INFO - Seeding random number generator with 1

2016-07-21 22:23:46,230 - INFO - Reading alignment from ./alignments/SUMO1_alignment_protidentity_ge_0.75.fasta
2016-07-21 22:23:46,284 - INFO - Read 30 aligned codon sequences from ./alignments/SUMO1_alignment_protidentity_ge_0.75.fasta. Each sequence consists of 101 codons.

2016-07-21 22:23:46,285 - INFO - There will be a single constant substitution rates.

2016-07-21 22:23:46,285 - INFO - The codon substitution model will be experimentally informed by the site-specific amino-acid preferences in ./prefs//SUMO1_no-cons_penalize-scores-gt1_prefs.txt
2016-07-21 22:23:46,289 - INFO - Successfully read site-specific amino-acid preferences for all 101 sites.

2016-07-21 22:23:46,289 - INFO - Now randomizing these amino-acid preferences among sites.

2016-07-21 22:23:46,289 - INFO - Reading tree from ./phydms_results//SUMO1_identity-ge-0.75_YNGKP_M0_tree.newick
2016-07-21 22:23:46,294 - INFO - This tree has 30 tips nodes, matching the sequences in alignment.
2016-07-21 22:23:46,296 - INFO - Adjusting all branch lengths to >= 1e-06.

2016-07-21 22:23:46,299 - INFO - Creating Bio++ object to optimize likelihood...
2016-07-21 22:23:56,627 - INFO - Created Bio++ object to optimize likelihood for the 101 codon sites of the 30 sequences.

2016-07-21 22:23:56,627 - INFO - The initial log likelihood is -3398.42; now optimizing by maximum likelihood...
2016-07-22 01:56:28,659 - INFO - Completed optimizing by maximum likelihood.
2016-07-22 01:56:37,514 - INFO - Here is the optimized log likelihood (also being written to ./phydms_results//SUMO1_identity-ge-0.75_randomized_ExpCM_SUMO1_no-cons_penalize-scores-gt1_prefs_loglikelihood.txt): -2647.42.
2016-07-22 01:56:37,517 - INFO - Here are the optimized model parameters (also being written to ./phydms_results//SUMO1_identity-ge-0.75_randomized_ExpCM_SUMO1_no-cons_penalize-scores-gt1_prefs_modelparams.txt):
	123_Full.theta = 0.455634
	123_Full.theta1 = 0.535601
	123_Full.theta2 = 0.539962
	123_K80.kappa = 2.067899
	omega = 0.084382
	stringencyparameter = 0.108833
2016-07-22 01:56:37,521 - INFO - Here is the optimized tree (also being written to ./phydms_results//SUMO1_identity-ge-0.75_randomized_ExpCM_SUMO1_no-cons_penalize-scores-gt1_prefs_tree.newick):
((((ENSTTRP00000000603_Ttru/1-426:0.0649287,((((ENSMMUP00000006935_Mmul/1-303:0.0787669,ENSP00000376077_Hsap/1-303:5.63262e-06):0.0194608,ENSCPOP00000010916_Cpor/1-291:0.148368):0.00656903,(((ENSPSIP00000012821_Psin/1-303:0.172831,(ENSGALP00000013729_Ggal/1-303:0.029055,ENSTGUP00000010464_Tgut/1-291:0.0314962):0.0453921):0.134209,ENSMODP00000020374_Mdom/1-303:0.158937):0.0479548,(ENSACAP00000005060_Acar/1-303:0.375493,(ENSXETP00000047766_Xtro/1-306:0.560877,(ENSLACP00000016022_Lcha/1-300:1.07173,(ENSLOCP00000012534_Locu/1-303:0.259992,((ENSAMXP00000005144_Amex/1-303:0.346315,ENSDARP00000064994_Drer/1-300:0.142354):0.353387,((ENSORLP00000000767_Olat/1-303:0.285861,ENSXMAP00000006321_Xmac/1-303:0.137875):0.0558407,(ENSTRUP00000000324_Trub/1-303:0.120206,ENSTNIP00000020292_Tnig/1-303:0.00325963):0.217734):0.280514):0.203616):0.289449):0.290386):0.201965):0.0526822):0.0640923):0.0333783,ENSLAFP00000017131_Lafr/1-303:0.186393):0.00621384):0.0147616,((((ENSOCUP00000017947_Ocun/1-303:0.043981,ENSOGAP00000021888_Ogar/1-303:0.143679):0.0295212,ENSPVAP00000002181_Pvam/1-360:0.0566627):0.152789,ENSMLUP00000019276_Mluc/1-303:0.0329609):5.08847e-06,(ENSOCUP00000020130_Ocun/1-303:0.0460136,ENSSSCP00000004901_Sscr/1-303:0.0914246):0.0321363):5.27206e-06):0.00809957,((ENSFCAP00000016832_Fcat/1-303:0.031552,ENSMPUP00000000331_Mpfu/1-384:0.100254):0.0293794,ENSOARP00000018840_Oari/1-303:0.0698219):0.034792):0.0187764,ENSEEUP00000011981_Eeur/1-303:0.0916868,ENSSARP00000007412_Sara/1-291:0.118884);


2016-07-22 01:56:37,589 - INFO - Using 1 CPUs for the remaining computations.

2016-07-22 01:56:37,590 - INFO - Successful completion of phydms
