2016-07-21 22:19:54,327 - INFO - Beginning execution of phydms in directory /home/jbloom/SUMO_and_UBE2I_ExpCM

2016-07-21 22:19:54,328 - INFO - Progress is being logged to ./phydms_results//SUMO1_identity-ge-0.85_randomized_ExpCM_SUMO1_with-cons_max-scores-at-1_prefs.log

2016-07-21 22:19:54,328 - INFO - Version information:
	Time and date: Thu Jul 21 22:19:54 2016
	Platform: Linux-3.19.0-56-generic-x86_64-with-Ubuntu-14.04-trusty
	Python version: 2.7.6 (default, Jun 22 2015, 17:58:13)  [GCC 4.8.2]
	phydms version: 1.2.dev4
	Bio version: 1.67
	cython version: 0.24.1
	dms_tools version: 1.1.16
	scipy version: 0.17.1
	matplotlib version: 1.5.1

2016-07-21 22:19:54,328 - INFO - Parsed the following command-line arguments:
	randprefs = True
	tree = ./phydms_results//SUMO1_identity-ge-0.85_YNGKP_M0_tree.newick
	ncpus = 1
	avgprefs = False
	seed = 1
	ncats = 6
	outprefix = ./phydms_results//SUMO1_identity-ge-0.85_randomized_ExpCM_SUMO1_with-cons_max-scores-at-1_prefs
	alignment = ./alignments/SUMO1_alignment_protidentity_ge_0.85.fasta
	stringencybysite = False
	recursion = S
	no_optimize = False
	fitF3X4 = False
	gammarates = False
	debugsite = None
	useLog = False
	diffprefsprior = invquad
	diffprefsbysite = False
	diffprefconc = [150, 0.5]
	infertopology = False
	omegabysite_fixsyn = False
	addrateparameter = False
	omegabysite = False
	fixbrlen = False
	dateseqs = None
	model = ('ExpCM', './prefs//SUMO1_with-cons_max-scores-at-1_prefs.txt')
	minbrlen = 1e-06

2016-07-21 22:19:54,328 - INFO - Seeding random number generator with 1

2016-07-21 22:19:54,328 - INFO - Reading alignment from ./alignments/SUMO1_alignment_protidentity_ge_0.85.fasta
2016-07-21 22:19:54,390 - INFO - Read 23 aligned codon sequences from ./alignments/SUMO1_alignment_protidentity_ge_0.85.fasta. Each sequence consists of 101 codons.

2016-07-21 22:19:54,390 - INFO - There will be a single constant substitution rates.

2016-07-21 22:19:54,390 - INFO - The codon substitution model will be experimentally informed by the site-specific amino-acid preferences in ./prefs//SUMO1_with-cons_max-scores-at-1_prefs.txt
2016-07-21 22:19:54,394 - INFO - Successfully read site-specific amino-acid preferences for all 101 sites.

2016-07-21 22:19:54,394 - INFO - Now randomizing these amino-acid preferences among sites.

2016-07-21 22:19:54,394 - INFO - Reading tree from ./phydms_results//SUMO1_identity-ge-0.85_YNGKP_M0_tree.newick
2016-07-21 22:19:54,397 - INFO - This tree has 23 tips nodes, matching the sequences in alignment.
2016-07-21 22:19:54,398 - INFO - Adjusting all branch lengths to >= 1e-06.

2016-07-21 22:19:54,399 - INFO - Creating Bio++ object to optimize likelihood...
2016-07-21 22:20:04,374 - INFO - Created Bio++ object to optimize likelihood for the 101 codon sites of the 23 sequences.

2016-07-21 22:20:04,375 - INFO - The initial log likelihood is -2431; now optimizing by maximum likelihood...
2016-07-22 01:41:58,545 - INFO - Completed optimizing by maximum likelihood.
2016-07-22 01:42:05,636 - INFO - Here is the optimized log likelihood (also being written to ./phydms_results//SUMO1_identity-ge-0.85_randomized_ExpCM_SUMO1_with-cons_max-scores-at-1_prefs_loglikelihood.txt): -1930.07.
2016-07-22 01:42:05,639 - INFO - Here are the optimized model parameters (also being written to ./phydms_results//SUMO1_identity-ge-0.85_randomized_ExpCM_SUMO1_with-cons_max-scores-at-1_prefs_modelparams.txt):
	123_Full.theta = 0.455848
	123_Full.theta1 = 0.569984
	123_Full.theta2 = 0.549298
	123_K80.kappa = 2.002952
	omega = 0.081109
	stringencyparameter = 0.184874
2016-07-22 01:42:05,641 - INFO - Here is the optimized tree (also being written to ./phydms_results//SUMO1_identity-ge-0.85_randomized_ExpCM_SUMO1_with-cons_max-scores-at-1_prefs_tree.newick):
((((ENSTTRP00000000603_Ttru/1-426:0.0568952,(((ENSP00000376077_Hsap/1-303:0.00335892,(ENSMMUP00000006935_Mmul/1-303:0.00268263,ENSLAFP00000017131_Lafr/1-303:0.161253):0.0773242):0.0175248,ENSCPOP00000010916_Cpor/1-291:0.147112):0.000949314,(((ENSPSIP00000012821_Psin/1-303:0.168679,(ENSGALP00000013729_Ggal/1-303:0.0284324,ENSTGUP00000010464_Tgut/1-291:0.0306904):0.0441566):0.125891,ENSMODP00000020374_Mdom/1-303:0.160792):0.0502355,(ENSACAP00000005060_Acar/1-303:0.362685,(ENSXETP00000047766_Xtro/1-306:0.547385,(ENSLOCP00000012534_Locu/1-303:0.328352,ENSXMAP00000006321_Xmac/1-303:0.555803):0.481147):0.198641):0.0442048):0.0647652):0.039898):0.0206301,(((ENSOCUP00000020130_Ocun/1-303:0.0365005,(ENSOCUP00000017947_Ocun/1-303:0.00949292,ENSOGAP00000021888_Ogar/1-303:0.178205):0.169141):0.00682498,ENSSSCP00000004901_Sscr/1-303:0.0886638):0.0345482,ENSMLUP00000019276_Mluc/1-303:0.0325307):0.002603):0.00910271,((ENSFCAP00000016832_Fcat/1-303:0.0305164,ENSMPUP00000000331_Mpfu/1-384:0.0997521):0.0288912,ENSOARP00000018840_Oari/1-303:0.0693675):0.0322203):0.0188709,ENSEEUP00000011981_Eeur/1-303:0.088415,ENSSARP00000007412_Sara/1-291:0.11642);


2016-07-22 01:42:05,678 - INFO - Using 1 CPUs for the remaining computations.

2016-07-22 01:42:05,678 - INFO - Successful completion of phydms
