2016-07-21 22:19:51,313 - INFO - Beginning execution of phydms in directory /home/jbloom/SUMO_and_UBE2I_ExpCM

2016-07-21 22:19:51,313 - INFO - Progress is being logged to ./phydms_results//SUMO1_identity-ge-0.85_randomized_ExpCM_SUMO1_no-cons_max-scores-at-1_prefs.log

2016-07-21 22:19:51,313 - INFO - Version information:
	Time and date: Thu Jul 21 22:19:51 2016
	Platform: Linux-3.19.0-56-generic-x86_64-with-Ubuntu-14.04-trusty
	Python version: 2.7.6 (default, Jun 22 2015, 17:58:13)  [GCC 4.8.2]
	phydms version: 1.2.dev4
	Bio version: 1.67
	cython version: 0.24.1
	dms_tools version: 1.1.16
	scipy version: 0.17.1
	matplotlib version: 1.5.1

2016-07-21 22:19:51,313 - INFO - Parsed the following command-line arguments:
	randprefs = True
	tree = ./phydms_results//SUMO1_identity-ge-0.85_YNGKP_M0_tree.newick
	ncpus = 1
	avgprefs = False
	seed = 1
	ncats = 6
	outprefix = ./phydms_results//SUMO1_identity-ge-0.85_randomized_ExpCM_SUMO1_no-cons_max-scores-at-1_prefs
	alignment = ./alignments/SUMO1_alignment_protidentity_ge_0.85.fasta
	stringencybysite = False
	recursion = S
	no_optimize = False
	fitF3X4 = False
	gammarates = False
	debugsite = None
	useLog = False
	diffprefsprior = invquad
	diffprefsbysite = False
	diffprefconc = [150, 0.5]
	infertopology = False
	omegabysite_fixsyn = False
	addrateparameter = False
	omegabysite = False
	fixbrlen = False
	dateseqs = None
	model = ('ExpCM', './prefs//SUMO1_no-cons_max-scores-at-1_prefs.txt')
	minbrlen = 1e-06

2016-07-21 22:19:51,313 - INFO - Seeding random number generator with 1

2016-07-21 22:19:51,314 - INFO - Reading alignment from ./alignments/SUMO1_alignment_protidentity_ge_0.85.fasta
2016-07-21 22:19:51,380 - INFO - Read 23 aligned codon sequences from ./alignments/SUMO1_alignment_protidentity_ge_0.85.fasta. Each sequence consists of 101 codons.

2016-07-21 22:19:51,380 - INFO - There will be a single constant substitution rates.

2016-07-21 22:19:51,380 - INFO - The codon substitution model will be experimentally informed by the site-specific amino-acid preferences in ./prefs//SUMO1_no-cons_max-scores-at-1_prefs.txt
2016-07-21 22:19:51,387 - INFO - Successfully read site-specific amino-acid preferences for all 101 sites.

2016-07-21 22:19:51,387 - INFO - Now randomizing these amino-acid preferences among sites.

2016-07-21 22:19:51,387 - INFO - Reading tree from ./phydms_results//SUMO1_identity-ge-0.85_YNGKP_M0_tree.newick
2016-07-21 22:19:51,391 - INFO - This tree has 23 tips nodes, matching the sequences in alignment.
2016-07-21 22:19:51,393 - INFO - Adjusting all branch lengths to >= 1e-06.

2016-07-21 22:19:51,394 - INFO - Creating Bio++ object to optimize likelihood...
2016-07-21 22:20:01,586 - INFO - Created Bio++ object to optimize likelihood for the 101 codon sites of the 23 sequences.

2016-07-21 22:20:01,588 - INFO - The initial log likelihood is -2425.85; now optimizing by maximum likelihood...
2016-07-22 00:51:27,334 - INFO - Completed optimizing by maximum likelihood.
2016-07-22 00:51:34,968 - INFO - Here is the optimized log likelihood (also being written to ./phydms_results//SUMO1_identity-ge-0.85_randomized_ExpCM_SUMO1_no-cons_max-scores-at-1_prefs_loglikelihood.txt): -1926.81.
2016-07-22 00:51:34,977 - INFO - Here are the optimized model parameters (also being written to ./phydms_results//SUMO1_identity-ge-0.85_randomized_ExpCM_SUMO1_no-cons_max-scores-at-1_prefs_modelparams.txt):
	123_Full.theta = 0.453476
	123_Full.theta1 = 0.575260
	123_Full.theta2 = 0.551458
	123_K80.kappa = 2.007674
	omega = 0.088484
	stringencyparameter = 0.101816
2016-07-22 00:51:34,984 - INFO - Here is the optimized tree (also being written to ./phydms_results//SUMO1_identity-ge-0.85_randomized_ExpCM_SUMO1_no-cons_max-scores-at-1_prefs_tree.newick):
((((ENSTTRP00000000603_Ttru/1-426:0.0536997,(((ENSP00000376077_Hsap/1-303:0.0017812,(ENSMMUP00000006935_Mmul/1-303:0.00139873,ENSLAFP00000017131_Lafr/1-303:0.153208):0.0731723):0.018801,ENSCPOP00000010916_Cpor/1-291:0.138472):0.000557936,(((ENSPSIP00000012821_Psin/1-303:0.160025,(ENSGALP00000013729_Ggal/1-303:0.0274953,ENSTGUP00000010464_Tgut/1-291:0.0292911):0.0423424):0.119746,ENSMODP00000020374_Mdom/1-303:0.15178):0.0479114,(ENSACAP00000005060_Acar/1-303:0.344143,(ENSXETP00000047766_Xtro/1-306:0.525267,(ENSLOCP00000012534_Locu/1-303:0.329183,ENSXMAP00000006321_Xmac/1-303:0.542873):0.456144):0.204):0.0483252):0.0635875):0.0362271):0.0195055,(((ENSOCUP00000020130_Ocun/1-303:0.0343326,(ENSOCUP00000017947_Ocun/1-303:0.0102634,ENSOGAP00000021888_Ogar/1-303:0.168087):0.158212):0.00674092,ENSSSCP00000004901_Sscr/1-303:0.0837405):0.0325987,ENSMLUP00000019276_Mluc/1-303:0.0307261):0.00140916):0.00913691,((ENSFCAP00000016832_Fcat/1-303:0.0285043,ENSMPUP00000000331_Mpfu/1-384:0.102033):0.0270218,ENSOARP00000018840_Oari/1-303:0.0721114):0.0229653):0.0154285,ENSEEUP00000011981_Eeur/1-303:0.0851189,ENSSARP00000007412_Sara/1-291:0.111202);


2016-07-22 00:51:35,038 - INFO - Using 1 CPUs for the remaining computations.

2016-07-22 00:51:35,038 - INFO - Successful completion of phydms
