2016-07-21 22:21:10,077 - INFO - Beginning execution of phydms in directory /home/jbloom/SUMO_and_UBE2I_ExpCM

2016-07-21 22:21:10,077 - INFO - Progress is being logged to ./phydms_results//UBE2I_identity-ge-0.85_randomized_ExpCM_UBE2I_no-cons_max-scores-at-1_prefs.log

2016-07-21 22:21:10,078 - INFO - Version information:
	Time and date: Thu Jul 21 22:21:10 2016
	Platform: Linux-3.13.0-68-generic-x86_64-with-Ubuntu-14.04-trusty
	Python version: 2.7.6 (default, Jun 22 2015, 17:58:13)  [GCC 4.8.2]
	phydms version: 1.2.dev4
	Bio version: 1.67
	cython version: 0.24.1
	dms_tools version: 1.1.16
	scipy version: 0.17.1
	matplotlib version: 1.5.1

2016-07-21 22:21:10,078 - INFO - Parsed the following command-line arguments:
	randprefs = True
	tree = ./phydms_results//UBE2I_identity-ge-0.85_YNGKP_M0_tree.newick
	ncpus = 1
	avgprefs = False
	seed = 1
	ncats = 6
	outprefix = ./phydms_results//UBE2I_identity-ge-0.85_randomized_ExpCM_UBE2I_no-cons_max-scores-at-1_prefs
	alignment = ./alignments/UBE2I_alignment_protidentity_ge_0.85.fasta
	stringencybysite = False
	recursion = S
	no_optimize = False
	fitF3X4 = False
	gammarates = False
	debugsite = None
	useLog = False
	diffprefsprior = invquad
	diffprefsbysite = False
	diffprefconc = [150, 0.5]
	infertopology = False
	omegabysite_fixsyn = False
	addrateparameter = False
	omegabysite = False
	fixbrlen = False
	dateseqs = None
	model = ('ExpCM', './prefs//UBE2I_no-cons_max-scores-at-1_prefs.txt')
	minbrlen = 1e-06

2016-07-21 22:21:10,078 - INFO - Seeding random number generator with 1

2016-07-21 22:21:10,078 - INFO - Reading alignment from ./alignments/UBE2I_alignment_protidentity_ge_0.85.fasta
2016-07-21 22:21:10,137 - INFO - Read 20 aligned codon sequences from ./alignments/UBE2I_alignment_protidentity_ge_0.85.fasta. Each sequence consists of 158 codons.

2016-07-21 22:21:10,137 - INFO - There will be a single constant substitution rates.

2016-07-21 22:21:10,137 - INFO - The codon substitution model will be experimentally informed by the site-specific amino-acid preferences in ./prefs//UBE2I_no-cons_max-scores-at-1_prefs.txt
2016-07-21 22:21:10,141 - INFO - Successfully read site-specific amino-acid preferences for all 158 sites.

2016-07-21 22:21:10,141 - INFO - Now randomizing these amino-acid preferences among sites.

2016-07-21 22:21:10,141 - INFO - Reading tree from ./phydms_results//UBE2I_identity-ge-0.85_YNGKP_M0_tree.newick
2016-07-21 22:21:10,142 - INFO - This tree has 20 tips nodes, matching the sequences in alignment.
2016-07-21 22:21:10,143 - INFO - Adjusting all branch lengths to >= 1e-06.

2016-07-21 22:21:10,143 - INFO - Creating Bio++ object to optimize likelihood...
2016-07-21 22:21:24,920 - INFO - Created Bio++ object to optimize likelihood for the 158 codon sites of the 20 sequences.

2016-07-21 22:21:24,921 - INFO - The initial log likelihood is -6397.03; now optimizing by maximum likelihood...
2016-07-22 00:07:47,076 - INFO - Completed optimizing by maximum likelihood.
2016-07-22 00:07:57,505 - INFO - Here is the optimized log likelihood (also being written to ./phydms_results//UBE2I_identity-ge-0.85_randomized_ExpCM_UBE2I_no-cons_max-scores-at-1_prefs_loglikelihood.txt): -4490.08.
2016-07-22 00:07:57,520 - INFO - Here are the optimized model parameters (also being written to ./phydms_results//UBE2I_identity-ge-0.85_randomized_ExpCM_UBE2I_no-cons_max-scores-at-1_prefs_modelparams.txt):
	123_Full.theta = 0.552119
	123_Full.theta1 = 0.559012
	123_Full.theta2 = 0.478923
	123_K80.kappa = 2.020839
	omega = 0.031098
	stringencyparameter = 0.998309
2016-07-22 00:07:57,537 - INFO - Here is the optimized tree (also being written to ./phydms_results//UBE2I_identity-ge-0.85_randomized_ExpCM_UBE2I_no-cons_max-scores-at-1_prefs_tree.newick):
((((ENSTRUP00000040080_Trub/1-474:0.225581,ENSXMAP00000018877_Xmac/1-474:0.193731):0.234229,((ENSDARP00000011487_Drer/1-474:0.258397,ENSAMXP00000012324_Amex/1-474:1.341):0.0325083,(((ENSPMAP00000001734_Pmar/1-474:0.343785,FBpp0301731_Dmel/1-477:1.77436):0.305883,(ENSORLP00000016945_Olat/1-474:0.320196,ENSTNIP00000009189_Tnig/1-474:0.242649):0.489511):0.104625,ENSPMAP00000001878_Pmar/1-480:0.665147):0.201752):0.211595):0.0868025,ENSDARP00000052745_Drer/1-471:0.575021):0.13312,(ENSSHAP00000008109_Shar/1-480:0.499173,(ENSRNOP00000075659_Rnor/1-453:0.184056,(ENSOCUP00000026696_Ocun/1-438:0.415207,((((ENSDORP00000008283_Dord/1-411:0.218579,ENSVPAP00000011684_Vpac/1-531:0.245397):0.0503035,(ENSETEP00000008809_Etel/1-414:0.272274,ENSPCAP00000007578_Pcap/1-537:0.239282):0.334258):0.176391,ENSMMUP00000004874_Mmul/1-549:0.121845):0.305586,ENSP00000348056_Hsap/1-474:1e-06):0.133426):0.117161):0.0705879):0.139515,ENSLACP00000008754_Lcha/1-474:0.440041);


2016-07-22 00:07:57,604 - INFO - Using 1 CPUs for the remaining computations.

2016-07-22 00:07:57,604 - INFO - Successful completion of phydms
