2016-07-21 22:18:02,378 - INFO - Beginning execution of phydms in directory /home/jbloom/SUMO_and_UBE2I_ExpCM

2016-07-21 22:18:02,378 - INFO - Progress is being logged to ./phydms_results//UBE2I_identity-ge-0.75_YNGKP_M0.log

2016-07-21 22:18:02,379 - INFO - Version information:
	Time and date: Thu Jul 21 22:18:02 2016
	Platform: Linux-3.13.0-68-generic-x86_64-with-Ubuntu-14.04-trusty
	Python version: 2.7.6 (default, Jun 22 2015, 17:58:13)  [GCC 4.8.2]
	phydms version: 1.2.dev4
	Bio version: 1.67
	cython version: 0.24.1
	dms_tools version: 1.1.16
	scipy version: 0.17.1
	matplotlib version: 1.5.1

2016-07-21 22:18:02,379 - INFO - Parsed the following command-line arguments:
	randprefs = False
	tree = nj
	ncpus = 16
	avgprefs = False
	seed = 1
	ncats = 6
	outprefix = ./phydms_results//UBE2I_identity-ge-0.75_YNGKP_M0
	alignment = ./alignments/UBE2I_alignment_protidentity_ge_0.75.fasta
	stringencybysite = False
	recursion = S
	no_optimize = False
	fitF3X4 = False
	gammarates = False
	debugsite = None
	useLog = False
	diffprefsprior = invquad
	diffprefsbysite = False
	diffprefconc = [150, 0.5]
	infertopology = True
	omegabysite_fixsyn = False
	addrateparameter = False
	omegabysite = False
	fixbrlen = False
	dateseqs = None
	model = YNGKP_M0
	minbrlen = 1e-06

2016-07-21 22:18:02,379 - INFO - Seeding random number generator with 1

2016-07-21 22:18:02,379 - INFO - Reading alignment from ./alignments/UBE2I_alignment_protidentity_ge_0.75.fasta
2016-07-21 22:18:02,438 - INFO - Read 24 aligned codon sequences from ./alignments/UBE2I_alignment_protidentity_ge_0.75.fasta. Each sequence consists of 158 codons.

2016-07-21 22:18:02,438 - INFO - There will be a single constant substitution rates.

2016-07-21 22:18:02,438 - INFO - The codon substitution model with be the M0 version of YNGKP (Yang, Nielsen, Goldman, and Pederson. Genetics. 155:431-449).
2016-07-21 22:18:02,438 - INFO - The codon equilibrium frequencies will be set by F3X4, estimating the nine nucleotide frequencies empirically from the alignment frequencies.

2016-07-21 22:18:02,438 - INFO - Creating an initial tree from nucleotide sequences by neighbor joining using a crude identity scoring matrix...
2016-07-21 22:18:02,618 - INFO - Finished creating a crude neighbor-joining initial tree.
2016-07-21 22:18:02,619 - INFO - This tree has 24 tips nodes, matching the sequences in alignment.
2016-07-21 22:18:02,620 - INFO - Adjusting all branch lengths to >= 1e-06.

2016-07-21 22:18:02,621 - INFO - Creating Bio++ object to optimize likelihood...
2016-07-21 22:18:03,035 - INFO - Created Bio++ object to optimize likelihood for the 158 codon sites of the 24 sequences.

2016-07-21 22:18:03,035 - INFO - The initial log likelihood is -7831.54; now optimizing by maximum likelihood...
2016-07-21 22:21:09,880 - INFO - Completed optimizing by maximum likelihood.
2016-07-21 22:21:09,881 - INFO - Here is the optimized log likelihood (also being written to ./phydms_results//UBE2I_identity-ge-0.75_YNGKP_M0_loglikelihood.txt): -5287.98.
2016-07-21 22:21:09,884 - INFO - Here are the optimized model parameters (also being written to ./phydms_results//UBE2I_identity-ge-0.75_YNGKP_M0_modelparams.txt):
	kappa = 1.710163
	omega = 0.030842
2016-07-21 22:21:09,887 - INFO - Here is the optimized tree (also being written to ./phydms_results//UBE2I_identity-ge-0.75_YNGKP_M0_tree.newick):
((ENSPMAP00000001734_Pmar/1-474:0.683006,(((ENSCINP00000030799_Cint/1-489:0.378389,ENSCSAVP00000017431_Csav/1-480:0.702367):1.19278,F29B9.6_Cele/1-498:2.99663):0.670305,FBpp0301731_Dmel/1-477:1.89362):0.789863):1e-06,((((ENSAMXP00000003057_Amex/1-405:0.277855,ENSDARP00000052745_Drer/1-471:0.316118):0.361695,((ENSTRUP00000040080_Trub/1-474:0.223495,ENSXMAP00000018877_Xmac/1-474:0.207766):0.229198,(ENSAMXP00000012324_Amex/1-474:1.68961,ENSDARP00000011487_Drer/1-474:0.265635):0.276334):0.156701):0.0421249,(ENSLACP00000008754_Lcha/1-474:0.510266,(((ENSOCUP00000026696_Ocun/1-438:0.402625,((((ENSDORP00000008283_Dord/1-411:0.227475,ENSVPAP00000011684_Vpac/1-531:0.27158):0.0288681,(ENSETEP00000008809_Etel/1-414:0.270511,ENSPCAP00000007578_Pcap/1-537:0.263664):0.360669):0.184647,ENSMMUP00000004874_Mmul/1-549:0.119471):0.318053,ENSP00000348056_Hsap/1-474:1e-06):0.155466):0.121702,ENSSHAP00000008109_Shar/1-480:0.617077):0.0189515,ENSRNOP00000075659_Rnor/1-453:0.155033):0.215788):0.0582654):0.194704,(ENSORLP00000016945_Olat/1-474:0.348487,ENSTNIP00000009189_Tnig/1-474:0.241681):0.748252):0.104498,ENSPMAP00000001878_Pmar/1-480:0.73425);


2016-07-21 22:21:09,892 - INFO - Using 16 CPUs for the remaining computations.

2016-07-21 22:21:09,893 - INFO - Successful completion of phydms
