2016-07-21 22:21:13,274 - INFO - Beginning execution of phydms in directory /home/jbloom/SUMO_and_UBE2I_ExpCM

2016-07-21 22:21:13,274 - INFO - Progress is being logged to ./phydms_results//UBE2I_identity-ge-0.85_randomized_ExpCM_UBE2I_with-cons_penalize-scores-gt1_prefs.log

2016-07-21 22:21:13,274 - INFO - Version information:
	Time and date: Thu Jul 21 22:21:13 2016
	Platform: Linux-3.13.0-68-generic-x86_64-with-Ubuntu-14.04-trusty
	Python version: 2.7.6 (default, Jun 22 2015, 17:58:13)  [GCC 4.8.2]
	phydms version: 1.2.dev4
	Bio version: 1.67
	cython version: 0.24.1
	dms_tools version: 1.1.16
	scipy version: 0.17.1
	matplotlib version: 1.5.1

2016-07-21 22:21:13,274 - INFO - Parsed the following command-line arguments:
	randprefs = True
	tree = ./phydms_results//UBE2I_identity-ge-0.85_YNGKP_M0_tree.newick
	ncpus = 1
	avgprefs = False
	seed = 1
	ncats = 6
	outprefix = ./phydms_results//UBE2I_identity-ge-0.85_randomized_ExpCM_UBE2I_with-cons_penalize-scores-gt1_prefs
	alignment = ./alignments/UBE2I_alignment_protidentity_ge_0.85.fasta
	stringencybysite = False
	recursion = S
	no_optimize = False
	fitF3X4 = False
	gammarates = False
	debugsite = None
	useLog = False
	diffprefsprior = invquad
	diffprefsbysite = False
	diffprefconc = [150, 0.5]
	infertopology = False
	omegabysite_fixsyn = False
	addrateparameter = False
	omegabysite = False
	fixbrlen = False
	dateseqs = None
	model = ('ExpCM', './prefs//UBE2I_with-cons_penalize-scores-gt1_prefs.txt')
	minbrlen = 1e-06

2016-07-21 22:21:13,274 - INFO - Seeding random number generator with 1

2016-07-21 22:21:13,274 - INFO - Reading alignment from ./alignments/UBE2I_alignment_protidentity_ge_0.85.fasta
2016-07-21 22:21:13,317 - INFO - Read 20 aligned codon sequences from ./alignments/UBE2I_alignment_protidentity_ge_0.85.fasta. Each sequence consists of 158 codons.

2016-07-21 22:21:13,317 - INFO - There will be a single constant substitution rates.

2016-07-21 22:21:13,318 - INFO - The codon substitution model will be experimentally informed by the site-specific amino-acid preferences in ./prefs//UBE2I_with-cons_penalize-scores-gt1_prefs.txt
2016-07-21 22:21:13,322 - INFO - Successfully read site-specific amino-acid preferences for all 158 sites.

2016-07-21 22:21:13,322 - INFO - Now randomizing these amino-acid preferences among sites.

2016-07-21 22:21:13,322 - INFO - Reading tree from ./phydms_results//UBE2I_identity-ge-0.85_YNGKP_M0_tree.newick
2016-07-21 22:21:13,323 - INFO - This tree has 20 tips nodes, matching the sequences in alignment.
2016-07-21 22:21:13,323 - INFO - Adjusting all branch lengths to >= 1e-06.

2016-07-21 22:21:13,324 - INFO - Creating Bio++ object to optimize likelihood...
2016-07-21 22:21:24,558 - INFO - Created Bio++ object to optimize likelihood for the 158 codon sites of the 20 sequences.

2016-07-21 22:21:24,559 - INFO - The initial log likelihood is -6281.05; now optimizing by maximum likelihood...
2016-07-22 04:46:07,274 - INFO - Completed optimizing by maximum likelihood.
2016-07-22 04:46:15,924 - INFO - Here is the optimized log likelihood (also being written to ./phydms_results//UBE2I_identity-ge-0.85_randomized_ExpCM_UBE2I_with-cons_penalize-scores-gt1_prefs_loglikelihood.txt): -4298.21.
2016-07-22 04:46:15,928 - INFO - Here are the optimized model parameters (also being written to ./phydms_results//UBE2I_identity-ge-0.85_randomized_ExpCM_UBE2I_with-cons_penalize-scores-gt1_prefs_modelparams.txt):
	123_Full.theta = 0.550568
	123_Full.theta1 = 0.550308
	123_Full.theta2 = 0.482325
	123_K80.kappa = 1.924475
	omega = 0.037813
	stringencyparameter = 0.100000
2016-07-22 04:46:15,930 - INFO - Here is the optimized tree (also being written to ./phydms_results//UBE2I_identity-ge-0.85_randomized_ExpCM_UBE2I_with-cons_penalize-scores-gt1_prefs_tree.newick):
((((ENSTRUP00000040080_Trub/1-474:0.240705,ENSXMAP00000018877_Xmac/1-474:0.203346):0.247213,((ENSDARP00000011487_Drer/1-474:0.330576,ENSAMXP00000012324_Amex/1-474:1.44709):1e-06,(((ENSPMAP00000001734_Pmar/1-474:0.228984,FBpp0301731_Dmel/1-477:2.0634):0.497479,(ENSORLP00000016945_Olat/1-474:0.323989,ENSTNIP00000009189_Tnig/1-474:0.272423):0.546744):0.10791,ENSPMAP00000001878_Pmar/1-480:0.741731):0.174462):0.236759):0.0903228,ENSDARP00000052745_Drer/1-471:0.611512):0.143199,(ENSSHAP00000008109_Shar/1-480:0.518859,(ENSRNOP00000075659_Rnor/1-453:0.208038,(ENSOCUP00000026696_Ocun/1-438:0.450308,((((ENSDORP00000008283_Dord/1-411:0.235297,ENSVPAP00000011684_Vpac/1-531:0.262312):0.0496197,(ENSETEP00000008809_Etel/1-414:0.29194,ENSPCAP00000007578_Pcap/1-537:0.254934):0.359349):0.184396,ENSMMUP00000004874_Mmul/1-549:0.129039):0.320816,ENSP00000348056_Hsap/1-474:1e-06):0.131593):0.12274):0.07384):0.148083,ENSLACP00000008754_Lcha/1-474:0.46795);


2016-07-22 04:46:16,019 - INFO - Using 1 CPUs for the remaining computations.

2016-07-22 04:46:16,019 - INFO - Successful completion of phydms
