2016-07-21 22:21:07,083 - INFO - Beginning execution of phydms in directory /home/jbloom/SUMO_and_UBE2I_ExpCM

2016-07-21 22:21:07,083 - INFO - Progress is being logged to ./phydms_results//UBE2I_identity-ge-0.85_ExpCM_UBE2I_no-cons_untransformed_prefs.log

2016-07-21 22:21:07,083 - INFO - Version information:
	Time and date: Thu Jul 21 22:21:07 2016
	Platform: Linux-3.13.0-68-generic-x86_64-with-Ubuntu-14.04-trusty
	Python version: 2.7.6 (default, Jun 22 2015, 17:58:13)  [GCC 4.8.2]
	phydms version: 1.2.dev4
	Bio version: 1.67
	cython version: 0.24.1
	dms_tools version: 1.1.16
	scipy version: 0.17.1
	matplotlib version: 1.5.1

2016-07-21 22:21:07,083 - INFO - Parsed the following command-line arguments:
	randprefs = False
	tree = ./phydms_results//UBE2I_identity-ge-0.85_YNGKP_M0_tree.newick
	ncpus = 1
	avgprefs = False
	seed = 1
	ncats = 6
	outprefix = ./phydms_results//UBE2I_identity-ge-0.85_ExpCM_UBE2I_no-cons_untransformed_prefs
	alignment = ./alignments/UBE2I_alignment_protidentity_ge_0.85.fasta
	stringencybysite = False
	recursion = S
	no_optimize = False
	fitF3X4 = False
	gammarates = False
	debugsite = None
	useLog = False
	diffprefsprior = invquad
	diffprefsbysite = False
	diffprefconc = [150, 0.5]
	infertopology = False
	omegabysite_fixsyn = False
	addrateparameter = False
	omegabysite = False
	fixbrlen = False
	dateseqs = None
	model = ('ExpCM', './prefs//UBE2I_no-cons_untransformed_prefs.txt')
	minbrlen = 1e-06

2016-07-21 22:21:07,083 - INFO - Seeding random number generator with 1

2016-07-21 22:21:07,083 - INFO - Reading alignment from ./alignments/UBE2I_alignment_protidentity_ge_0.85.fasta
2016-07-21 22:21:07,128 - INFO - Read 20 aligned codon sequences from ./alignments/UBE2I_alignment_protidentity_ge_0.85.fasta. Each sequence consists of 158 codons.

2016-07-21 22:21:07,129 - INFO - There will be a single constant substitution rates.

2016-07-21 22:21:07,129 - INFO - The codon substitution model will be experimentally informed by the site-specific amino-acid preferences in ./prefs//UBE2I_no-cons_untransformed_prefs.txt
2016-07-21 22:21:07,136 - INFO - Successfully read site-specific amino-acid preferences for all 158 sites.

2016-07-21 22:21:07,137 - INFO - Reading tree from ./phydms_results//UBE2I_identity-ge-0.85_YNGKP_M0_tree.newick
2016-07-21 22:21:07,137 - INFO - This tree has 20 tips nodes, matching the sequences in alignment.
2016-07-21 22:21:07,138 - INFO - Adjusting all branch lengths to >= 1e-06.

2016-07-21 22:21:07,139 - INFO - Creating Bio++ object to optimize likelihood...
2016-07-21 22:21:18,654 - INFO - Created Bio++ object to optimize likelihood for the 158 codon sites of the 20 sequences.

2016-07-21 22:21:18,655 - INFO - The initial log likelihood is -5057.9; now optimizing by maximum likelihood...
2016-07-22 02:14:38,657 - INFO - Completed optimizing by maximum likelihood.
2016-07-22 02:14:47,615 - INFO - Here is the optimized log likelihood (also being written to ./phydms_results//UBE2I_identity-ge-0.85_ExpCM_UBE2I_no-cons_untransformed_prefs_loglikelihood.txt): -4149.71.
2016-07-22 02:14:47,620 - INFO - Here are the optimized model parameters (also being written to ./phydms_results//UBE2I_identity-ge-0.85_ExpCM_UBE2I_no-cons_untransformed_prefs_modelparams.txt):
	123_Full.theta = 0.550109
	123_Full.theta1 = 0.561883
	123_Full.theta2 = 0.483176
	123_K80.kappa = 1.874656
	omega = 0.056728
	stringencyparameter = 1.187651
2016-07-22 02:14:47,623 - INFO - Here is the optimized tree (also being written to ./phydms_results//UBE2I_identity-ge-0.85_ExpCM_UBE2I_no-cons_untransformed_prefs_tree.newick):
((((ENSTRUP00000040080_Trub/1-474:0.240771,ENSXMAP00000018877_Xmac/1-474:0.201576):0.247022,((ENSDARP00000011487_Drer/1-474:0.284618,ENSAMXP00000012324_Amex/1-474:1.49869):0.0398973,(((ENSPMAP00000001734_Pmar/1-474:0.259251,FBpp0301731_Dmel/1-477:2.18856):0.455261,(ENSORLP00000016945_Olat/1-474:0.338963,ENSTNIP00000009189_Tnig/1-474:0.264188):0.572618):0.118802,ENSPMAP00000001878_Pmar/1-480:0.765113):0.149657):0.228593):0.0870519,ENSDARP00000052745_Drer/1-471:0.612936):0.140047,(ENSSHAP00000008109_Shar/1-480:0.52607,(ENSRNOP00000075659_Rnor/1-453:0.209671,(ENSOCUP00000026696_Ocun/1-438:0.453763,((((ENSDORP00000008283_Dord/1-411:0.239148,ENSVPAP00000011684_Vpac/1-531:0.260023):0.0542017,(ENSETEP00000008809_Etel/1-414:0.301011,ENSPCAP00000007578_Pcap/1-537:0.248673):0.348031):0.180322,ENSMMUP00000004874_Mmul/1-549:0.110659):0.339351,ENSP00000348056_Hsap/1-474:1.77152e-06):0.143537):0.105849):0.0772345):0.150359,ENSLACP00000008754_Lcha/1-474:0.467151);


2016-07-22 02:14:47,729 - INFO - Using 1 CPUs for the remaining computations.

2016-07-22 02:14:47,730 - INFO - Successful completion of phydms
