2016-07-21 22:21:20,779 - INFO - Beginning execution of phydms in directory /home/jbloom/SUMO_and_UBE2I_ExpCM

2016-07-21 22:21:20,780 - INFO - Progress is being logged to ./phydms_results//UBE2I_identity-ge-0.75_ExpCM_UBE2I_with-cons_penalize-scores-gt1_prefs.log

2016-07-21 22:21:20,780 - INFO - Version information:
	Time and date: Thu Jul 21 22:21:20 2016
	Platform: Linux-3.13.0-68-generic-x86_64-with-Ubuntu-14.04-trusty
	Python version: 2.7.6 (default, Jun 22 2015, 17:58:13)  [GCC 4.8.2]
	phydms version: 1.2.dev4
	Bio version: 1.67
	cython version: 0.24.1
	dms_tools version: 1.1.16
	scipy version: 0.17.1
	matplotlib version: 1.5.1

2016-07-21 22:21:20,780 - INFO - Parsed the following command-line arguments:
	randprefs = False
	tree = ./phydms_results//UBE2I_identity-ge-0.75_YNGKP_M0_tree.newick
	ncpus = 1
	avgprefs = False
	seed = 1
	ncats = 6
	outprefix = ./phydms_results//UBE2I_identity-ge-0.75_ExpCM_UBE2I_with-cons_penalize-scores-gt1_prefs
	alignment = ./alignments/UBE2I_alignment_protidentity_ge_0.75.fasta
	stringencybysite = False
	recursion = S
	no_optimize = False
	fitF3X4 = False
	gammarates = False
	debugsite = None
	useLog = False
	diffprefsprior = invquad
	diffprefsbysite = False
	diffprefconc = [150, 0.5]
	infertopology = False
	omegabysite_fixsyn = False
	addrateparameter = False
	omegabysite = False
	fixbrlen = False
	dateseqs = None
	model = ('ExpCM', './prefs//UBE2I_with-cons_penalize-scores-gt1_prefs.txt')
	minbrlen = 1e-06

2016-07-21 22:21:20,780 - INFO - Seeding random number generator with 1

2016-07-21 22:21:20,780 - INFO - Reading alignment from ./alignments/UBE2I_alignment_protidentity_ge_0.75.fasta
2016-07-21 22:21:20,839 - INFO - Read 24 aligned codon sequences from ./alignments/UBE2I_alignment_protidentity_ge_0.75.fasta. Each sequence consists of 158 codons.

2016-07-21 22:21:20,840 - INFO - There will be a single constant substitution rates.

2016-07-21 22:21:20,840 - INFO - The codon substitution model will be experimentally informed by the site-specific amino-acid preferences in ./prefs//UBE2I_with-cons_penalize-scores-gt1_prefs.txt
2016-07-21 22:21:20,843 - INFO - Successfully read site-specific amino-acid preferences for all 158 sites.

2016-07-21 22:21:20,843 - INFO - Reading tree from ./phydms_results//UBE2I_identity-ge-0.75_YNGKP_M0_tree.newick
2016-07-21 22:21:20,844 - INFO - This tree has 24 tips nodes, matching the sequences in alignment.
2016-07-21 22:21:20,845 - INFO - Adjusting all branch lengths to >= 1e-06.

2016-07-21 22:21:20,846 - INFO - Creating Bio++ object to optimize likelihood...
2016-07-21 22:21:34,324 - INFO - Created Bio++ object to optimize likelihood for the 158 codon sites of the 24 sequences.

2016-07-21 22:21:34,325 - INFO - The initial log likelihood is -6233.09; now optimizing by maximum likelihood...
2016-07-22 06:25:24,897 - INFO - Completed optimizing by maximum likelihood.
2016-07-22 06:25:35,128 - INFO - Here is the optimized log likelihood (also being written to ./phydms_results//UBE2I_identity-ge-0.75_ExpCM_UBE2I_with-cons_penalize-scores-gt1_prefs_loglikelihood.txt): -4782.1.
2016-07-22 06:25:35,132 - INFO - Here are the optimized model parameters (also being written to ./phydms_results//UBE2I_identity-ge-0.75_ExpCM_UBE2I_with-cons_penalize-scores-gt1_prefs_modelparams.txt):
	123_Full.theta = 0.537075
	123_Full.theta1 = 0.578555
	123_Full.theta2 = 0.486160
	123_K80.kappa = 1.892413
	omega = 0.311533
	stringencyparameter = 7.069036
2016-07-22 06:25:35,134 - INFO - Here is the optimized tree (also being written to ./phydms_results//UBE2I_identity-ge-0.75_ExpCM_UBE2I_with-cons_penalize-scores-gt1_prefs_tree.newick):
((ENSPMAP00000001734_Pmar/1-474:0.974569,(((ENSCINP00000030799_Cint/1-489:0.490441,ENSCSAVP00000017431_Csav/1-480:0.93889):1.9375,F29B9.6_Cele/1-498:4.94228):1.15428,FBpp0301731_Dmel/1-477:2.9445):1.33097):3.22763e-06,((((ENSAMXP00000003057_Amex/1-405:0.464089,ENSDARP00000052745_Drer/1-471:0.425904):0.631956,((ENSTRUP00000040080_Trub/1-474:0.276198,ENSXMAP00000018877_Xmac/1-474:0.205901):0.303326,(ENSAMXP00000012324_Amex/1-474:2.70537,ENSDARP00000011487_Drer/1-474:0.15738):0.57459):0.0493533):0.0281286,(ENSLACP00000008754_Lcha/1-474:0.801032,(((ENSOCUP00000026696_Ocun/1-438:0.557859,((((ENSDORP00000008283_Dord/1-411:0.246683,ENSVPAP00000011684_Vpac/1-531:0.202413):0.03248,(ENSETEP00000008809_Etel/1-414:0.378333,ENSPCAP00000007578_Pcap/1-537:0.220407):0.179537):0.0956661,ENSMMUP00000004874_Mmul/1-549:0.0593831):0.294481,ENSP00000348056_Hsap/1-474:3.18854e-05):0.21189):0.0416509,ENSSHAP00000008109_Shar/1-480:0.926606):0.0122515,ENSRNOP00000075659_Rnor/1-453:0.199912):0.351103):0.0400193):0.511076,(ENSORLP00000016945_Olat/1-474:0.512877,ENSTNIP00000009189_Tnig/1-474:0.244821):1.04013):0.0401544,ENSPMAP00000001878_Pmar/1-480:1.0123);


2016-07-22 06:25:35,207 - INFO - Using 1 CPUs for the remaining computations.

2016-07-22 06:25:35,207 - INFO - Successful completion of phydms
