2016-07-21 22:21:08,289 - INFO - Beginning execution of phydms in directory /home/jbloom/SUMO_and_UBE2I_ExpCM

2016-07-21 22:21:08,289 - INFO - Progress is being logged to ./phydms_results//UBE2I_identity-ge-0.85_ExpCM_UBE2I_no-cons_penalize-scores-gt1_prefs.log

2016-07-21 22:21:08,289 - INFO - Version information:
	Time and date: Thu Jul 21 22:21:08 2016
	Platform: Linux-3.13.0-68-generic-x86_64-with-Ubuntu-14.04-trusty
	Python version: 2.7.6 (default, Jun 22 2015, 17:58:13)  [GCC 4.8.2]
	phydms version: 1.2.dev4
	Bio version: 1.67
	cython version: 0.24.1
	dms_tools version: 1.1.16
	scipy version: 0.17.1
	matplotlib version: 1.5.1

2016-07-21 22:21:08,289 - INFO - Parsed the following command-line arguments:
	randprefs = False
	tree = ./phydms_results//UBE2I_identity-ge-0.85_YNGKP_M0_tree.newick
	ncpus = 1
	avgprefs = False
	seed = 1
	ncats = 6
	outprefix = ./phydms_results//UBE2I_identity-ge-0.85_ExpCM_UBE2I_no-cons_penalize-scores-gt1_prefs
	alignment = ./alignments/UBE2I_alignment_protidentity_ge_0.85.fasta
	stringencybysite = False
	recursion = S
	no_optimize = False
	fitF3X4 = False
	gammarates = False
	debugsite = None
	useLog = False
	diffprefsprior = invquad
	diffprefsbysite = False
	diffprefconc = [150, 0.5]
	infertopology = False
	omegabysite_fixsyn = False
	addrateparameter = False
	omegabysite = False
	fixbrlen = False
	dateseqs = None
	model = ('ExpCM', './prefs//UBE2I_no-cons_penalize-scores-gt1_prefs.txt')
	minbrlen = 1e-06

2016-07-21 22:21:08,289 - INFO - Seeding random number generator with 1

2016-07-21 22:21:08,289 - INFO - Reading alignment from ./alignments/UBE2I_alignment_protidentity_ge_0.85.fasta
2016-07-21 22:21:08,336 - INFO - Read 20 aligned codon sequences from ./alignments/UBE2I_alignment_protidentity_ge_0.85.fasta. Each sequence consists of 158 codons.

2016-07-21 22:21:08,336 - INFO - There will be a single constant substitution rates.

2016-07-21 22:21:08,336 - INFO - The codon substitution model will be experimentally informed by the site-specific amino-acid preferences in ./prefs//UBE2I_no-cons_penalize-scores-gt1_prefs.txt
2016-07-21 22:21:08,339 - INFO - Successfully read site-specific amino-acid preferences for all 158 sites.

2016-07-21 22:21:08,339 - INFO - Reading tree from ./phydms_results//UBE2I_identity-ge-0.85_YNGKP_M0_tree.newick
2016-07-21 22:21:08,340 - INFO - This tree has 20 tips nodes, matching the sequences in alignment.
2016-07-21 22:21:08,341 - INFO - Adjusting all branch lengths to >= 1e-06.

2016-07-21 22:21:08,342 - INFO - Creating Bio++ object to optimize likelihood...
2016-07-21 22:21:19,769 - INFO - Created Bio++ object to optimize likelihood for the 158 codon sites of the 20 sequences.

2016-07-21 22:21:19,770 - INFO - The initial log likelihood is -4926.91; now optimizing by maximum likelihood...
2016-07-22 01:49:27,590 - INFO - Completed optimizing by maximum likelihood.
2016-07-22 01:49:36,223 - INFO - Here is the optimized log likelihood (also being written to ./phydms_results//UBE2I_identity-ge-0.85_ExpCM_UBE2I_no-cons_penalize-scores-gt1_prefs_loglikelihood.txt): -4087.96.
2016-07-22 01:49:36,226 - INFO - Here are the optimized model parameters (also being written to ./phydms_results//UBE2I_identity-ge-0.85_ExpCM_UBE2I_no-cons_penalize-scores-gt1_prefs_modelparams.txt):
	123_Full.theta = 0.550160
	123_Full.theta1 = 0.562873
	123_Full.theta2 = 0.485006
	123_K80.kappa = 1.886840
	omega = 0.078233
	stringencyparameter = 1.927935
2016-07-22 01:49:36,227 - INFO - Here is the optimized tree (also being written to ./phydms_results//UBE2I_identity-ge-0.85_ExpCM_UBE2I_no-cons_penalize-scores-gt1_prefs_tree.newick):
((((ENSTRUP00000040080_Trub/1-474:0.249505,ENSXMAP00000018877_Xmac/1-474:0.205768):0.256197,((ENSDARP00000011487_Drer/1-474:0.288705,ENSAMXP00000012324_Amex/1-474:1.49012):0.060541,(((ENSPMAP00000001734_Pmar/1-474:0.267691,FBpp0301731_Dmel/1-477:2.19029):0.463159,(ENSORLP00000016945_Olat/1-474:0.350506,ENSTNIP00000009189_Tnig/1-474:0.266982):0.58399):0.121173,ENSPMAP00000001878_Pmar/1-480:0.777013):0.166257):0.239572):0.0979455,ENSDARP00000052745_Drer/1-471:0.629088):0.148964,(ENSSHAP00000008109_Shar/1-480:0.538533,(ENSRNOP00000075659_Rnor/1-453:0.216346,(ENSOCUP00000026696_Ocun/1-438:0.461988,((((ENSDORP00000008283_Dord/1-411:0.245959,ENSVPAP00000011684_Vpac/1-531:0.263398):0.0559077,(ENSETEP00000008809_Etel/1-414:0.311396,ENSPCAP00000007578_Pcap/1-537:0.245133):0.344932):0.181411,ENSMMUP00000004874_Mmul/1-549:0.1033):0.352773,ENSP00000348056_Hsap/1-474:1e-06):0.149662):0.107109):0.0824393):0.158639,ENSLACP00000008754_Lcha/1-474:0.479499);


2016-07-22 01:49:36,293 - INFO - Using 1 CPUs for the remaining computations.

2016-07-22 01:49:36,293 - INFO - Successful completion of phydms
