2016-07-21 22:21:17,173 - INFO - Beginning execution of phydms in directory /home/jbloom/SUMO_and_UBE2I_ExpCM

2016-07-21 22:21:17,173 - INFO - Progress is being logged to ./phydms_results//UBE2I_identity-ge-0.85_ExpCM_UBE2I_no-cons_max-scores-at-1_prefs.log

2016-07-21 22:21:17,173 - INFO - Version information:
	Time and date: Thu Jul 21 22:21:17 2016
	Platform: Linux-3.13.0-68-generic-x86_64-with-Ubuntu-14.04-trusty
	Python version: 2.7.6 (default, Jun 22 2015, 17:58:13)  [GCC 4.8.2]
	phydms version: 1.2.dev4
	Bio version: 1.67
	cython version: 0.24.1
	dms_tools version: 1.1.16
	scipy version: 0.17.1
	matplotlib version: 1.5.1

2016-07-21 22:21:17,173 - INFO - Parsed the following command-line arguments:
	randprefs = False
	tree = ./phydms_results//UBE2I_identity-ge-0.85_YNGKP_M0_tree.newick
	ncpus = 1
	avgprefs = False
	seed = 1
	ncats = 6
	outprefix = ./phydms_results//UBE2I_identity-ge-0.85_ExpCM_UBE2I_no-cons_max-scores-at-1_prefs
	alignment = ./alignments/UBE2I_alignment_protidentity_ge_0.85.fasta
	stringencybysite = False
	recursion = S
	no_optimize = False
	fitF3X4 = False
	gammarates = False
	debugsite = None
	useLog = False
	diffprefsprior = invquad
	diffprefsbysite = False
	diffprefconc = [150, 0.5]
	infertopology = False
	omegabysite_fixsyn = False
	addrateparameter = False
	omegabysite = False
	fixbrlen = False
	dateseqs = None
	model = ('ExpCM', './prefs//UBE2I_no-cons_max-scores-at-1_prefs.txt')
	minbrlen = 1e-06

2016-07-21 22:21:17,173 - INFO - Seeding random number generator with 1

2016-07-21 22:21:17,173 - INFO - Reading alignment from ./alignments/UBE2I_alignment_protidentity_ge_0.85.fasta
2016-07-21 22:21:17,215 - INFO - Read 20 aligned codon sequences from ./alignments/UBE2I_alignment_protidentity_ge_0.85.fasta. Each sequence consists of 158 codons.

2016-07-21 22:21:17,215 - INFO - There will be a single constant substitution rates.

2016-07-21 22:21:17,215 - INFO - The codon substitution model will be experimentally informed by the site-specific amino-acid preferences in ./prefs//UBE2I_no-cons_max-scores-at-1_prefs.txt
2016-07-21 22:21:17,218 - INFO - Successfully read site-specific amino-acid preferences for all 158 sites.

2016-07-21 22:21:17,218 - INFO - Reading tree from ./phydms_results//UBE2I_identity-ge-0.85_YNGKP_M0_tree.newick
2016-07-21 22:21:17,219 - INFO - This tree has 20 tips nodes, matching the sequences in alignment.
2016-07-21 22:21:17,220 - INFO - Adjusting all branch lengths to >= 1e-06.

2016-07-21 22:21:17,220 - INFO - Creating Bio++ object to optimize likelihood...
2016-07-21 22:21:31,746 - INFO - Created Bio++ object to optimize likelihood for the 158 codon sites of the 20 sequences.

2016-07-21 22:21:31,748 - INFO - The initial log likelihood is -4984.68; now optimizing by maximum likelihood...
2016-07-22 01:58:02,343 - INFO - Completed optimizing by maximum likelihood.
2016-07-22 01:58:12,491 - INFO - Here is the optimized log likelihood (also being written to ./phydms_results//UBE2I_identity-ge-0.85_ExpCM_UBE2I_no-cons_max-scores-at-1_prefs_loglikelihood.txt): -4117.56.
2016-07-22 01:58:12,495 - INFO - Here are the optimized model parameters (also being written to ./phydms_results//UBE2I_identity-ge-0.85_ExpCM_UBE2I_no-cons_max-scores-at-1_prefs_modelparams.txt):
	123_Full.theta = 0.549523
	123_Full.theta1 = 0.564161
	123_Full.theta2 = 0.483403
	123_K80.kappa = 1.858659
	omega = 0.065221
	stringencyparameter = 1.538977
2016-07-22 01:58:12,497 - INFO - Here is the optimized tree (also being written to ./phydms_results//UBE2I_identity-ge-0.85_ExpCM_UBE2I_no-cons_max-scores-at-1_prefs_tree.newick):
((((ENSTRUP00000040080_Trub/1-474:0.245508,ENSXMAP00000018877_Xmac/1-474:0.204474):0.254768,((ENSDARP00000011487_Drer/1-474:0.28531,ENSAMXP00000012324_Amex/1-474:1.53221):0.0632773,(((ENSPMAP00000001734_Pmar/1-474:0.267311,FBpp0301731_Dmel/1-477:2.23682):0.465441,(ENSORLP00000016945_Olat/1-474:0.347443,ENSTNIP00000009189_Tnig/1-474:0.26569):0.585989):0.122283,ENSPMAP00000001878_Pmar/1-480:0.781858):0.15966):0.237757):0.0934329,ENSDARP00000052745_Drer/1-471:0.627987):0.145776,(ENSSHAP00000008109_Shar/1-480:0.542185,(ENSRNOP00000075659_Rnor/1-453:0.204309,(ENSOCUP00000026696_Ocun/1-438:0.453998,((((ENSDORP00000008283_Dord/1-411:0.242348,ENSVPAP00000011684_Vpac/1-531:0.264936):0.0545332,(ENSETEP00000008809_Etel/1-414:0.305606,ENSPCAP00000007578_Pcap/1-537:0.24362):0.339783):0.171807,ENSMMUP00000004874_Mmul/1-549:0.112022):0.352947,ENSP00000348056_Hsap/1-474:1.68947e-05):0.11745):0.0890496):0.0819566):0.155118,ENSLACP00000008754_Lcha/1-474:0.480822);


2016-07-22 01:58:12,580 - INFO - Using 1 CPUs for the remaining computations.

2016-07-22 01:58:12,580 - INFO - Successful completion of phydms
