2016-07-21 22:21:13,376 - INFO - Beginning execution of phydms in directory /home/jbloom/SUMO_and_UBE2I_ExpCM

2016-07-21 22:21:13,376 - INFO - Progress is being logged to ./phydms_results//UBE2I_identity-ge-0.75_randomized_ExpCM_UBE2I_no-cons_penalize-scores-gt1_prefs.log

2016-07-21 22:21:13,376 - INFO - Version information:
	Time and date: Thu Jul 21 22:21:13 2016
	Platform: Linux-3.13.0-68-generic-x86_64-with-Ubuntu-14.04-trusty
	Python version: 2.7.6 (default, Jun 22 2015, 17:58:13)  [GCC 4.8.2]
	phydms version: 1.2.dev4
	Bio version: 1.67
	cython version: 0.24.1
	dms_tools version: 1.1.16
	scipy version: 0.17.1
	matplotlib version: 1.5.1

2016-07-21 22:21:13,377 - INFO - Parsed the following command-line arguments:
	randprefs = True
	tree = ./phydms_results//UBE2I_identity-ge-0.75_YNGKP_M0_tree.newick
	ncpus = 1
	avgprefs = False
	seed = 1
	ncats = 6
	outprefix = ./phydms_results//UBE2I_identity-ge-0.75_randomized_ExpCM_UBE2I_no-cons_penalize-scores-gt1_prefs
	alignment = ./alignments/UBE2I_alignment_protidentity_ge_0.75.fasta
	stringencybysite = False
	recursion = S
	no_optimize = False
	fitF3X4 = False
	gammarates = False
	debugsite = None
	useLog = False
	diffprefsprior = invquad
	diffprefsbysite = False
	diffprefconc = [150, 0.5]
	infertopology = False
	omegabysite_fixsyn = False
	addrateparameter = False
	omegabysite = False
	fixbrlen = False
	dateseqs = None
	model = ('ExpCM', './prefs//UBE2I_no-cons_penalize-scores-gt1_prefs.txt')
	minbrlen = 1e-06

2016-07-21 22:21:13,377 - INFO - Seeding random number generator with 1

2016-07-21 22:21:13,377 - INFO - Reading alignment from ./alignments/UBE2I_alignment_protidentity_ge_0.75.fasta
2016-07-21 22:21:13,437 - INFO - Read 24 aligned codon sequences from ./alignments/UBE2I_alignment_protidentity_ge_0.75.fasta. Each sequence consists of 158 codons.

2016-07-21 22:21:13,437 - INFO - There will be a single constant substitution rates.

2016-07-21 22:21:13,437 - INFO - The codon substitution model will be experimentally informed by the site-specific amino-acid preferences in ./prefs//UBE2I_no-cons_penalize-scores-gt1_prefs.txt
2016-07-21 22:21:13,441 - INFO - Successfully read site-specific amino-acid preferences for all 158 sites.

2016-07-21 22:21:13,441 - INFO - Now randomizing these amino-acid preferences among sites.

2016-07-21 22:21:13,441 - INFO - Reading tree from ./phydms_results//UBE2I_identity-ge-0.75_YNGKP_M0_tree.newick
2016-07-21 22:21:13,442 - INFO - This tree has 24 tips nodes, matching the sequences in alignment.
2016-07-21 22:21:13,443 - INFO - Adjusting all branch lengths to >= 1e-06.

2016-07-21 22:21:13,444 - INFO - Creating Bio++ object to optimize likelihood...
2016-07-21 22:21:27,106 - INFO - Created Bio++ object to optimize likelihood for the 158 codon sites of the 24 sequences.

2016-07-21 22:21:27,107 - INFO - The initial log likelihood is -8293.7; now optimizing by maximum likelihood...
2016-07-22 00:43:54,769 - INFO - Completed optimizing by maximum likelihood.
2016-07-22 00:44:05,849 - INFO - Here is the optimized log likelihood (also being written to ./phydms_results//UBE2I_identity-ge-0.75_randomized_ExpCM_UBE2I_no-cons_penalize-scores-gt1_prefs_loglikelihood.txt): -5498.59.
2016-07-22 00:44:05,852 - INFO - Here are the optimized model parameters (also being written to ./phydms_results//UBE2I_identity-ge-0.75_randomized_ExpCM_UBE2I_no-cons_penalize-scores-gt1_prefs_modelparams.txt):
	123_Full.theta = 0.526809
	123_Full.theta1 = 0.567101
	123_Full.theta2 = 0.477808
	123_K80.kappa = 2.007732
	omega = 0.027499
	stringencyparameter = 0.998437
2016-07-22 00:44:05,853 - INFO - Here is the optimized tree (also being written to ./phydms_results//UBE2I_identity-ge-0.75_randomized_ExpCM_UBE2I_no-cons_penalize-scores-gt1_prefs_tree.newick):
((ENSPMAP00000001734_Pmar/1-474:0.626407,(((ENSCINP00000030799_Cint/1-489:0.372956,ENSCSAVP00000017431_Csav/1-480:0.634564):1.06443,F29B9.6_Cele/1-498:2.63768):0.643199,FBpp0301731_Dmel/1-477:1.64206):0.736125):0.00171781,((((ENSAMXP00000003057_Amex/1-405:0.289664,ENSDARP00000052745_Drer/1-471:0.283962):0.409723,((ENSTRUP00000040080_Trub/1-474:0.227698,ENSXMAP00000018877_Xmac/1-474:0.199922):0.24946,(ENSAMXP00000012324_Amex/1-474:1.60152,ENSDARP00000011487_Drer/1-474:0.270125):0.272847):0.104316):0.0518845,(ENSLACP00000008754_Lcha/1-474:0.515256,(((ENSOCUP00000026696_Ocun/1-438:0.39292,((((ENSDORP00000008283_Dord/1-411:0.220393,ENSVPAP00000011684_Vpac/1-531:0.251197):0.0482586,(ENSETEP00000008809_Etel/1-414:0.26851,ENSPCAP00000007578_Pcap/1-537:0.240208):0.338883):0.180394,ENSMMUP00000004874_Mmul/1-549:0.123292):0.308459,ENSP00000348056_Hsap/1-474:1e-06):0.157916):0.110487,ENSSHAP00000008109_Shar/1-480:0.619716):0.00897387,ENSRNOP00000075659_Rnor/1-453:0.174582):0.215608):0.0709814):0.237272,(ENSORLP00000016945_Olat/1-474:0.337424,ENSTNIP00000009189_Tnig/1-474:0.232309):0.617412):0.0821179,ENSPMAP00000001878_Pmar/1-480:0.707313);


2016-07-22 00:44:05,911 - INFO - Using 1 CPUs for the remaining computations.

2016-07-22 00:44:05,911 - INFO - Successful completion of phydms
