2016-07-21 22:21:09,048 - INFO - Beginning execution of phydms in directory /home/jbloom/SUMO_and_UBE2I_ExpCM

2016-07-21 22:21:09,048 - INFO - Progress is being logged to ./phydms_results//UBE2I_identity-ge-0.85_ExpCM_UBE2I_with-cons_untransformed_prefs.log

2016-07-21 22:21:09,048 - INFO - Version information:
	Time and date: Thu Jul 21 22:21:08 2016
	Platform: Linux-3.13.0-68-generic-x86_64-with-Ubuntu-14.04-trusty
	Python version: 2.7.6 (default, Jun 22 2015, 17:58:13)  [GCC 4.8.2]
	phydms version: 1.2.dev4
	Bio version: 1.67
	cython version: 0.24.1
	dms_tools version: 1.1.16
	scipy version: 0.17.1
	matplotlib version: 1.5.1

2016-07-21 22:21:09,048 - INFO - Parsed the following command-line arguments:
	randprefs = False
	tree = ./phydms_results//UBE2I_identity-ge-0.85_YNGKP_M0_tree.newick
	ncpus = 1
	avgprefs = False
	seed = 1
	ncats = 6
	outprefix = ./phydms_results//UBE2I_identity-ge-0.85_ExpCM_UBE2I_with-cons_untransformed_prefs
	alignment = ./alignments/UBE2I_alignment_protidentity_ge_0.85.fasta
	stringencybysite = False
	recursion = S
	no_optimize = False
	fitF3X4 = False
	gammarates = False
	debugsite = None
	useLog = False
	diffprefsprior = invquad
	diffprefsbysite = False
	diffprefconc = [150, 0.5]
	infertopology = False
	omegabysite_fixsyn = False
	addrateparameter = False
	omegabysite = False
	fixbrlen = False
	dateseqs = None
	model = ('ExpCM', './prefs//UBE2I_with-cons_untransformed_prefs.txt')
	minbrlen = 1e-06

2016-07-21 22:21:09,048 - INFO - Seeding random number generator with 1

2016-07-21 22:21:09,048 - INFO - Reading alignment from ./alignments/UBE2I_alignment_protidentity_ge_0.85.fasta
2016-07-21 22:21:09,094 - INFO - Read 20 aligned codon sequences from ./alignments/UBE2I_alignment_protidentity_ge_0.85.fasta. Each sequence consists of 158 codons.

2016-07-21 22:21:09,094 - INFO - There will be a single constant substitution rates.

2016-07-21 22:21:09,094 - INFO - The codon substitution model will be experimentally informed by the site-specific amino-acid preferences in ./prefs//UBE2I_with-cons_untransformed_prefs.txt
2016-07-21 22:21:09,102 - INFO - Successfully read site-specific amino-acid preferences for all 158 sites.

2016-07-21 22:21:09,102 - INFO - Reading tree from ./phydms_results//UBE2I_identity-ge-0.85_YNGKP_M0_tree.newick
2016-07-21 22:21:09,104 - INFO - This tree has 20 tips nodes, matching the sequences in alignment.
2016-07-21 22:21:09,105 - INFO - Adjusting all branch lengths to >= 1e-06.

2016-07-21 22:21:09,106 - INFO - Creating Bio++ object to optimize likelihood...
2016-07-21 22:21:20,518 - INFO - Created Bio++ object to optimize likelihood for the 158 codon sites of the 20 sequences.

2016-07-21 22:21:20,519 - INFO - The initial log likelihood is -5051.91; now optimizing by maximum likelihood...
2016-07-22 03:39:38,730 - INFO - Completed optimizing by maximum likelihood.
2016-07-22 03:39:47,830 - INFO - Here is the optimized log likelihood (also being written to ./phydms_results//UBE2I_identity-ge-0.85_ExpCM_UBE2I_with-cons_untransformed_prefs_loglikelihood.txt): -4143.67.
2016-07-22 03:39:47,834 - INFO - Here are the optimized model parameters (also being written to ./phydms_results//UBE2I_identity-ge-0.85_ExpCM_UBE2I_with-cons_untransformed_prefs_modelparams.txt):
	123_Full.theta = 0.550312
	123_Full.theta1 = 0.562796
	123_Full.theta2 = 0.481748
	123_K80.kappa = 1.889740
	omega = 0.057977
	stringencyparameter = 1.265212
2016-07-22 03:39:47,836 - INFO - Here is the optimized tree (also being written to ./phydms_results//UBE2I_identity-ge-0.85_ExpCM_UBE2I_with-cons_untransformed_prefs_tree.newick):
((((ENSTRUP00000040080_Trub/1-474:0.241832,ENSXMAP00000018877_Xmac/1-474:0.202545):0.24966,((ENSDARP00000011487_Drer/1-474:0.292538,ENSAMXP00000012324_Amex/1-474:1.45626):0.0473927,(((ENSPMAP00000001734_Pmar/1-474:0.247773,FBpp0301731_Dmel/1-477:2.12649):0.46051,(ENSORLP00000016945_Olat/1-474:0.338432,ENSTNIP00000009189_Tnig/1-474:0.263076):0.564329):0.117103,ENSPMAP00000001878_Pmar/1-480:0.759331):0.152087):0.234207):0.0901515,ENSDARP00000052745_Drer/1-471:0.614328):0.141587,(ENSSHAP00000008109_Shar/1-480:0.528265,(ENSRNOP00000075659_Rnor/1-453:0.210545,(ENSOCUP00000026696_Ocun/1-438:0.451901,((((ENSDORP00000008283_Dord/1-411:0.23959,ENSVPAP00000011684_Vpac/1-531:0.260837):0.0551022,(ENSETEP00000008809_Etel/1-414:0.300598,ENSPCAP00000007578_Pcap/1-537:0.248622):0.348024):0.179863,ENSMMUP00000004874_Mmul/1-549:0.113556):0.338247,ENSP00000348056_Hsap/1-474:1e-06):0.14488):0.106546):0.0777109):0.152453,ENSLACP00000008754_Lcha/1-474:0.46987);


2016-07-22 03:39:47,909 - INFO - Using 1 CPUs for the remaining computations.

2016-07-22 03:39:47,909 - INFO - Successful completion of phydms
