2016-07-21 22:21:21,737 - INFO - Beginning execution of phydms in directory /home/jbloom/SUMO_and_UBE2I_ExpCM

2016-07-21 22:21:21,737 - INFO - Progress is being logged to ./phydms_results//UBE2I_identity-ge-0.75_YNGKP_M3.log

2016-07-21 22:21:21,737 - INFO - Version information:
	Time and date: Thu Jul 21 22:21:21 2016
	Platform: Linux-3.13.0-68-generic-x86_64-with-Ubuntu-14.04-trusty
	Python version: 2.7.6 (default, Jun 22 2015, 17:58:13)  [GCC 4.8.2]
	phydms version: 1.2.dev4
	Bio version: 1.67
	cython version: 0.24.1
	dms_tools version: 1.1.16
	scipy version: 0.17.1
	matplotlib version: 1.5.1

2016-07-21 22:21:21,737 - INFO - Parsed the following command-line arguments:
	randprefs = False
	tree = ./phydms_results//UBE2I_identity-ge-0.75_YNGKP_M0_tree.newick
	ncpus = 1
	avgprefs = False
	seed = 1
	ncats = 6
	outprefix = ./phydms_results//UBE2I_identity-ge-0.75_YNGKP_M3
	alignment = ./alignments/UBE2I_alignment_protidentity_ge_0.75.fasta
	stringencybysite = False
	recursion = S
	no_optimize = False
	fitF3X4 = False
	gammarates = False
	debugsite = None
	useLog = False
	diffprefsprior = invquad
	diffprefsbysite = False
	diffprefconc = [150, 0.5]
	infertopology = False
	omegabysite_fixsyn = False
	addrateparameter = False
	omegabysite = False
	fixbrlen = False
	dateseqs = None
	model = YNGKP_M3
	minbrlen = 1e-06

2016-07-21 22:21:21,737 - INFO - Seeding random number generator with 1

2016-07-21 22:21:21,737 - INFO - Reading alignment from ./alignments/UBE2I_alignment_protidentity_ge_0.75.fasta
2016-07-21 22:21:21,795 - INFO - Read 24 aligned codon sequences from ./alignments/UBE2I_alignment_protidentity_ge_0.75.fasta. Each sequence consists of 158 codons.

2016-07-21 22:21:21,795 - INFO - There will be a single constant substitution rates.

2016-07-21 22:21:21,795 - INFO - The codon substitution model with be the M3 version of YNGKP (Yang, Nielsen, Goldman, and Pederson. Genetics. 155:431-449).
2016-07-21 22:21:21,795 - INFO - The codon equilibrium frequencies will be set by F3X4, estimating the nine nucleotide frequencies empirically from the alignment frequencies.

2016-07-21 22:21:21,795 - INFO - Reading tree from ./phydms_results//UBE2I_identity-ge-0.75_YNGKP_M0_tree.newick
2016-07-21 22:21:21,797 - INFO - This tree has 24 tips nodes, matching the sequences in alignment.
2016-07-21 22:21:21,798 - INFO - Adjusting all branch lengths to >= 1e-06.

2016-07-21 22:21:21,799 - INFO - Creating Bio++ object to optimize likelihood...
2016-07-21 22:21:22,560 - INFO - Created Bio++ object to optimize likelihood for the 158 codon sites of the 24 sequences.

2016-07-21 22:21:22,560 - INFO - The initial log likelihood is -6522.82; now optimizing by maximum likelihood...
2016-07-21 22:42:43,438 - INFO - Completed optimizing by maximum likelihood.
2016-07-21 22:42:43,439 - INFO - Here is the optimized log likelihood (also being written to ./phydms_results//UBE2I_identity-ge-0.75_YNGKP_M3_loglikelihood.txt): -5220.4.
2016-07-21 22:42:43,443 - INFO - Here are the optimized model parameters (also being written to ./phydms_results//UBE2I_identity-ge-0.75_YNGKP_M3_modelparams.txt):
	delta1 = 0.055606
	delta2 = 0.193425
	kappa = 1.707404
	omega0 = 0.005931
	theta1 = 0.565448
	theta2 = 0.894083
2016-07-21 22:42:43,447 - INFO - Here is the optimized tree (also being written to ./phydms_results//UBE2I_identity-ge-0.75_YNGKP_M3_tree.newick):
((ENSPMAP00000001734_Pmar/1-474:0.679909,(((ENSCINP00000030799_Cint/1-489:0.365678,ENSCSAVP00000017431_Csav/1-480:0.707605):1.32063,F29B9.6_Cele/1-498:3.37254):0.590641,FBpp0301731_Dmel/1-477:1.95623):0.838395):1e-06,((((ENSAMXP00000003057_Amex/1-405:0.275893,ENSDARP00000052745_Drer/1-471:0.317852):0.362429,((ENSTRUP00000040080_Trub/1-474:0.223437,ENSXMAP00000018877_Xmac/1-474:0.2074):0.228093,(ENSAMXP00000012324_Amex/1-474:1.70173,ENSDARP00000011487_Drer/1-474:0.262779):0.277368):0.159427):0.0363338,(ENSLACP00000008754_Lcha/1-474:0.508954,(((ENSOCUP00000026696_Ocun/1-438:0.398982,((((ENSDORP00000008283_Dord/1-411:0.238017,ENSVPAP00000011684_Vpac/1-531:0.273842):0.0262843,(ENSETEP00000008809_Etel/1-414:0.285895,ENSPCAP00000007578_Pcap/1-537:0.264518):0.367483):0.188608,ENSMMUP00000004874_Mmul/1-549:0.114793):0.3253,ENSP00000348056_Hsap/1-474:1e-06):0.156679):0.122183,ENSSHAP00000008109_Shar/1-480:0.61801):0.0186901,ENSRNOP00000075659_Rnor/1-453:0.154451):0.213243):0.0644829):0.191825,(ENSORLP00000016945_Olat/1-474:0.344912,ENSTNIP00000009189_Tnig/1-474:0.243068):0.749459):0.107226,ENSPMAP00000001878_Pmar/1-480:0.726282);


2016-07-21 22:42:43,471 - INFO - Using 1 CPUs for the remaining computations.

2016-07-21 22:42:43,471 - INFO - Successful completion of phydms
