2016-07-21 22:21:16,212 - INFO - Beginning execution of phydms in directory /home/jbloom/SUMO_and_UBE2I_ExpCM

2016-07-21 22:21:16,213 - INFO - Progress is being logged to ./phydms_results//UBE2I_identity-ge-0.85_randomized_ExpCM_UBE2I_with-cons_untransformed_prefs.log

2016-07-21 22:21:16,213 - INFO - Version information:
	Time and date: Thu Jul 21 22:21:16 2016
	Platform: Linux-3.13.0-68-generic-x86_64-with-Ubuntu-14.04-trusty
	Python version: 2.7.6 (default, Jun 22 2015, 17:58:13)  [GCC 4.8.2]
	phydms version: 1.2.dev4
	Bio version: 1.67
	cython version: 0.24.1
	dms_tools version: 1.1.16
	scipy version: 0.17.1
	matplotlib version: 1.5.1

2016-07-21 22:21:16,213 - INFO - Parsed the following command-line arguments:
	randprefs = True
	tree = ./phydms_results//UBE2I_identity-ge-0.85_YNGKP_M0_tree.newick
	ncpus = 1
	avgprefs = False
	seed = 1
	ncats = 6
	outprefix = ./phydms_results//UBE2I_identity-ge-0.85_randomized_ExpCM_UBE2I_with-cons_untransformed_prefs
	alignment = ./alignments/UBE2I_alignment_protidentity_ge_0.85.fasta
	stringencybysite = False
	recursion = S
	no_optimize = False
	fitF3X4 = False
	gammarates = False
	debugsite = None
	useLog = False
	diffprefsprior = invquad
	diffprefsbysite = False
	diffprefconc = [150, 0.5]
	infertopology = False
	omegabysite_fixsyn = False
	addrateparameter = False
	omegabysite = False
	fixbrlen = False
	dateseqs = None
	model = ('ExpCM', './prefs//UBE2I_with-cons_untransformed_prefs.txt')
	minbrlen = 1e-06

2016-07-21 22:21:16,213 - INFO - Seeding random number generator with 1

2016-07-21 22:21:16,213 - INFO - Reading alignment from ./alignments/UBE2I_alignment_protidentity_ge_0.85.fasta
2016-07-21 22:21:16,286 - INFO - Read 20 aligned codon sequences from ./alignments/UBE2I_alignment_protidentity_ge_0.85.fasta. Each sequence consists of 158 codons.

2016-07-21 22:21:16,287 - INFO - There will be a single constant substitution rates.

2016-07-21 22:21:16,287 - INFO - The codon substitution model will be experimentally informed by the site-specific amino-acid preferences in ./prefs//UBE2I_with-cons_untransformed_prefs.txt
2016-07-21 22:21:16,291 - INFO - Successfully read site-specific amino-acid preferences for all 158 sites.

2016-07-21 22:21:16,291 - INFO - Now randomizing these amino-acid preferences among sites.

2016-07-21 22:21:16,291 - INFO - Reading tree from ./phydms_results//UBE2I_identity-ge-0.85_YNGKP_M0_tree.newick
2016-07-21 22:21:16,294 - INFO - This tree has 20 tips nodes, matching the sequences in alignment.
2016-07-21 22:21:16,295 - INFO - Adjusting all branch lengths to >= 1e-06.

2016-07-21 22:21:16,295 - INFO - Creating Bio++ object to optimize likelihood...
2016-07-21 22:21:27,710 - INFO - Created Bio++ object to optimize likelihood for the 158 codon sites of the 20 sequences.

2016-07-21 22:21:27,711 - INFO - The initial log likelihood is -6336.61; now optimizing by maximum likelihood...
2016-07-22 08:44:02,474 - INFO - Completed optimizing by maximum likelihood.
2016-07-22 08:44:11,092 - INFO - Here is the optimized log likelihood (also being written to ./phydms_results//UBE2I_identity-ge-0.85_randomized_ExpCM_UBE2I_with-cons_untransformed_prefs_loglikelihood.txt): -4297.55.
2016-07-22 08:44:11,096 - INFO - Here are the optimized model parameters (also being written to ./phydms_results//UBE2I_identity-ge-0.85_randomized_ExpCM_UBE2I_with-cons_untransformed_prefs_modelparams.txt):
	123_Full.theta = 0.551036
	123_Full.theta1 = 0.550402
	123_Full.theta2 = 0.482714
	123_K80.kappa = 1.928016
	omega = 0.037923
	stringencyparameter = 0.100000
2016-07-22 08:44:11,100 - INFO - Here is the optimized tree (also being written to ./phydms_results//UBE2I_identity-ge-0.85_randomized_ExpCM_UBE2I_with-cons_untransformed_prefs_tree.newick):
((((ENSTRUP00000040080_Trub/1-474:0.240484,ENSXMAP00000018877_Xmac/1-474:0.203463):0.247306,((ENSDARP00000011487_Drer/1-474:0.330424,ENSAMXP00000012324_Amex/1-474:1.44172):1e-06,(((ENSPMAP00000001734_Pmar/1-474:0.228533,FBpp0301731_Dmel/1-477:2.06427):0.498358,(ENSORLP00000016945_Olat/1-474:0.323591,ENSTNIP00000009189_Tnig/1-474:0.272829):0.547166):0.108018,ENSPMAP00000001878_Pmar/1-480:0.742335):0.174115):0.236303):0.0904683,ENSDARP00000052745_Drer/1-471:0.611487):0.142954,(ENSSHAP00000008109_Shar/1-480:0.518363,(ENSRNOP00000075659_Rnor/1-453:0.208119,(ENSOCUP00000026696_Ocun/1-438:0.450649,((((ENSDORP00000008283_Dord/1-411:0.235232,ENSVPAP00000011684_Vpac/1-531:0.262252):0.0490772,(ENSETEP00000008809_Etel/1-414:0.291849,ENSPCAP00000007578_Pcap/1-537:0.255039):0.359348):0.184656,ENSMMUP00000004874_Mmul/1-549:0.128922):0.320876,ENSP00000348056_Hsap/1-474:1e-06):0.13117):0.123037):0.0736126):0.148069,ENSLACP00000008754_Lcha/1-474:0.46744);


2016-07-22 08:44:11,191 - INFO - Using 1 CPUs for the remaining computations.

2016-07-22 08:44:11,191 - INFO - Successful completion of phydms
