2016-07-21 22:21:13,656 - INFO - Beginning execution of phydms in directory /home/jbloom/SUMO_and_UBE2I_ExpCM

2016-07-21 22:21:13,656 - INFO - Progress is being logged to ./phydms_results//UBE2I_identity-ge-0.75_ExpCM_UBE2I_no-cons_untransformed_prefs.log

2016-07-21 22:21:13,656 - INFO - Version information:
	Time and date: Thu Jul 21 22:21:13 2016
	Platform: Linux-3.13.0-68-generic-x86_64-with-Ubuntu-14.04-trusty
	Python version: 2.7.6 (default, Jun 22 2015, 17:58:13)  [GCC 4.8.2]
	phydms version: 1.2.dev4
	Bio version: 1.67
	cython version: 0.24.1
	dms_tools version: 1.1.16
	scipy version: 0.17.1
	matplotlib version: 1.5.1

2016-07-21 22:21:13,656 - INFO - Parsed the following command-line arguments:
	randprefs = False
	tree = ./phydms_results//UBE2I_identity-ge-0.75_YNGKP_M0_tree.newick
	ncpus = 1
	avgprefs = False
	seed = 1
	ncats = 6
	outprefix = ./phydms_results//UBE2I_identity-ge-0.75_ExpCM_UBE2I_no-cons_untransformed_prefs
	alignment = ./alignments/UBE2I_alignment_protidentity_ge_0.75.fasta
	stringencybysite = False
	recursion = S
	no_optimize = False
	fitF3X4 = False
	gammarates = False
	debugsite = None
	useLog = False
	diffprefsprior = invquad
	diffprefsbysite = False
	diffprefconc = [150, 0.5]
	infertopology = False
	omegabysite_fixsyn = False
	addrateparameter = False
	omegabysite = False
	fixbrlen = False
	dateseqs = None
	model = ('ExpCM', './prefs//UBE2I_no-cons_untransformed_prefs.txt')
	minbrlen = 1e-06

2016-07-21 22:21:13,656 - INFO - Seeding random number generator with 1

2016-07-21 22:21:13,656 - INFO - Reading alignment from ./alignments/UBE2I_alignment_protidentity_ge_0.75.fasta
2016-07-21 22:21:13,712 - INFO - Read 24 aligned codon sequences from ./alignments/UBE2I_alignment_protidentity_ge_0.75.fasta. Each sequence consists of 158 codons.

2016-07-21 22:21:13,712 - INFO - There will be a single constant substitution rates.

2016-07-21 22:21:13,712 - INFO - The codon substitution model will be experimentally informed by the site-specific amino-acid preferences in ./prefs//UBE2I_no-cons_untransformed_prefs.txt
2016-07-21 22:21:13,716 - INFO - Successfully read site-specific amino-acid preferences for all 158 sites.

2016-07-21 22:21:13,716 - INFO - Reading tree from ./phydms_results//UBE2I_identity-ge-0.75_YNGKP_M0_tree.newick
2016-07-21 22:21:13,717 - INFO - This tree has 24 tips nodes, matching the sequences in alignment.
2016-07-21 22:21:13,717 - INFO - Adjusting all branch lengths to >= 1e-06.

2016-07-21 22:21:13,718 - INFO - Creating Bio++ object to optimize likelihood...
2016-07-21 22:21:27,355 - INFO - Created Bio++ object to optimize likelihood for the 158 codon sites of the 24 sequences.

2016-07-21 22:21:27,356 - INFO - The initial log likelihood is -6404.52; now optimizing by maximum likelihood...
2016-07-22 03:00:47,650 - INFO - Completed optimizing by maximum likelihood.
2016-07-22 03:00:58,758 - INFO - Here is the optimized log likelihood (also being written to ./phydms_results//UBE2I_identity-ge-0.75_ExpCM_UBE2I_no-cons_untransformed_prefs_loglikelihood.txt): -5116.59.
2016-07-22 03:00:58,763 - INFO - Here are the optimized model parameters (also being written to ./phydms_results//UBE2I_identity-ge-0.75_ExpCM_UBE2I_no-cons_untransformed_prefs_modelparams.txt):
	123_Full.theta = 0.522917
	123_Full.theta1 = 0.568985
	123_Full.theta2 = 0.480335
	123_K80.kappa = 1.884230
	omega = 0.049679
	stringencyparameter = 1.108446
2016-07-22 03:00:58,766 - INFO - Here is the optimized tree (also being written to ./phydms_results//UBE2I_identity-ge-0.75_ExpCM_UBE2I_no-cons_untransformed_prefs_tree.newick):
((ENSPMAP00000001734_Pmar/1-474:0.642134,(((ENSCINP00000030799_Cint/1-489:0.357533,ENSCSAVP00000017431_Csav/1-480:0.710616):1.21189,F29B9.6_Cele/1-498:3.05477):0.705823,FBpp0301731_Dmel/1-477:1.87494):0.820579):1e-06,((((ENSAMXP00000003057_Amex/1-405:0.31201,ENSDARP00000052745_Drer/1-471:0.288807):0.425118,((ENSTRUP00000040080_Trub/1-474:0.244233,ENSXMAP00000018877_Xmac/1-474:0.20248):0.248538,(ENSAMXP00000012324_Amex/1-474:1.74805,ENSDARP00000011487_Drer/1-474:0.196395):0.364633):0.0962818):0.0508195,(ENSLACP00000008754_Lcha/1-474:0.546088,(((ENSOCUP00000026696_Ocun/1-438:0.41906,((((ENSDORP00000008283_Dord/1-411:0.237753,ENSVPAP00000011684_Vpac/1-531:0.262527):0.0523095,(ENSETEP00000008809_Etel/1-414:0.290702,ENSPCAP00000007578_Pcap/1-537:0.24764):0.346422):0.183588,ENSMMUP00000004874_Mmul/1-549:0.11263):0.338479,ENSP00000348056_Hsap/1-474:1e-06):0.171889):0.0892338,ENSSHAP00000008109_Shar/1-480:0.655996):0.0174132,ENSRNOP00000075659_Rnor/1-453:0.1892):0.220894):0.0796134):0.200295,(ENSORLP00000016945_Olat/1-474:0.359327,ENSTNIP00000009189_Tnig/1-474:0.238746):0.692089):0.0864351,ENSPMAP00000001878_Pmar/1-480:0.73577);


2016-07-22 03:00:58,850 - INFO - Using 1 CPUs for the remaining computations.

2016-07-22 03:00:58,850 - INFO - Successful completion of phydms
