2016-07-21 22:21:12,116 - INFO - Beginning execution of phydms in directory /home/jbloom/SUMO_and_UBE2I_ExpCM

2016-07-21 22:21:12,116 - INFO - Progress is being logged to ./phydms_results//UBE2I_identity-ge-0.85_randomized_ExpCM_UBE2I_no-cons_untransformed_prefs.log

2016-07-21 22:21:12,116 - INFO - Version information:
	Time and date: Thu Jul 21 22:21:12 2016
	Platform: Linux-3.13.0-68-generic-x86_64-with-Ubuntu-14.04-trusty
	Python version: 2.7.6 (default, Jun 22 2015, 17:58:13)  [GCC 4.8.2]
	phydms version: 1.2.dev4
	Bio version: 1.67
	cython version: 0.24.1
	dms_tools version: 1.1.16
	scipy version: 0.17.1
	matplotlib version: 1.5.1

2016-07-21 22:21:12,116 - INFO - Parsed the following command-line arguments:
	randprefs = True
	tree = ./phydms_results//UBE2I_identity-ge-0.85_YNGKP_M0_tree.newick
	ncpus = 1
	avgprefs = False
	seed = 1
	ncats = 6
	outprefix = ./phydms_results//UBE2I_identity-ge-0.85_randomized_ExpCM_UBE2I_no-cons_untransformed_prefs
	alignment = ./alignments/UBE2I_alignment_protidentity_ge_0.85.fasta
	stringencybysite = False
	recursion = S
	no_optimize = False
	fitF3X4 = False
	gammarates = False
	debugsite = None
	useLog = False
	diffprefsprior = invquad
	diffprefsbysite = False
	diffprefconc = [150, 0.5]
	infertopology = False
	omegabysite_fixsyn = False
	addrateparameter = False
	omegabysite = False
	fixbrlen = False
	dateseqs = None
	model = ('ExpCM', './prefs//UBE2I_no-cons_untransformed_prefs.txt')
	minbrlen = 1e-06

2016-07-21 22:21:12,117 - INFO - Seeding random number generator with 1

2016-07-21 22:21:12,117 - INFO - Reading alignment from ./alignments/UBE2I_alignment_protidentity_ge_0.85.fasta
2016-07-21 22:21:12,160 - INFO - Read 20 aligned codon sequences from ./alignments/UBE2I_alignment_protidentity_ge_0.85.fasta. Each sequence consists of 158 codons.

2016-07-21 22:21:12,160 - INFO - There will be a single constant substitution rates.

2016-07-21 22:21:12,160 - INFO - The codon substitution model will be experimentally informed by the site-specific amino-acid preferences in ./prefs//UBE2I_no-cons_untransformed_prefs.txt
2016-07-21 22:21:12,163 - INFO - Successfully read site-specific amino-acid preferences for all 158 sites.

2016-07-21 22:21:12,164 - INFO - Now randomizing these amino-acid preferences among sites.

2016-07-21 22:21:12,164 - INFO - Reading tree from ./phydms_results//UBE2I_identity-ge-0.85_YNGKP_M0_tree.newick
2016-07-21 22:21:12,164 - INFO - This tree has 20 tips nodes, matching the sequences in alignment.
2016-07-21 22:21:12,165 - INFO - Adjusting all branch lengths to >= 1e-06.

2016-07-21 22:21:12,166 - INFO - Creating Bio++ object to optimize likelihood...
2016-07-21 22:21:23,715 - INFO - Created Bio++ object to optimize likelihood for the 158 codon sites of the 20 sequences.

2016-07-21 22:21:23,718 - INFO - The initial log likelihood is -6443.43; now optimizing by maximum likelihood...
2016-07-22 03:47:44,013 - INFO - Completed optimizing by maximum likelihood.
2016-07-22 03:47:53,297 - INFO - Here is the optimized log likelihood (also being written to ./phydms_results//UBE2I_identity-ge-0.85_randomized_ExpCM_UBE2I_no-cons_untransformed_prefs_loglikelihood.txt): -4297.34.
2016-07-22 03:47:53,301 - INFO - Here are the optimized model parameters (also being written to ./phydms_results//UBE2I_identity-ge-0.85_randomized_ExpCM_UBE2I_no-cons_untransformed_prefs_modelparams.txt):
	123_Full.theta = 0.549717
	123_Full.theta1 = 0.550292
	123_Full.theta2 = 0.481705
	123_K80.kappa = 1.927151
	omega = 0.038365
	stringencyparameter = 0.102729
2016-07-22 03:47:53,304 - INFO - Here is the optimized tree (also being written to ./phydms_results//UBE2I_identity-ge-0.85_randomized_ExpCM_UBE2I_no-cons_untransformed_prefs_tree.newick):
((((ENSTRUP00000040080_Trub/1-474:0.24084,ENSXMAP00000018877_Xmac/1-474:0.202568):0.24482,((ENSDARP00000011487_Drer/1-474:0.305388,ENSAMXP00000012324_Amex/1-474:1.43977):0.022664,(((ENSPMAP00000001734_Pmar/1-474:0.261274,FBpp0301731_Dmel/1-477:2.04303):0.449308,(ENSORLP00000016945_Olat/1-474:0.328985,ENSTNIP00000009189_Tnig/1-474:0.266257):0.543388):0.109027,ENSPMAP00000001878_Pmar/1-480:0.734396):0.177101):0.234911):0.0911102,ENSDARP00000052745_Drer/1-471:0.608093):0.143749,(ENSSHAP00000008109_Shar/1-480:0.518356,(ENSRNOP00000075659_Rnor/1-453:0.208497,(ENSOCUP00000026696_Ocun/1-438:0.450498,((((ENSDORP00000008283_Dord/1-411:0.234906,ENSVPAP00000011684_Vpac/1-531:0.261414):0.049799,(ENSETEP00000008809_Etel/1-414:0.291409,ENSPCAP00000007578_Pcap/1-537:0.254323):0.358263):0.18423,ENSMMUP00000004874_Mmul/1-549:0.128672):0.320724,ENSP00000348056_Hsap/1-474:1.02191e-06):0.130187):0.123543):0.0727111):0.148776,ENSLACP00000008754_Lcha/1-474:0.466718);


2016-07-22 03:47:53,387 - INFO - Using 1 CPUs for the remaining computations.

2016-07-22 03:47:53,387 - INFO - Successful completion of phydms
