2016-07-21 22:21:17,704 - INFO - Beginning execution of phydms in directory /home/jbloom/SUMO_and_UBE2I_ExpCM

2016-07-21 22:21:17,704 - INFO - Progress is being logged to ./phydms_results//UBE2I_identity-ge-0.75_randomized_ExpCM_UBE2I_with-cons_max-scores-at-1_prefs.log

2016-07-21 22:21:17,704 - INFO - Version information:
	Time and date: Thu Jul 21 22:21:17 2016
	Platform: Linux-3.13.0-68-generic-x86_64-with-Ubuntu-14.04-trusty
	Python version: 2.7.6 (default, Jun 22 2015, 17:58:13)  [GCC 4.8.2]
	phydms version: 1.2.dev4
	Bio version: 1.67
	cython version: 0.24.1
	dms_tools version: 1.1.16
	scipy version: 0.17.1
	matplotlib version: 1.5.1

2016-07-21 22:21:17,704 - INFO - Parsed the following command-line arguments:
	randprefs = True
	tree = ./phydms_results//UBE2I_identity-ge-0.75_YNGKP_M0_tree.newick
	ncpus = 1
	avgprefs = False
	seed = 1
	ncats = 6
	outprefix = ./phydms_results//UBE2I_identity-ge-0.75_randomized_ExpCM_UBE2I_with-cons_max-scores-at-1_prefs
	alignment = ./alignments/UBE2I_alignment_protidentity_ge_0.75.fasta
	stringencybysite = False
	recursion = S
	no_optimize = False
	fitF3X4 = False
	gammarates = False
	debugsite = None
	useLog = False
	diffprefsprior = invquad
	diffprefsbysite = False
	diffprefconc = [150, 0.5]
	infertopology = False
	omegabysite_fixsyn = False
	addrateparameter = False
	omegabysite = False
	fixbrlen = False
	dateseqs = None
	model = ('ExpCM', './prefs//UBE2I_with-cons_max-scores-at-1_prefs.txt')
	minbrlen = 1e-06

2016-07-21 22:21:17,704 - INFO - Seeding random number generator with 1

2016-07-21 22:21:17,704 - INFO - Reading alignment from ./alignments/UBE2I_alignment_protidentity_ge_0.75.fasta
2016-07-21 22:21:17,759 - INFO - Read 24 aligned codon sequences from ./alignments/UBE2I_alignment_protidentity_ge_0.75.fasta. Each sequence consists of 158 codons.

2016-07-21 22:21:17,759 - INFO - There will be a single constant substitution rates.

2016-07-21 22:21:17,759 - INFO - The codon substitution model will be experimentally informed by the site-specific amino-acid preferences in ./prefs//UBE2I_with-cons_max-scores-at-1_prefs.txt
2016-07-21 22:21:17,762 - INFO - Successfully read site-specific amino-acid preferences for all 158 sites.

2016-07-21 22:21:17,763 - INFO - Now randomizing these amino-acid preferences among sites.

2016-07-21 22:21:17,763 - INFO - Reading tree from ./phydms_results//UBE2I_identity-ge-0.75_YNGKP_M0_tree.newick
2016-07-21 22:21:17,763 - INFO - This tree has 24 tips nodes, matching the sequences in alignment.
2016-07-21 22:21:17,764 - INFO - Adjusting all branch lengths to >= 1e-06.

2016-07-21 22:21:17,765 - INFO - Creating Bio++ object to optimize likelihood...
2016-07-21 22:21:34,835 - INFO - Created Bio++ object to optimize likelihood for the 158 codon sites of the 24 sequences.

2016-07-21 22:21:34,836 - INFO - The initial log likelihood is -8198.84; now optimizing by maximum likelihood...
2016-07-22 00:36:33,178 - INFO - Completed optimizing by maximum likelihood.
2016-07-22 00:36:45,206 - INFO - Here is the optimized log likelihood (also being written to ./phydms_results//UBE2I_identity-ge-0.75_randomized_ExpCM_UBE2I_with-cons_max-scores-at-1_prefs_loglikelihood.txt): -5478.15.
2016-07-22 00:36:45,210 - INFO - Here are the optimized model parameters (also being written to ./phydms_results//UBE2I_identity-ge-0.75_randomized_ExpCM_UBE2I_with-cons_max-scores-at-1_prefs_modelparams.txt):
	123_Full.theta = 0.526578
	123_Full.theta1 = 0.568323
	123_Full.theta2 = 0.478275
	123_K80.kappa = 2.022704
	omega = 0.029302
	stringencyparameter = 0.997308
2016-07-22 00:36:45,214 - INFO - Here is the optimized tree (also being written to ./phydms_results//UBE2I_identity-ge-0.75_randomized_ExpCM_UBE2I_with-cons_max-scores-at-1_prefs_tree.newick):
((ENSPMAP00000001734_Pmar/1-474:0.561722,(((ENSCINP00000030799_Cint/1-489:0.390684,ENSCSAVP00000017431_Csav/1-480:0.610183):1.01904,F29B9.6_Cele/1-498:2.49753):0.643112,FBpp0301731_Dmel/1-477:1.53521):0.68901):0.0353348,((((ENSAMXP00000003057_Amex/1-405:0.285362,ENSDARP00000052745_Drer/1-471:0.278991):0.400786,((ENSTRUP00000040080_Trub/1-474:0.224057,ENSXMAP00000018877_Xmac/1-474:0.198228):0.244478,(ENSAMXP00000012324_Amex/1-474:1.50755,ENSDARP00000011487_Drer/1-474:0.256269):0.239504):0.0851694):0.0466352,(ENSLACP00000008754_Lcha/1-474:0.5034,(((ENSOCUP00000026696_Ocun/1-438:0.39146,((((ENSDORP00000008283_Dord/1-411:0.219331,ENSVPAP00000011684_Vpac/1-531:0.250118):0.0478046,(ENSETEP00000008809_Etel/1-414:0.266903,ENSPCAP00000007578_Pcap/1-537:0.239478):0.334369):0.181247,ENSMMUP00000004874_Mmul/1-549:0.121554):0.306744,ENSP00000348056_Hsap/1-474:1e-06):0.152472):0.106277,ENSSHAP00000008109_Shar/1-480:0.610024):0.00500468,ENSRNOP00000075659_Rnor/1-453:0.1714):0.203149):0.059422):0.23861,(ENSORLP00000016945_Olat/1-474:0.332014,ENSTNIP00000009189_Tnig/1-474:0.234406):0.58757):0.0760245,ENSPMAP00000001878_Pmar/1-480:0.677817);


2016-07-22 00:36:45,299 - INFO - Using 1 CPUs for the remaining computations.

2016-07-22 00:36:45,299 - INFO - Successful completion of phydms
