2016-07-21 22:21:24,776 - INFO - Beginning execution of phydms in directory /home/jbloom/SUMO_and_UBE2I_ExpCM

2016-07-21 22:21:24,777 - INFO - Progress is being logged to ./phydms_results//UBE2I_identity-ge-0.75_ExpCM_UBE2I_with-cons_max-scores-at-1_prefs.log

2016-07-21 22:21:24,777 - INFO - Version information:
	Time and date: Thu Jul 21 22:21:24 2016
	Platform: Linux-3.13.0-68-generic-x86_64-with-Ubuntu-14.04-trusty
	Python version: 2.7.6 (default, Jun 22 2015, 17:58:13)  [GCC 4.8.2]
	phydms version: 1.2.dev4
	Bio version: 1.67
	cython version: 0.24.1
	dms_tools version: 1.1.16
	scipy version: 0.17.1
	matplotlib version: 1.5.1

2016-07-21 22:21:24,777 - INFO - Parsed the following command-line arguments:
	randprefs = False
	tree = ./phydms_results//UBE2I_identity-ge-0.75_YNGKP_M0_tree.newick
	ncpus = 1
	avgprefs = False
	seed = 1
	ncats = 6
	outprefix = ./phydms_results//UBE2I_identity-ge-0.75_ExpCM_UBE2I_with-cons_max-scores-at-1_prefs
	alignment = ./alignments/UBE2I_alignment_protidentity_ge_0.75.fasta
	stringencybysite = False
	recursion = S
	no_optimize = False
	fitF3X4 = False
	gammarates = False
	debugsite = None
	useLog = False
	diffprefsprior = invquad
	diffprefsbysite = False
	diffprefconc = [150, 0.5]
	infertopology = False
	omegabysite_fixsyn = False
	addrateparameter = False
	omegabysite = False
	fixbrlen = False
	dateseqs = None
	model = ('ExpCM', './prefs//UBE2I_with-cons_max-scores-at-1_prefs.txt')
	minbrlen = 1e-06

2016-07-21 22:21:24,777 - INFO - Seeding random number generator with 1

2016-07-21 22:21:24,777 - INFO - Reading alignment from ./alignments/UBE2I_alignment_protidentity_ge_0.75.fasta
2016-07-21 22:21:24,835 - INFO - Read 24 aligned codon sequences from ./alignments/UBE2I_alignment_protidentity_ge_0.75.fasta. Each sequence consists of 158 codons.

2016-07-21 22:21:24,835 - INFO - There will be a single constant substitution rates.

2016-07-21 22:21:24,835 - INFO - The codon substitution model will be experimentally informed by the site-specific amino-acid preferences in ./prefs//UBE2I_with-cons_max-scores-at-1_prefs.txt
2016-07-21 22:21:24,838 - INFO - Successfully read site-specific amino-acid preferences for all 158 sites.

2016-07-21 22:21:24,839 - INFO - Reading tree from ./phydms_results//UBE2I_identity-ge-0.75_YNGKP_M0_tree.newick
2016-07-21 22:21:24,839 - INFO - This tree has 24 tips nodes, matching the sequences in alignment.
2016-07-21 22:21:24,840 - INFO - Adjusting all branch lengths to >= 1e-06.

2016-07-21 22:21:24,841 - INFO - Creating Bio++ object to optimize likelihood...
2016-07-21 22:21:41,809 - INFO - Created Bio++ object to optimize likelihood for the 158 codon sites of the 24 sequences.

2016-07-21 22:21:41,811 - INFO - The initial log likelihood is -6301.88; now optimizing by maximum likelihood...
2016-07-22 02:41:11,187 - INFO - Completed optimizing by maximum likelihood.
2016-07-22 02:41:22,619 - INFO - Here is the optimized log likelihood (also being written to ./phydms_results//UBE2I_identity-ge-0.75_ExpCM_UBE2I_with-cons_max-scores-at-1_prefs_loglikelihood.txt): -5074.65.
2016-07-22 02:41:22,638 - INFO - Here are the optimized model parameters (also being written to ./phydms_results//UBE2I_identity-ge-0.75_ExpCM_UBE2I_with-cons_max-scores-at-1_prefs_modelparams.txt):
	123_Full.theta = 0.521459
	123_Full.theta1 = 0.572520
	123_Full.theta2 = 0.482506
	123_K80.kappa = 1.874333
	omega = 0.058567
	stringencyparameter = 1.592133
2016-07-22 02:41:22,660 - INFO - Here is the optimized tree (also being written to ./phydms_results//UBE2I_identity-ge-0.75_ExpCM_UBE2I_with-cons_max-scores-at-1_prefs_tree.newick):
((ENSPMAP00000001734_Pmar/1-474:0.645529,(((ENSCINP00000030799_Cint/1-489:0.355109,ENSCSAVP00000017431_Csav/1-480:0.711686):1.18705,F29B9.6_Cele/1-498:3.03537):0.706928,FBpp0301731_Dmel/1-477:1.84648):0.818982):1e-06,((((ENSAMXP00000003057_Amex/1-405:0.312881,ENSDARP00000052745_Drer/1-471:0.293029):0.432126,((ENSTRUP00000040080_Trub/1-474:0.246878,ENSXMAP00000018877_Xmac/1-474:0.20338):0.251682,(ENSAMXP00000012324_Amex/1-474:1.73252,ENSDARP00000011487_Drer/1-474:0.211384):0.344386):0.0945228):0.0505276,(ENSLACP00000008754_Lcha/1-474:0.555323,(((ENSOCUP00000026696_Ocun/1-438:0.417824,((((ENSDORP00000008283_Dord/1-411:0.240892,ENSVPAP00000011684_Vpac/1-531:0.265011):0.0542577,(ENSETEP00000008809_Etel/1-414:0.295599,ENSPCAP00000007578_Pcap/1-537:0.244594):0.340637):0.181857,ENSMMUP00000004874_Mmul/1-549:0.108224):0.346771,ENSP00000348056_Hsap/1-474:1e-06):0.178388):0.0797102,ENSSHAP00000008109_Shar/1-480:0.670344):0.0196588,ENSRNOP00000075659_Rnor/1-453:0.190008):0.220521):0.0802791):0.202882,(ENSORLP00000016945_Olat/1-474:0.365822,ENSTNIP00000009189_Tnig/1-474:0.237775):0.690358):0.0829394,ENSPMAP00000001878_Pmar/1-480:0.734818);


2016-07-22 02:41:22,721 - INFO - Using 1 CPUs for the remaining computations.

2016-07-22 02:41:22,721 - INFO - Successful completion of phydms
