2016-07-21 22:21:11,234 - INFO - Beginning execution of phydms in directory /home/jbloom/SUMO_and_UBE2I_ExpCM

2016-07-21 22:21:11,234 - INFO - Progress is being logged to ./phydms_results//UBE2I_identity-ge-0.85_randomized_ExpCM_UBE2I_with-cons_max-scores-at-1_prefs.log

2016-07-21 22:21:11,234 - INFO - Version information:
	Time and date: Thu Jul 21 22:21:11 2016
	Platform: Linux-3.13.0-68-generic-x86_64-with-Ubuntu-14.04-trusty
	Python version: 2.7.6 (default, Jun 22 2015, 17:58:13)  [GCC 4.8.2]
	phydms version: 1.2.dev4
	Bio version: 1.67
	cython version: 0.24.1
	dms_tools version: 1.1.16
	scipy version: 0.17.1
	matplotlib version: 1.5.1

2016-07-21 22:21:11,234 - INFO - Parsed the following command-line arguments:
	randprefs = True
	tree = ./phydms_results//UBE2I_identity-ge-0.85_YNGKP_M0_tree.newick
	ncpus = 1
	avgprefs = False
	seed = 1
	ncats = 6
	outprefix = ./phydms_results//UBE2I_identity-ge-0.85_randomized_ExpCM_UBE2I_with-cons_max-scores-at-1_prefs
	alignment = ./alignments/UBE2I_alignment_protidentity_ge_0.85.fasta
	stringencybysite = False
	recursion = S
	no_optimize = False
	fitF3X4 = False
	gammarates = False
	debugsite = None
	useLog = False
	diffprefsprior = invquad
	diffprefsbysite = False
	diffprefconc = [150, 0.5]
	infertopology = False
	omegabysite_fixsyn = False
	addrateparameter = False
	omegabysite = False
	fixbrlen = False
	dateseqs = None
	model = ('ExpCM', './prefs//UBE2I_with-cons_max-scores-at-1_prefs.txt')
	minbrlen = 1e-06

2016-07-21 22:21:11,234 - INFO - Seeding random number generator with 1

2016-07-21 22:21:11,234 - INFO - Reading alignment from ./alignments/UBE2I_alignment_protidentity_ge_0.85.fasta
2016-07-21 22:21:11,280 - INFO - Read 20 aligned codon sequences from ./alignments/UBE2I_alignment_protidentity_ge_0.85.fasta. Each sequence consists of 158 codons.

2016-07-21 22:21:11,280 - INFO - There will be a single constant substitution rates.

2016-07-21 22:21:11,280 - INFO - The codon substitution model will be experimentally informed by the site-specific amino-acid preferences in ./prefs//UBE2I_with-cons_max-scores-at-1_prefs.txt
2016-07-21 22:21:11,285 - INFO - Successfully read site-specific amino-acid preferences for all 158 sites.

2016-07-21 22:21:11,285 - INFO - Now randomizing these amino-acid preferences among sites.

2016-07-21 22:21:11,285 - INFO - Reading tree from ./phydms_results//UBE2I_identity-ge-0.85_YNGKP_M0_tree.newick
2016-07-21 22:21:11,286 - INFO - This tree has 20 tips nodes, matching the sequences in alignment.
2016-07-21 22:21:11,287 - INFO - Adjusting all branch lengths to >= 1e-06.

2016-07-21 22:21:11,287 - INFO - Creating Bio++ object to optimize likelihood...
2016-07-21 22:21:25,921 - INFO - Created Bio++ object to optimize likelihood for the 158 codon sites of the 20 sequences.

2016-07-21 22:21:25,922 - INFO - The initial log likelihood is -6303.7; now optimizing by maximum likelihood...
2016-07-22 06:05:47,478 - INFO - Completed optimizing by maximum likelihood.
2016-07-22 06:05:57,064 - INFO - Here is the optimized log likelihood (also being written to ./phydms_results//UBE2I_identity-ge-0.85_randomized_ExpCM_UBE2I_with-cons_max-scores-at-1_prefs_loglikelihood.txt): -4296.78.
2016-07-22 06:05:57,068 - INFO - Here are the optimized model parameters (also being written to ./phydms_results//UBE2I_identity-ge-0.85_randomized_ExpCM_UBE2I_with-cons_max-scores-at-1_prefs_modelparams.txt):
	123_Full.theta = 0.551282
	123_Full.theta1 = 0.548910
	123_Full.theta2 = 0.483649
	123_K80.kappa = 1.926491
	omega = 0.037872
	stringencyparameter = 0.100000
2016-07-22 06:05:57,072 - INFO - Here is the optimized tree (also being written to ./phydms_results//UBE2I_identity-ge-0.85_randomized_ExpCM_UBE2I_with-cons_max-scores-at-1_prefs_tree.newick):
((((ENSTRUP00000040080_Trub/1-474:0.240933,ENSXMAP00000018877_Xmac/1-474:0.202964):0.247441,((ENSDARP00000011487_Drer/1-474:0.330347,ENSAMXP00000012324_Amex/1-474:1.44212):1e-06,(((ENSPMAP00000001734_Pmar/1-474:0.230478,FBpp0301731_Dmel/1-477:2.06249):0.495607,(ENSORLP00000016945_Olat/1-474:0.32381,ENSTNIP00000009189_Tnig/1-474:0.272638):0.546694):0.108301,ENSPMAP00000001878_Pmar/1-480:0.743359):0.174447):0.236667):0.090505,ENSDARP00000052745_Drer/1-471:0.610872):0.143114,(ENSSHAP00000008109_Shar/1-480:0.517805,(ENSRNOP00000075659_Rnor/1-453:0.208562,(ENSOCUP00000026696_Ocun/1-438:0.450884,((((ENSDORP00000008283_Dord/1-411:0.234947,ENSVPAP00000011684_Vpac/1-531:0.262838):0.0491108,(ENSETEP00000008809_Etel/1-414:0.291766,ENSPCAP00000007578_Pcap/1-537:0.25496):0.358615):0.185856,ENSMMUP00000004874_Mmul/1-549:0.128483):0.32016,ENSP00000348056_Hsap/1-474:1e-06):0.130974):0.122662):0.0736165):0.148203,ENSLACP00000008754_Lcha/1-474:0.466951);


2016-07-22 06:05:57,148 - INFO - Using 1 CPUs for the remaining computations.

2016-07-22 06:05:57,148 - INFO - Successful completion of phydms
