2016-07-21 22:21:19,751 - INFO - Beginning execution of phydms in directory /home/jbloom/SUMO_and_UBE2I_ExpCM

2016-07-21 22:21:19,751 - INFO - Progress is being logged to ./phydms_results//UBE2I_identity-ge-0.75_randomized_ExpCM_UBE2I_with-cons_penalize-scores-gt1_prefs.log

2016-07-21 22:21:19,751 - INFO - Version information:
	Time and date: Thu Jul 21 22:21:19 2016
	Platform: Linux-3.13.0-68-generic-x86_64-with-Ubuntu-14.04-trusty
	Python version: 2.7.6 (default, Jun 22 2015, 17:58:13)  [GCC 4.8.2]
	phydms version: 1.2.dev4
	Bio version: 1.67
	cython version: 0.24.1
	dms_tools version: 1.1.16
	scipy version: 0.17.1
	matplotlib version: 1.5.1

2016-07-21 22:21:19,751 - INFO - Parsed the following command-line arguments:
	randprefs = True
	tree = ./phydms_results//UBE2I_identity-ge-0.75_YNGKP_M0_tree.newick
	ncpus = 1
	avgprefs = False
	seed = 1
	ncats = 6
	outprefix = ./phydms_results//UBE2I_identity-ge-0.75_randomized_ExpCM_UBE2I_with-cons_penalize-scores-gt1_prefs
	alignment = ./alignments/UBE2I_alignment_protidentity_ge_0.75.fasta
	stringencybysite = False
	recursion = S
	no_optimize = False
	fitF3X4 = False
	gammarates = False
	debugsite = None
	useLog = False
	diffprefsprior = invquad
	diffprefsbysite = False
	diffprefconc = [150, 0.5]
	infertopology = False
	omegabysite_fixsyn = False
	addrateparameter = False
	omegabysite = False
	fixbrlen = False
	dateseqs = None
	model = ('ExpCM', './prefs//UBE2I_with-cons_penalize-scores-gt1_prefs.txt')
	minbrlen = 1e-06

2016-07-21 22:21:19,751 - INFO - Seeding random number generator with 1

2016-07-21 22:21:19,751 - INFO - Reading alignment from ./alignments/UBE2I_alignment_protidentity_ge_0.75.fasta
2016-07-21 22:21:19,810 - INFO - Read 24 aligned codon sequences from ./alignments/UBE2I_alignment_protidentity_ge_0.75.fasta. Each sequence consists of 158 codons.

2016-07-21 22:21:19,810 - INFO - There will be a single constant substitution rates.

2016-07-21 22:21:19,810 - INFO - The codon substitution model will be experimentally informed by the site-specific amino-acid preferences in ./prefs//UBE2I_with-cons_penalize-scores-gt1_prefs.txt
2016-07-21 22:21:19,814 - INFO - Successfully read site-specific amino-acid preferences for all 158 sites.

2016-07-21 22:21:19,814 - INFO - Now randomizing these amino-acid preferences among sites.

2016-07-21 22:21:19,814 - INFO - Reading tree from ./phydms_results//UBE2I_identity-ge-0.75_YNGKP_M0_tree.newick
2016-07-21 22:21:19,815 - INFO - This tree has 24 tips nodes, matching the sequences in alignment.
2016-07-21 22:21:19,816 - INFO - Adjusting all branch lengths to >= 1e-06.

2016-07-21 22:21:19,817 - INFO - Creating Bio++ object to optimize likelihood...
2016-07-21 22:21:33,217 - INFO - Created Bio++ object to optimize likelihood for the 158 codon sites of the 24 sequences.

2016-07-21 22:21:33,219 - INFO - The initial log likelihood is -8168.5; now optimizing by maximum likelihood...
2016-07-22 09:02:26,681 - INFO - Completed optimizing by maximum likelihood.
2016-07-22 09:02:36,881 - INFO - Here is the optimized log likelihood (also being written to ./phydms_results//UBE2I_identity-ge-0.75_randomized_ExpCM_UBE2I_with-cons_penalize-scores-gt1_prefs_loglikelihood.txt): -5286.83.
2016-07-22 09:02:36,902 - INFO - Here are the optimized model parameters (also being written to ./phydms_results//UBE2I_identity-ge-0.75_randomized_ExpCM_UBE2I_with-cons_penalize-scores-gt1_prefs_modelparams.txt):
	123_Full.theta = 0.524556
	123_Full.theta1 = 0.558620
	123_Full.theta2 = 0.481383
	123_K80.kappa = 1.920445
	omega = 0.033743
	stringencyparameter = 0.100000
2016-07-22 09:02:36,906 - INFO - Here is the optimized tree (also being written to ./phydms_results//UBE2I_identity-ge-0.75_randomized_ExpCM_UBE2I_with-cons_penalize-scores-gt1_prefs_tree.newick):
((ENSPMAP00000001734_Pmar/1-474:0.645746,(((ENSCINP00000030799_Cint/1-489:0.376578,ENSCSAVP00000017431_Csav/1-480:0.680047):1.19103,F29B9.6_Cele/1-498:2.88547):0.687284,FBpp0301731_Dmel/1-477:1.79091):0.776614):1e-06,((((ENSAMXP00000003057_Amex/1-405:0.31845,ENSDARP00000052745_Drer/1-471:0.280769):0.417349,((ENSTRUP00000040080_Trub/1-474:0.241481,ENSXMAP00000018877_Xmac/1-474:0.204118):0.244006,(ENSAMXP00000012324_Amex/1-474:1.68406,ENSDARP00000011487_Drer/1-474:0.202355):0.354407):0.0977472):0.0529122,(ENSLACP00000008754_Lcha/1-474:0.533134,(((ENSOCUP00000026696_Ocun/1-438:0.416021,((((ENSDORP00000008283_Dord/1-411:0.233791,ENSVPAP00000011684_Vpac/1-531:0.263859):0.0456383,(ENSETEP00000008809_Etel/1-414:0.282215,ENSPCAP00000007578_Pcap/1-537:0.25275):0.356091):0.186018,ENSMMUP00000004874_Mmul/1-549:0.128958):0.320579,ENSP00000348056_Hsap/1-474:1e-06):0.158585):0.110142,ENSSHAP00000008109_Shar/1-480:0.637028):0.00804323,ENSRNOP00000075659_Rnor/1-453:0.189192):0.220622):0.0740756):0.226136,(ENSORLP00000016945_Olat/1-474:0.349616,ENSTNIP00000009189_Tnig/1-474:0.242964):0.657175):0.0801757,ENSPMAP00000001878_Pmar/1-480:0.718291);


2016-07-22 09:02:37,003 - INFO - Using 1 CPUs for the remaining computations.

2016-07-22 09:02:37,003 - INFO - Successful completion of phydms
