2016-07-21 22:21:15,668 - INFO - Beginning execution of phydms in directory /home/jbloom/SUMO_and_UBE2I_ExpCM

2016-07-21 22:21:15,668 - INFO - Progress is being logged to ./phydms_results//UBE2I_identity-ge-0.75_ExpCM_UBE2I_with-cons_untransformed_prefs.log

2016-07-21 22:21:15,668 - INFO - Version information:
	Time and date: Thu Jul 21 22:21:15 2016
	Platform: Linux-3.13.0-68-generic-x86_64-with-Ubuntu-14.04-trusty
	Python version: 2.7.6 (default, Jun 22 2015, 17:58:13)  [GCC 4.8.2]
	phydms version: 1.2.dev4
	Bio version: 1.67
	cython version: 0.24.1
	dms_tools version: 1.1.16
	scipy version: 0.17.1
	matplotlib version: 1.5.1

2016-07-21 22:21:15,668 - INFO - Parsed the following command-line arguments:
	randprefs = False
	tree = ./phydms_results//UBE2I_identity-ge-0.75_YNGKP_M0_tree.newick
	ncpus = 1
	avgprefs = False
	seed = 1
	ncats = 6
	outprefix = ./phydms_results//UBE2I_identity-ge-0.75_ExpCM_UBE2I_with-cons_untransformed_prefs
	alignment = ./alignments/UBE2I_alignment_protidentity_ge_0.75.fasta
	stringencybysite = False
	recursion = S
	no_optimize = False
	fitF3X4 = False
	gammarates = False
	debugsite = None
	useLog = False
	diffprefsprior = invquad
	diffprefsbysite = False
	diffprefconc = [150, 0.5]
	infertopology = False
	omegabysite_fixsyn = False
	addrateparameter = False
	omegabysite = False
	fixbrlen = False
	dateseqs = None
	model = ('ExpCM', './prefs//UBE2I_with-cons_untransformed_prefs.txt')
	minbrlen = 1e-06

2016-07-21 22:21:15,669 - INFO - Seeding random number generator with 1

2016-07-21 22:21:15,669 - INFO - Reading alignment from ./alignments/UBE2I_alignment_protidentity_ge_0.75.fasta
2016-07-21 22:21:15,722 - INFO - Read 24 aligned codon sequences from ./alignments/UBE2I_alignment_protidentity_ge_0.75.fasta. Each sequence consists of 158 codons.

2016-07-21 22:21:15,722 - INFO - There will be a single constant substitution rates.

2016-07-21 22:21:15,722 - INFO - The codon substitution model will be experimentally informed by the site-specific amino-acid preferences in ./prefs//UBE2I_with-cons_untransformed_prefs.txt
2016-07-21 22:21:15,726 - INFO - Successfully read site-specific amino-acid preferences for all 158 sites.

2016-07-21 22:21:15,726 - INFO - Reading tree from ./phydms_results//UBE2I_identity-ge-0.75_YNGKP_M0_tree.newick
2016-07-21 22:21:15,727 - INFO - This tree has 24 tips nodes, matching the sequences in alignment.
2016-07-21 22:21:15,727 - INFO - Adjusting all branch lengths to >= 1e-06.

2016-07-21 22:21:15,728 - INFO - Creating Bio++ object to optimize likelihood...
2016-07-21 22:21:29,234 - INFO - Created Bio++ object to optimize likelihood for the 158 codon sites of the 24 sequences.

2016-07-21 22:21:29,235 - INFO - The initial log likelihood is -6394.76; now optimizing by maximum likelihood...
2016-07-22 02:34:43,106 - INFO - Completed optimizing by maximum likelihood.
2016-07-22 02:34:53,745 - INFO - Here is the optimized log likelihood (also being written to ./phydms_results//UBE2I_identity-ge-0.75_ExpCM_UBE2I_with-cons_untransformed_prefs_loglikelihood.txt): -5109.22.
2016-07-22 02:34:53,748 - INFO - Here are the optimized model parameters (also being written to ./phydms_results//UBE2I_identity-ge-0.75_ExpCM_UBE2I_with-cons_untransformed_prefs_modelparams.txt):
	123_Full.theta = 0.522936
	123_Full.theta1 = 0.570423
	123_Full.theta2 = 0.480389
	123_K80.kappa = 1.880412
	omega = 0.050512
	stringencyparameter = 1.204178
2016-07-22 02:34:53,751 - INFO - Here is the optimized tree (also being written to ./phydms_results//UBE2I_identity-ge-0.75_ExpCM_UBE2I_with-cons_untransformed_prefs_tree.newick):
((ENSPMAP00000001734_Pmar/1-474:0.643374,(((ENSCINP00000030799_Cint/1-489:0.361386,ENSCSAVP00000017431_Csav/1-480:0.705386):1.20312,F29B9.6_Cele/1-498:3.05073):0.704042,FBpp0301731_Dmel/1-477:1.8745):0.818615):1e-06,((((ENSAMXP00000003057_Amex/1-405:0.311454,ENSDARP00000052745_Drer/1-471:0.289352):0.427528,((ENSTRUP00000040080_Trub/1-474:0.243583,ENSXMAP00000018877_Xmac/1-474:0.203152):0.251055,(ENSAMXP00000012324_Amex/1-474:1.73316,ENSDARP00000011487_Drer/1-474:0.211333):0.348228):0.0960068):0.050748,(ENSLACP00000008754_Lcha/1-474:0.546893,(((ENSOCUP00000026696_Ocun/1-438:0.420404,((((ENSDORP00000008283_Dord/1-411:0.238128,ENSVPAP00000011684_Vpac/1-531:0.264021):0.0533084,(ENSETEP00000008809_Etel/1-414:0.291384,ENSPCAP00000007578_Pcap/1-537:0.24677):0.344439):0.179607,ENSMMUP00000004874_Mmul/1-549:0.115376):0.338651,ENSP00000348056_Hsap/1-474:1e-06):0.16871):0.0892609,ENSSHAP00000008109_Shar/1-480:0.656722):0.0181752,ENSRNOP00000075659_Rnor/1-453:0.191716):0.222326):0.0790672):0.201063,(ENSORLP00000016945_Olat/1-474:0.359487,ENSTNIP00000009189_Tnig/1-474:0.239012):0.690796):0.08586,ENSPMAP00000001878_Pmar/1-480:0.73596);


2016-07-22 02:34:53,806 - INFO - Using 1 CPUs for the remaining computations.

2016-07-22 02:34:53,806 - INFO - Successful completion of phydms
